<?xml version="1.0" encoding="UTF-8"?>
<coverage generated="1751639726460" clover="3.2.0">
  <project timestamp="1751639726460" name="All files">
    <metrics statements="11546" coveredstatements="6442" conditionals="7885" coveredconditionals="3689" methods="3375" coveredmethods="1616" elements="22806" coveredelements="11747" complexity="0" loc="11546" ncloc="11546" packages="358" files="853" classes="853"/>
    <package name="components.ActionsDropdown">
      <metrics statements="38" coveredstatements="36" conditionals="32" coveredconditionals="29" methods="18" coveredmethods="17"/>
      <file name="ActionsDropdown.tsx" path="/Users/awar/Documents/Mobius/frontend/components/ActionsDropdown/ActionsDropdown.tsx">
        <metrics statements="38" coveredstatements="36" conditionals="32" coveredconditionals="29" methods="18" coveredmethods="17"/>
        <line num="18" count="3" type="stmt"/>
        <line num="31" count="3" type="stmt"/>
        <line num="32" count="156" type="cond" truecount="2" falsecount="0"/>
        <line num="35" count="3" type="stmt"/>
        <line num="36" count="89" type="cond" truecount="2" falsecount="1"/>
        <line num="38" count="81" type="stmt"/>
        <line num="40" count="0" type="stmt"/>
        <line num="42" count="8" type="stmt"/>
        <line num="46" count="3" type="stmt"/>
        <line num="47" count="89" type="cond" truecount="2" falsecount="0"/>
        <line num="49" count="81" type="stmt"/>
        <line num="51" count="8" type="stmt"/>
        <line num="55" count="3" type="stmt"/>
        <line num="58" count="136" type="stmt"/>
        <line num="62" count="136" type="cond" truecount="4" falsecount="0"/>
        <line num="66" count="136" type="stmt"/>
        <line num="77" count="3" type="stmt"/>
        <line num="78" count="156" type="stmt"/>
        <line num="81" count="156" type="stmt"/>
        <line num="94" count="156" type="stmt"/>
        <line num="107" count="3" type="stmt"/>
        <line num="117" count="45" type="stmt"/>
        <line num="119" count="45" type="stmt"/>
        <line num="120" count="1" type="cond" truecount="1" falsecount="1"/>
        <line num="121" count="1" type="stmt"/>
        <line num="125" count="45" type="stmt"/>
        <line num="126" count="136" type="stmt"/>
        <line num="157" count="136" type="stmt"/>
        <line num="167" count="136" type="stmt"/>
        <line num="175" count="89" type="stmt"/>
        <line num="189" count="89" type="stmt"/>
        <line num="194" count="136" type="stmt"/>
        <line num="198" count="156" type="stmt"/>
        <line num="222" count="45" type="stmt"/>
        <line num="233" count="136" type="stmt"/>
        <line num="235" count="0" type="stmt"/>
        <line num="239" count="774" type="stmt"/>
        <line num="243" count="954" type="stmt"/>
      </file>
      <file name="index.ts" path="/Users/awar/Documents/Mobius/frontend/components/ActionsDropdown/index.ts">
        <metrics statements="0" coveredstatements="0" conditionals="0" coveredconditionals="0" methods="0" coveredmethods="0"/>
      </file>
    </package>
    <package name="components.ActivityDetails.InstallDetails">
      <metrics statements="7" coveredstatements="4" conditionals="4" coveredconditionals="0" methods="1" coveredmethods="0"/>
      <file name="constants.ts" path="/Users/awar/Documents/Mobius/frontend/components/ActivityDetails/InstallDetails/constants.ts">
        <metrics statements="7" coveredstatements="4" conditionals="4" coveredconditionals="0" methods="1" coveredmethods="0"/>
        <line num="7" count="3" type="stmt"/>
        <line num="19" count="3" type="stmt"/>
        <line num="28" count="3" type="stmt"/>
        <line num="31" count="0" type="cond" truecount="0" falsecount="2"/>
        <line num="32" count="0" type="stmt"/>
        <line num="34" count="0" type="stmt"/>
        <line num="41" count="3" type="stmt"/>
      </file>
    </package>
    <package name="components.ActivityDetails.InstallDetails.AppInstallDetails">
      <metrics statements="30" coveredstatements="3" conditionals="38" coveredconditionals="0" methods="4" coveredmethods="0"/>
      <file name="AppInstallDetails.tsx" path="/Users/awar/Documents/Mobius/frontend/components/ActivityDetails/InstallDetails/AppInstallDetails/AppInstallDetails.tsx">
        <metrics statements="30" coveredstatements="3" conditionals="38" coveredconditionals="0" methods="4" coveredmethods="0"/>
        <line num="27" count="3" type="stmt"/>
        <line num="41" count="3" type="stmt"/>
        <line num="48" count="0" type="stmt"/>
        <line num="54" count="0" type="cond" truecount="0" falsecount="2"/>
        <line num="57" count="0" type="stmt"/>
        <line num="58" count="0" type="cond" truecount="0" falsecount="2"/>
        <line num="62" count="0" type="stmt"/>
        <line num="64" count="0" type="stmt"/>
        <line num="77" count="0" type="cond" truecount="0" falsecount="2"/>
        <line num="78" count="0" type="stmt"/>
        <line num="81" count="0" type="cond" truecount="0" falsecount="2"/>
        <line num="82" count="0" type="cond" truecount="0" falsecount="2"/>
        <line num="83" count="0" type="cond" truecount="0" falsecount="2"/>
        <line num="93" count="0" type="cond" truecount="0" falsecount="2"/>
        <line num="94" count="0" type="cond" truecount="0" falsecount="2"/>
        <line num="100" count="0" type="cond" truecount="0" falsecount="2"/>
        <line num="106" count="0" type="cond" truecount="0" falsecount="2"/>
        <line num="107" count="0" type="stmt"/>
        <line num="114" count="0" type="stmt"/>
        <line num="117" count="0" type="cond" truecount="0" falsecount="2"/>
        <line num="118" count="0" type="stmt"/>
        <line num="119" count="0" type="stmt"/>
        <line num="122" count="0" type="stmt"/>
        <line num="123" count="0" type="cond" truecount="0" falsecount="2"/>
        <line num="126" count="0" type="cond" truecount="0" falsecount="2"/>
        <line num="132" count="0" type="stmt"/>
        <line num="134" count="0" type="cond" truecount="0" falsecount="3"/>
        <line num="136" count="0" type="stmt"/>
        <line num="164" count="3" type="stmt"/>
        <line num="173" count="0" type="stmt"/>
      </file>
      <file name="index.ts" path="/Users/awar/Documents/Mobius/frontend/components/ActivityDetails/InstallDetails/AppInstallDetails/index.ts">
        <metrics statements="0" coveredstatements="0" conditionals="0" coveredconditionals="0" methods="0" coveredmethods="0"/>
      </file>
    </package>
    <package name="components.ActivityDetails.InstallDetails.SoftwareInstallDetails">
      <metrics statements="25" coveredstatements="5" conditionals="44" coveredconditionals="0" methods="7" coveredmethods="0"/>
      <file name="SoftwareInstallDetails.tsx" path="/Users/awar/Documents/Mobius/frontend/components/ActivityDetails/InstallDetails/SoftwareInstallDetails/SoftwareInstallDetails.tsx">
        <metrics statements="25" coveredstatements="5" conditionals="44" coveredconditionals="0" methods="7" coveredmethods="0"/>
        <line num="30" count="3" type="stmt"/>
        <line num="40" count="3" type="stmt"/>
        <line num="52" count="0" type="cond" truecount="0" falsecount="2"/>
        <line num="60" count="0" type="cond" truecount="0" falsecount="2"/>
        <line num="61" count="0" type="cond" truecount="0" falsecount="2"/>
        <line num="69" count="0" type="stmt"/>
        <line num="82" count="3" type="stmt"/>
        <line num="89" count="0" type="stmt"/>
        <line num="99" count="3" type="stmt"/>
        <line num="104" count="0" type="stmt"/>
        <line num="111" count="0" type="cond" truecount="0" falsecount="2"/>
        <line num="118" count="0" type="stmt"/>
        <line num="119" count="0" type="cond" truecount="0" falsecount="2"/>
        <line num="123" count="0" type="cond" truecount="0" falsecount="2"/>
        <line num="124" count="0" type="stmt"/>
        <line num="127" count="0" type="cond" truecount="0" falsecount="2"/>
        <line num="128" count="0" type="cond" truecount="0" falsecount="2"/>
        <line num="129" count="0" type="cond" truecount="0" falsecount="2"/>
        <line num="139" count="0" type="cond" truecount="0" falsecount="2"/>
        <line num="140" count="0" type="cond" truecount="0" falsecount="2"/>
        <line num="148" count="0" type="cond" truecount="0" falsecount="2"/>
        <line num="150" count="0" type="cond" truecount="0" falsecount="2"/>
        <line num="157" count="0" type="stmt"/>
        <line num="179" count="3" type="stmt"/>
        <line num="188" count="0" type="stmt"/>
      </file>
      <file name="index.ts" path="/Users/awar/Documents/Mobius/frontend/components/ActivityDetails/InstallDetails/SoftwareInstallDetails/index.ts">
        <metrics statements="0" coveredstatements="0" conditionals="0" coveredconditionals="0" methods="0" coveredmethods="0"/>
      </file>
    </package>
    <package name="components.ActivityDetails.InstallDetails.SoftwareUninstallDetailsModal">
      <metrics statements="22" coveredstatements="4" conditionals="33" coveredconditionals="0" methods="5" coveredmethods="0"/>
      <file name="SoftwareUninstallDetailsModal.tsx" path="/Users/awar/Documents/Mobius/frontend/components/ActivityDetails/InstallDetails/SoftwareUninstallDetailsModal/SoftwareUninstallDetailsModal.tsx">
        <metrics statements="22" coveredstatements="4" conditionals="33" coveredconditionals="0" methods="5" coveredmethods="0"/>
        <line num="23" count="2" type="stmt"/>
        <line num="39" count="2" type="stmt"/>
        <line num="45" count="0" type="cond" truecount="0" falsecount="2"/>
        <line num="51" count="0" type="stmt"/>
        <line num="53" count="0" type="cond" truecount="0" falsecount="4"/>
        <line num="59" count="0" type="stmt"/>
        <line num="77" count="2" type="stmt"/>
        <line num="84" count="0" type="stmt"/>
        <line num="90" count="0" type="cond" truecount="0" falsecount="2"/>
        <line num="99" count="0" type="cond" truecount="0" falsecount="2"/>
        <line num="103" count="0" type="cond" truecount="0" falsecount="2"/>
        <line num="104" count="0" type="stmt"/>
        <line num="105" count="0" type="cond" truecount="0" falsecount="4"/>
        <line num="106" count="0" type="stmt"/>
        <line num="112" count="0" type="cond" truecount="0" falsecount="2"/>
        <line num="113" count="0" type="stmt"/>
        <line num="114" count="0" type="cond" truecount="0" falsecount="2"/>
        <line num="116" count="0" type="stmt"/>
        <line num="118" count="0" type="cond" truecount="0" falsecount="2"/>
        <line num="120" count="0" type="stmt"/>
        <line num="142" count="2" type="stmt"/>
        <line num="151" count="0" type="stmt"/>
      </file>
      <file name="index.ts" path="/Users/awar/Documents/Mobius/frontend/components/ActivityDetails/InstallDetails/SoftwareUninstallDetailsModal/index.ts">
        <metrics statements="0" coveredstatements="0" conditionals="0" coveredconditionals="0" methods="0" coveredmethods="0"/>
      </file>
    </package>
    <package name="components.ActivityItem">
      <metrics statements="21" coveredstatements="15" conditionals="17" coveredconditionals="12" methods="4" coveredmethods="2"/>
      <file name="ActivityItem.tsx" path="/Users/awar/Documents/Mobius/frontend/components/ActivityItem/ActivityItem.tsx">
        <metrics statements="21" coveredstatements="15" conditionals="17" coveredconditionals="12" methods="4" coveredmethods="2"/>
        <line num="25" count="9" type="stmt"/>
        <line num="27" count="9" type="stmt"/>
        <line num="30" count="123" type="cond" truecount="1" falsecount="1"/>
        <line num="31" count="123" type="stmt"/>
        <line num="33" count="0" type="stmt"/>
        <line num="89" count="9" type="stmt"/>
        <line num="100" count="123" type="stmt"/>
        <line num="101" count="123" type="cond" truecount="1" falsecount="1"/>
        <line num="106" count="123" type="stmt"/>
        <line num="107" count="123" type="stmt"/>
        <line num="108" count="123" type="stmt"/>
        <line num="110" count="0" type="stmt"/>
        <line num="113" count="123" type="stmt"/>
        <line num="118" count="123" type="stmt"/>
        <line num="121" count="0" type="stmt"/>
        <line num="122" count="0" type="stmt"/>
        <line num="129" count="123" type="stmt"/>
        <line num="130" count="0" type="stmt"/>
        <line num="131" count="0" type="stmt"/>
        <line num="134" count="123" type="stmt"/>
        <line num="136" count="123" type="stmt"/>
      </file>
      <file name="index.ts" path="/Users/awar/Documents/Mobius/frontend/components/ActivityItem/index.ts">
        <metrics statements="0" coveredstatements="0" conditionals="0" coveredconditionals="0" methods="0" coveredmethods="0"/>
      </file>
    </package>
    <package name="components.AddHostsModal">
      <metrics statements="16" coveredstatements="14" conditionals="11" coveredconditionals="8" methods="4" coveredmethods="3"/>
      <file name="AddHostsModal.tsx" path="/Users/awar/Documents/Mobius/frontend/components/AddHostsModal/AddHostsModal.tsx">
        <metrics statements="16" coveredstatements="14" conditionals="11" coveredconditionals="8" methods="4" coveredmethods="3"/>
        <line num="13" count="1" type="stmt"/>
        <line num="24" count="1" type="stmt"/>
        <line num="32" count="9" type="stmt"/>
        <line num="33" count="9" type="cond" truecount="3" falsecount="0"/>
        <line num="39" count="9" type="stmt"/>
        <line num="41" count="7" type="stmt"/>
        <line num="48" count="9" type="stmt"/>
        <line num="49" count="0" type="stmt"/>
        <line num="50" count="0" type="cond" truecount="0" falsecount="2"/>
        <line num="53" count="9" type="stmt"/>
        <line num="54" count="9" type="cond" truecount="2" falsecount="0"/>
        <line num="55" count="1" type="stmt"/>
        <line num="57" count="8" type="cond" truecount="2" falsecount="0"/>
        <line num="58" count="1" type="stmt"/>
        <line num="75" count="7" type="stmt"/>
        <line num="87" count="9" type="stmt"/>
      </file>
    </package>
    <package name="components.AddHostsModal.PlatformWrapper">
      <metrics statements="68" coveredstatements="46" conditionals="52" coveredconditionals="36" methods="16" coveredmethods="10"/>
      <file name="PlatformWrapper.tsx" path="/Users/awar/Documents/Mobius/frontend/components/AddHostsModal/PlatformWrapper/PlatformWrapper.tsx">
        <metrics statements="68" coveredstatements="46" conditionals="52" coveredconditionals="36" methods="16" coveredmethods="10"/>
        <line num="29" count="1" type="stmt"/>
        <line num="69" count="1" type="stmt"/>
        <line num="71" count="1" type="stmt"/>
        <line num="79" count="23" type="stmt"/>
        <line num="81" count="23" type="stmt"/>
        <line num="84" count="23" type="stmt"/>
        <line num="85" count="23" type="stmt"/>
        <line num="87" count="23" type="cond" truecount="1" falsecount="1"/>
        <line num="89" count="23" type="stmt"/>
        <line num="90" count="23" type="cond" truecount="1" falsecount="1"/>
        <line num="91" count="23" type="stmt"/>
        <line num="92" count="23" type="cond" truecount="1" falsecount="1"/>
        <line num="93" count="23" type="stmt"/>
        <line num="96" count="0" type="cond" truecount="0" falsecount="2"/>
        <line num="97" count="0" type="stmt"/>
        <line num="101" count="23" type="stmt"/>
        <line num="129" count="23" type="stmt"/>
        <line num="130" count="0" type="stmt"/>
        <line num="132" count="0" type="stmt"/>
        <line num="133" count="0" type="stmt"/>
        <line num="135" count="0" type="stmt"/>
        <line num="137" count="0" type="stmt"/>
        <line num="140" count="23" type="stmt"/>
        <line num="141" count="0" type="stmt"/>
        <line num="143" count="0" type="stmt"/>
        <line num="144" count="0" type="stmt"/>
        <line num="146" count="0" type="stmt"/>
        <line num="148" count="0" type="stmt"/>
        <line num="151" count="23" type="stmt"/>
        <line num="152" count="0" type="stmt"/>
        <line num="154" count="0" type="cond" truecount="0" falsecount="4"/>
        <line num="155" count="0" type="stmt"/>
        <line num="156" count="0" type="stmt"/>
        <line num="160" count="0" type="stmt"/>
        <line num="162" count="0" type="stmt"/>
        <line num="167" count="0" type="stmt"/>
        <line num="170" count="23" type="stmt"/>
        <line num="171" count="25" type="stmt"/>
        <line num="225" count="23" type="stmt"/>
        <line num="226" count="92" type="cond" truecount="2" falsecount="0"/>
        <line num="237" count="23" type="stmt"/>
        <line num="238" count="94" type="stmt"/>
        <line num="258" count="23" type="stmt"/>
        <line num="259" count="161" type="stmt"/>
        <line num="273" count="161" type="cond" truecount="2" falsecount="0"/>
        <line num="274" count="23" type="stmt"/>
        <line num="280" count="138" type="cond" truecount="2" falsecount="0"/>
        <line num="281" count="23" type="stmt"/>
        <line num="286" count="115" type="cond" truecount="2" falsecount="0"/>
        <line num="287" count="23" type="stmt"/>
        <line num="289" count="92" type="stmt"/>
        <line num="292" count="161" type="cond" truecount="2" falsecount="0"/>
        <line num="293" count="23" type="stmt"/>
        <line num="342" count="138" type="cond" truecount="2" falsecount="0"/>
        <line num="343" count="23" type="stmt"/>
        <line num="346" count="115" type="cond" truecount="2" falsecount="0"/>
        <line num="347" count="23" type="stmt"/>
        <line num="350" count="92" type="cond" truecount="2" falsecount="0"/>
        <line num="351" count="23" type="stmt"/>
        <line num="372" count="0" type="stmt"/>
        <line num="385" count="2" type="stmt"/>
        <line num="465" count="69" type="stmt"/>
        <line num="479" count="0" type="stmt"/>
        <line num="488" count="0" type="stmt"/>
        <line num="506" count="23" type="stmt"/>
        <line num="510" count="14" type="stmt"/>
        <line num="517" count="161" type="stmt"/>
        <line num="527" count="161" type="stmt"/>
      </file>
    </package>
    <package name="components.AddHostsModal.PlatformWrapper.AndroidPanel">
      <metrics statements="10" coveredstatements="10" conditionals="4" coveredconditionals="3" methods="2" coveredmethods="2"/>
      <file name="AndroidPanel.tsx" path="/Users/awar/Documents/Mobius/frontend/components/AddHostsModal/PlatformWrapper/AndroidPanel/AndroidPanel.tsx">
        <metrics statements="10" coveredstatements="10" conditionals="4" coveredconditionals="3" methods="2" coveredmethods="2"/>
        <line num="10" count="1" type="stmt"/>
        <line num="11" count="1" type="stmt"/>
        <line num="16" count="1" type="stmt"/>
        <line num="22" count="1" type="stmt"/>
        <line num="23" count="2" type="stmt"/>
        <line num="25" count="2" type="cond" truecount="1" falsecount="1"/>
        <line num="27" count="2" type="cond" truecount="2" falsecount="0"/>
        <line num="28" count="1" type="stmt"/>
        <line num="38" count="1" type="stmt"/>
        <line num="40" count="1" type="stmt"/>
      </file>
      <file name="index.ts" path="/Users/awar/Documents/Mobius/frontend/components/AddHostsModal/PlatformWrapper/AndroidPanel/index.ts">
        <metrics statements="0" coveredstatements="0" conditionals="0" coveredconditionals="0" methods="0" coveredmethods="0"/>
      </file>
    </package>
    <package name="components.AddHostsModal.PlatformWrapper.IosIpadosPanel">
      <metrics statements="11" coveredstatements="11" conditionals="4" coveredconditionals="3" methods="2" coveredmethods="2"/>
      <file name="IosIpadosPanel.tsx" path="/Users/awar/Documents/Mobius/frontend/components/AddHostsModal/PlatformWrapper/IosIpadosPanel/IosIpadosPanel.tsx">
        <metrics statements="11" coveredstatements="11" conditionals="4" coveredconditionals="3" methods="2" coveredmethods="2"/>
        <line num="10" count="1" type="stmt"/>
        <line num="11" count="1" type="stmt"/>
        <line num="16" count="1" type="stmt"/>
        <line num="22" count="1" type="stmt"/>
        <line num="23" count="2" type="stmt"/>
        <line num="26" count="2" type="stmt"/>
        <line num="30" count="2" type="cond" truecount="1" falsecount="1"/>
        <line num="32" count="2" type="cond" truecount="2" falsecount="0"/>
        <line num="33" count="1" type="stmt"/>
        <line num="41" count="1" type="stmt"/>
        <line num="43" count="1" type="stmt"/>
      </file>
      <file name="index.ts" path="/Users/awar/Documents/Mobius/frontend/components/AddHostsModal/PlatformWrapper/IosIpadosPanel/index.ts">
        <metrics statements="0" coveredstatements="0" conditionals="0" coveredconditionals="0" methods="0" coveredmethods="0"/>
      </file>
    </package>
    <package name="components.Avatar">
      <metrics statements="13" coveredstatements="11" conditionals="9" coveredconditionals="6" methods="4" coveredmethods="2"/>
      <file name="Avatar.tsx" path="/Users/awar/Documents/Mobius/frontend/components/Avatar/Avatar.tsx">
        <metrics statements="13" coveredstatements="11" conditionals="9" coveredconditionals="6" methods="4" coveredmethods="2"/>
        <line num="13" count="12" type="stmt"/>
        <line num="14" count="1" type="stmt"/>
        <line num="93" count="12" type="stmt"/>
        <line num="95" count="12" type="stmt"/>
        <line num="102" count="185" type="stmt"/>
        <line num="103" count="185" type="stmt"/>
        <line num="105" count="185" type="stmt"/>
        <line num="106" count="0" type="stmt"/>
        <line num="108" count="185" type="stmt"/>
        <line num="109" count="0" type="stmt"/>
        <line num="112" count="185" type="stmt"/>
        <line num="116" count="185" type="stmt"/>
        <line num="118" count="185" type="stmt"/>
      </file>
      <file name="index.ts" path="/Users/awar/Documents/Mobius/frontend/components/Avatar/index.ts">
        <metrics statements="0" coveredstatements="0" conditionals="0" coveredconditionals="0" methods="0" coveredmethods="0"/>
      </file>
    </package>
    <package name="components.AvatarTopNav">
      <metrics statements="11" coveredstatements="9" conditionals="6" coveredconditionals="4" methods="3" coveredmethods="1"/>
      <file name="AvatarTopNav.tsx" path="/Users/awar/Documents/Mobius/frontend/components/AvatarTopNav/AvatarTopNav.tsx">
        <metrics statements="11" coveredstatements="9" conditionals="6" coveredconditionals="4" methods="3" coveredmethods="1"/>
        <line num="16" count="1" type="stmt"/>
        <line num="18" count="1" type="stmt"/>
        <line num="19" count="9" type="stmt"/>
        <line num="20" count="9" type="stmt"/>
        <line num="22" count="9" type="stmt"/>
        <line num="23" count="0" type="stmt"/>
        <line num="25" count="9" type="stmt"/>
        <line num="26" count="0" type="stmt"/>
        <line num="29" count="9" type="stmt"/>
        <line num="32" count="9" type="stmt"/>
        <line num="34" count="9" type="stmt"/>
      </file>
      <file name="index.ts" path="/Users/awar/Documents/Mobius/frontend/components/AvatarTopNav/index.ts">
        <metrics statements="0" coveredstatements="0" conditionals="0" coveredconditionals="0" methods="0" coveredmethods="0"/>
      </file>
    </package>
    <package name="components.BackLink">
      <metrics statements="7" coveredstatements="4" conditionals="4" coveredconditionals="2" methods="2" coveredmethods="1"/>
      <file name="BackLink.tsx" path="/Users/awar/Documents/Mobius/frontend/components/BackLink/BackLink.tsx">
        <metrics statements="7" coveredstatements="4" conditionals="4" coveredconditionals="2" methods="2" coveredmethods="1"/>
        <line num="13" count="1" type="stmt"/>
        <line num="15" count="1" type="stmt"/>
        <line num="16" count="1" type="stmt"/>
        <line num="17" count="0" type="cond" truecount="0" falsecount="2"/>
        <line num="18" count="0" type="stmt"/>
        <line num="19" count="0" type="stmt"/>
        <line num="22" count="1" type="stmt"/>
      </file>
    </package>
    <package name="components.Card">
      <metrics statements="6" coveredstatements="6" conditionals="9" coveredconditionals="9" methods="1" coveredmethods="1"/>
      <file name="Card.tsx" path="/Users/awar/Documents/Mobius/frontend/components/Card/Card.tsx">
        <metrics statements="6" coveredstatements="6" conditionals="9" coveredconditionals="9" methods="1" coveredmethods="1"/>
        <line num="8" count="27" type="stmt"/>
        <line num="49" count="27" type="stmt"/>
        <line num="59" count="75" type="stmt"/>
        <line num="73" count="75" type="cond" truecount="2" falsecount="0"/>
        <line num="76" count="3" type="stmt"/>
        <line num="82" count="72" type="stmt"/>
      </file>
      <file name="index.ts" path="/Users/awar/Documents/Mobius/frontend/components/Card/index.ts">
        <metrics statements="0" coveredstatements="0" conditionals="0" coveredconditionals="0" methods="0" coveredmethods="0"/>
      </file>
    </package>
    <package name="components.CardHeader">
      <metrics statements="4" coveredstatements="4" conditionals="4" coveredconditionals="4" methods="1" coveredmethods="1"/>
      <file name="CardHeader.tsx" path="/Users/awar/Documents/Mobius/frontend/components/CardHeader/CardHeader.tsx">
        <metrics statements="4" coveredstatements="4" conditionals="4" coveredconditionals="4" methods="1" coveredmethods="1"/>
        <line num="4" count="3" type="stmt"/>
        <line num="14" count="3" type="stmt"/>
        <line num="15" count="18" type="stmt"/>
        <line num="17" count="18" type="stmt"/>
      </file>
      <file name="index.ts" path="/Users/awar/Documents/Mobius/frontend/components/CardHeader/index.ts">
        <metrics statements="0" coveredstatements="0" conditionals="0" coveredconditionals="0" methods="0" coveredmethods="0"/>
      </file>
    </package>
    <package name="components.ClickOutside">
      <metrics statements="18" coveredstatements="2" conditionals="4" coveredconditionals="0" methods="7" coveredmethods="1"/>
      <file name="ClickOutside.jsx" path="/Users/awar/Documents/Mobius/frontend/components/ClickOutside/ClickOutside.jsx">
        <metrics statements="13" coveredstatements="1" conditionals="2" coveredconditionals="0" methods="5" coveredmethods="1"/>
        <line num="12" count="0" type="stmt"/>
        <line num="13" count="0" type="stmt"/>
        <line num="14" count="0" type="stmt"/>
        <line num="16" count="0" type="stmt"/>
        <line num="18" count="0" type="stmt"/>
        <line num="19" count="0" type="stmt"/>
        <line num="23" count="0" type="stmt"/>
        <line num="24" count="0" type="stmt"/>
        <line num="27" count="0" type="stmt"/>
        <line num="28" count="0" type="stmt"/>
        <line num="32" count="0" type="stmt"/>
        <line num="33" count="0" type="stmt"/>
        <line num="37" count="1" type="stmt"/>
      </file>
      <file name="helpers.js" path="/Users/awar/Documents/Mobius/frontend/components/ClickOutside/helpers.js">
        <metrics statements="5" coveredstatements="1" conditionals="2" coveredconditionals="0" methods="2" coveredmethods="0"/>
        <line num="1" count="1" type="stmt"/>
        <line num="2" count="0" type="stmt"/>
        <line num="3" count="0" type="stmt"/>
        <line num="5" count="0" type="cond" truecount="0" falsecount="2"/>
        <line num="7" count="0" type="stmt"/>
      </file>
      <file name="index.js" path="/Users/awar/Documents/Mobius/frontend/components/ClickOutside/index.js">
        <metrics statements="0" coveredstatements="0" conditionals="0" coveredconditionals="0" methods="0" coveredmethods="0"/>
      </file>
    </package>
    <package name="components.ClickableUrls">
      <metrics statements="9" coveredstatements="9" conditionals="2" coveredconditionals="1" methods="2" coveredmethods="2"/>
      <file name="ClickableUrls.tsx" path="/Users/awar/Documents/Mobius/frontend/components/ClickableUrls/ClickableUrls.tsx">
        <metrics statements="9" coveredstatements="9" conditionals="2" coveredconditionals="1" methods="2" coveredmethods="2"/>
        <line num="10" count="2" type="stmt"/>
        <line num="12" count="2" type="stmt"/>
        <line num="13" count="2" type="cond" truecount="1" falsecount="1"/>
        <line num="14" count="2" type="stmt"/>
        <line num="19" count="2" type="stmt"/>
        <line num="20" count="1" type="stmt"/>
        <line num="23" count="1" type="stmt"/>
        <line num="27" count="1" type="stmt"/>
        <line num="31" count="1" type="stmt"/>
      </file>
    </package>
    <package name="components.CustomLink">
      <metrics statements="13" coveredstatements="12" conditionals="18" coveredconditionals="16" methods="2" coveredmethods="2"/>
      <file name="CustomLink.tsx" path="/Users/awar/Documents/Mobius/frontend/components/CustomLink/CustomLink.tsx">
        <metrics statements="13" coveredstatements="12" conditionals="18" coveredconditionals="16" methods="2" coveredmethods="2"/>
        <line num="27" count="169" type="stmt"/>
        <line num="29" count="169" type="stmt"/>
        <line num="38" count="136" type="stmt"/>
        <line num="39" count="88" type="cond" truecount="3" falsecount="1"/>
        <line num="42" count="2" type="stmt"/>
        <line num="44" count="0" type="stmt"/>
        <line num="46" count="86" type="stmt"/>
        <line num="50" count="136" type="stmt"/>
        <line num="55" count="136" type="cond" truecount="2" falsecount="0"/>
        <line num="57" count="136" type="stmt"/>
        <line num="58" count="136" type="stmt"/>
        <line num="60" count="136" type="cond" truecount="2" falsecount="0"/>
        <line num="87" count="136" type="stmt"/>
      </file>
      <file name="index.ts" path="/Users/awar/Documents/Mobius/frontend/components/CustomLink/index.ts">
        <metrics statements="0" coveredstatements="0" conditionals="0" coveredconditionals="0" methods="0" coveredmethods="0"/>
      </file>
    </package>
    <package name="components.DataError">
      <metrics statements="7" coveredstatements="6" conditionals="19" coveredconditionals="11" methods="1" coveredmethods="1"/>
      <file name="DataError.tsx" path="/Users/awar/Documents/Mobius/frontend/components/DataError/DataError.tsx">
        <metrics statements="7" coveredstatements="6" conditionals="19" coveredconditionals="11" methods="1" coveredmethods="1"/>
        <line num="9" count="25" type="stmt"/>
        <line num="30" count="25" type="stmt"/>
        <line num="32" count="25" type="stmt"/>
        <line num="40" count="3" type="stmt"/>
        <line num="42" count="3" type="cond" truecount="1" falsecount="1"/>
        <line num="43" count="0" type="stmt"/>
        <line num="75" count="3" type="stmt"/>
      </file>
      <file name="index.ts" path="/Users/awar/Documents/Mobius/frontend/components/DataError/index.ts">
        <metrics statements="0" coveredstatements="0" conditionals="0" coveredconditionals="0" methods="0" coveredmethods="0"/>
      </file>
    </package>
    <package name="components.DataSet">
      <metrics statements="4" coveredstatements="4" conditionals="3" coveredconditionals="3" methods="1" coveredmethods="1"/>
      <file name="DataSet.tsx" path="/Users/awar/Documents/Mobius/frontend/components/DataSet/DataSet.tsx">
        <metrics statements="4" coveredstatements="4" conditionals="3" coveredconditionals="3" methods="1" coveredmethods="1"/>
        <line num="4" count="5" type="stmt"/>
        <line num="13" count="5" type="stmt"/>
        <line num="19" count="121" type="stmt"/>
        <line num="23" count="121" type="stmt"/>
      </file>
      <file name="index.ts" path="/Users/awar/Documents/Mobius/frontend/components/DataSet/index.ts">
        <metrics statements="0" coveredstatements="0" conditionals="0" coveredconditionals="0" methods="0" coveredmethods="0"/>
      </file>
    </package>
    <package name="components.DeviceUserError">
      <metrics statements="3" coveredstatements="2" conditionals="0" coveredconditionals="0" methods="1" coveredmethods="0"/>
      <file name="DeviceUserError.tsx" path="/Users/awar/Documents/Mobius/frontend/components/DeviceUserError/DeviceUserError.tsx">
        <metrics statements="3" coveredstatements="2" conditionals="0" coveredconditionals="0" methods="1" coveredmethods="0"/>
        <line num="5" count="4" type="stmt"/>
        <line num="7" count="4" type="stmt"/>
        <line num="8" count="0" type="stmt"/>
      </file>
      <file name="index.ts" path="/Users/awar/Documents/Mobius/frontend/components/DeviceUserError/index.ts">
        <metrics statements="0" coveredstatements="0" conditionals="0" coveredconditionals="0" methods="0" coveredmethods="0"/>
      </file>
    </package>
    <package name="components.Editor">
      <metrics statements="32" coveredstatements="2" conditionals="18" coveredconditionals="0" methods="9" coveredmethods="0"/>
      <file name="Editor.tsx" path="/Users/awar/Documents/Mobius/frontend/components/Editor/Editor.tsx">
        <metrics statements="32" coveredstatements="2" conditionals="18" coveredconditionals="0" methods="9" coveredmethods="0"/>
        <line num="15" count="1" type="stmt"/>
        <line num="65" count="1" type="stmt"/>
        <line num="84" count="0" type="stmt"/>
        <line num="89" count="0" type="stmt"/>
        <line num="91" count="0" type="stmt"/>
        <line num="93" count="0" type="stmt"/>
        <line num="94" count="0" type="stmt"/>
        <line num="95" count="0" type="stmt"/>
        <line num="96" count="0" type="stmt"/>
        <line num="97" count="0" type="stmt"/>
        <line num="104" count="0" type="stmt"/>
        <line num="105" count="0" type="stmt"/>
        <line num="106" count="0" type="stmt"/>
        <line num="108" count="0" type="stmt"/>
        <line num="112" count="0" type="stmt"/>
        <line num="124" count="0" type="stmt"/>
        <line num="126" count="0" type="stmt"/>
        <line num="130" count="0" type="stmt"/>
        <line num="131" count="0" type="stmt"/>
        <line num="137" count="0" type="stmt"/>
        <line num="138" count="0" type="cond" truecount="0" falsecount="2"/>
        <line num="139" count="0" type="stmt"/>
        <line num="143" count="0" type="cond" truecount="0" falsecount="2"/>
        <line num="144" count="0" type="stmt"/>
        <line num="147" count="0" type="cond" truecount="0" falsecount="2"/>
        <line num="148" count="0" type="stmt"/>
        <line num="159" count="0" type="stmt"/>
        <line num="162" count="0" type="stmt"/>
        <line num="163" count="0" type="cond" truecount="0" falsecount="2"/>
        <line num="164" count="0" type="stmt"/>
        <line num="166" count="0" type="stmt"/>
        <line num="169" count="0" type="stmt"/>
      </file>
      <file name="index.ts" path="/Users/awar/Documents/Mobius/frontend/components/Editor/index.ts">
        <metrics statements="0" coveredstatements="0" conditionals="0" coveredconditionals="0" methods="0" coveredmethods="0"/>
      </file>
    </package>
    <package name="components.EmptyTable">
      <metrics statements="4" coveredstatements="4" conditionals="12" coveredconditionals="11" methods="1" coveredmethods="1"/>
      <file name="EmptyTable.tsx" path="/Users/awar/Documents/Mobius/frontend/components/EmptyTable/EmptyTable.tsx">
        <metrics statements="4" coveredstatements="4" conditionals="12" coveredconditionals="11" methods="1" coveredmethods="1"/>
        <line num="6" count="22" type="stmt"/>
        <line num="18" count="22" type="stmt"/>
        <line num="27" count="34" type="stmt"/>
        <line num="29" count="34" type="stmt"/>
      </file>
      <file name="index.ts" path="/Users/awar/Documents/Mobius/frontend/components/EmptyTable/index.ts">
        <metrics statements="0" coveredstatements="0" conditionals="0" coveredconditionals="0" methods="0" coveredmethods="0"/>
      </file>
    </package>
    <package name="components.EnrollSecrets.EnrollSecretTable.EnrollSecretRow">
      <metrics statements="16" coveredstatements="6" conditionals="11" coveredconditionals="1" methods="5" coveredmethods="1"/>
      <file name="EnrollSecretRow.tsx" path="/Users/awar/Documents/Mobius/frontend/components/EnrollSecrets/EnrollSecretTable/EnrollSecretRow/EnrollSecretRow.tsx">
        <metrics statements="16" coveredstatements="6" conditionals="11" coveredconditionals="1" methods="5" coveredmethods="1"/>
        <line num="11" count="1" type="stmt"/>
        <line num="21" count="1" type="stmt"/>
        <line num="27" count="1" type="stmt"/>
        <line num="28" count="0" type="stmt"/>
        <line num="29" count="0" type="cond" truecount="0" falsecount="4"/>
        <line num="30" count="0" type="stmt"/>
        <line num="31" count="0" type="stmt"/>
        <line num="35" count="1" type="stmt"/>
        <line num="36" count="0" type="stmt"/>
        <line num="37" count="0" type="cond" truecount="0" falsecount="4"/>
        <line num="38" count="0" type="stmt"/>
        <line num="39" count="0" type="stmt"/>
        <line num="43" count="1" type="stmt"/>
        <line num="44" count="0" type="stmt"/>
        <line num="47" count="0" type="stmt"/>
        <line num="69" count="1" type="stmt"/>
      </file>
    </package>
    <package name="components.FileDetails">
      <metrics statements="5" coveredstatements="2" conditionals="16" coveredconditionals="0" methods="2" coveredmethods="0"/>
      <file name="FileDetails.tsx" path="/Users/awar/Documents/Mobius/frontend/components/FileDetails/FileDetails.tsx">
        <metrics statements="5" coveredstatements="2" conditionals="16" coveredconditionals="0" methods="2" coveredmethods="0"/>
        <line num="31" count="3" type="stmt"/>
        <line num="33" count="3" type="stmt"/>
        <line num="43" count="0" type="stmt"/>
        <line num="47" count="0" type="stmt"/>
        <line num="73" count="0" type="stmt"/>
      </file>
      <file name="index.ts" path="/Users/awar/Documents/Mobius/frontend/components/FileDetails/index.ts">
        <metrics statements="0" coveredstatements="0" conditionals="0" coveredconditionals="0" methods="0" coveredmethods="0"/>
      </file>
    </package>
    <package name="components.FileUploader">
      <metrics statements="30" coveredstatements="21" conditionals="31" coveredconditionals="19" methods="9" coveredmethods="6"/>
      <file name="FileUploader.tsx" path="/Users/awar/Documents/Mobius/frontend/components/FileUploader/FileUploader.tsx">
        <metrics statements="30" coveredstatements="21" conditionals="31" coveredconditionals="19" methods="9" coveredmethods="6"/>
        <line num="13" count="3" type="stmt"/>
        <line num="71" count="3" type="stmt"/>
        <line num="88" count="4" type="stmt"/>
        <line num="89" count="4" type="stmt"/>
        <line num="91" count="4" type="stmt"/>
        <line num="94" count="4" type="cond" truecount="1" falsecount="1"/>
        <line num="96" count="4" type="stmt"/>
        <line num="97" count="0" type="stmt"/>
        <line num="100" count="4" type="stmt"/>
        <line num="101" count="0" type="stmt"/>
        <line num="102" count="0" type="stmt"/>
        <line num="103" count="0" type="stmt"/>
        <line num="105" count="0" type="cond" truecount="0" falsecount="2"/>
        <line num="106" count="0" type="stmt"/>
        <line num="110" count="4" type="stmt"/>
        <line num="111" count="0" type="cond" truecount="0" falsecount="2"/>
        <line num="112" count="0" type="stmt"/>
        <line num="113" count="0" type="stmt"/>
        <line num="117" count="4" type="stmt"/>
        <line num="119" count="4" type="cond" truecount="1" falsecount="1"/>
        <line num="120" count="4" type="stmt"/>
        <line num="121" count="4" type="stmt"/>
        <line num="129" count="4" type="stmt"/>
        <line num="132" count="4" type="cond" truecount="2" falsecount="0"/>
        <line num="133" count="2" type="stmt"/>
        <line num="137" count="2" type="stmt"/>
        <line num="164" count="2" type="stmt"/>
        <line num="190" count="4" type="stmt"/>
        <line num="191" count="4" type="stmt"/>
        <line num="210" count="4" type="stmt"/>
      </file>
      <file name="index.ts" path="/Users/awar/Documents/Mobius/frontend/components/FileUploader/index.ts">
        <metrics statements="0" coveredstatements="0" conditionals="0" coveredconditionals="0" methods="0" coveredmethods="0"/>
      </file>
    </package>
    <package name="components.FlashMessage">
      <metrics statements="32" coveredstatements="5" conditionals="21" coveredconditionals="1" methods="8" coveredmethods="1"/>
      <file name="FlashMessage.tsx" path="/Users/awar/Documents/Mobius/frontend/components/FlashMessage/FlashMessage.tsx">
        <metrics statements="32" coveredstatements="5" conditionals="21" coveredconditionals="1" methods="8" coveredmethods="1"/>
        <line num="7" count="1" type="stmt"/>
        <line num="23" count="1" type="stmt"/>
        <line num="37" count="0" type="stmt"/>
        <line num="38" count="0" type="stmt"/>
        <line num="47" count="0" type="stmt"/>
        <line num="51" count="0" type="stmt"/>
        <line num="53" count="0" type="stmt"/>
        <line num="55" count="0" type="cond" truecount="0" falsecount="5"/>
        <line num="57" count="0" type="stmt"/>
        <line num="58" count="0" type="stmt"/>
        <line num="59" count="0" type="stmt"/>
        <line num="62" count="0" type="stmt"/>
        <line num="65" count="0" type="stmt"/>
        <line num="76" count="0" type="stmt"/>
        <line num="78" count="0" type="stmt"/>
        <line num="79" count="0" type="cond" truecount="0" falsecount="2"/>
        <line num="80" count="0" type="stmt"/>
        <line num="81" count="0" type="stmt"/>
        <line num="84" count="0" type="cond" truecount="0" falsecount="2"/>
        <line num="85" count="0" type="stmt"/>
        <line num="89" count="0" type="cond" truecount="0" falsecount="4"/>
        <line num="90" count="0" type="stmt"/>
        <line num="93" count="0" type="stmt"/>
        <line num="106" count="0" type="stmt"/>
        <line num="123" count="1" type="stmt"/>
        <line num="131" count="16" type="cond" truecount="1" falsecount="1"/>
        <line num="132" count="16" type="stmt"/>
        <line num="136" count="0" type="cond" truecount="0" falsecount="2"/>
        <line num="137" count="0" type="stmt"/>
        <line num="138" count="0" type="stmt"/>
        <line num="141" count="0" type="stmt"/>
        <line num="156" count="0" type="stmt"/>
      </file>
      <file name="index.ts" path="/Users/awar/Documents/Mobius/frontend/components/FlashMessage/index.ts">
        <metrics statements="0" coveredstatements="0" conditionals="0" coveredconditionals="0" methods="0" coveredmethods="0"/>
      </file>
    </package>
    <package name="components.GitOpsModeTooltipWrapper">
      <metrics statements="9" coveredstatements="9" conditionals="5" coveredconditionals="5" methods="1" coveredmethods="1"/>
      <file name="GitOpsModeTooltipWrapper.tsx" path="/Users/awar/Documents/Mobius/frontend/components/GitOpsModeTooltipWrapper/GitOpsModeTooltipWrapper.tsx">
        <metrics statements="9" coveredstatements="9" conditionals="5" coveredconditionals="5" methods="1" coveredmethods="1"/>
        <line num="15" count="16" type="stmt"/>
        <line num="17" count="16" type="stmt"/>
        <line num="23" count="308" type="stmt"/>
        <line num="24" count="308" type="stmt"/>
        <line num="25" count="308" type="stmt"/>
        <line num="27" count="308" type="cond" truecount="2" falsecount="0"/>
        <line num="28" count="305" type="stmt"/>
        <line num="32" count="3" type="stmt"/>
        <line num="37" count="3" type="stmt"/>
      </file>
      <file name="index.ts" path="/Users/awar/Documents/Mobius/frontend/components/GitOpsModeTooltipWrapper/index.ts">
        <metrics statements="0" coveredstatements="0" conditionals="0" coveredconditionals="0" methods="0" coveredmethods="0"/>
      </file>
    </package>
    <package name="components.Graphic">
      <metrics statements="5" coveredstatements="5" conditionals="0" coveredconditionals="0" methods="1" coveredmethods="1"/>
      <file name="Graphic.tsx" path="/Users/awar/Documents/Mobius/frontend/components/Graphic/Graphic.tsx">
        <metrics statements="5" coveredstatements="5" conditionals="0" coveredconditionals="0" methods="1" coveredmethods="1"/>
        <line num="11" count="38" type="stmt"/>
        <line num="13" count="38" type="stmt"/>
        <line num="14" count="47" type="stmt"/>
        <line num="16" count="47" type="stmt"/>
        <line num="18" count="47" type="stmt"/>
      </file>
      <file name="index.ts" path="/Users/awar/Documents/Mobius/frontend/components/Graphic/index.ts">
        <metrics statements="0" coveredstatements="0" conditionals="0" coveredconditionals="0" methods="0" coveredmethods="0"/>
      </file>
    </package>
    <package name="components.HumanTimeDiffWithDateTip">
      <metrics statements="13" coveredstatements="12" conditionals="12" coveredconditionals="11" methods="2" coveredmethods="2"/>
      <file name="HumanTimeDiffWithDateTip.tsx" path="/Users/awar/Documents/Mobius/frontend/components/HumanTimeDiffWithDateTip/HumanTimeDiffWithDateTip.tsx">
        <metrics statements="13" coveredstatements="12" conditionals="12" coveredconditionals="11" methods="2" coveredmethods="2"/>
        <line num="18" count="7" type="stmt"/>
        <line num="23" count="66" type="stmt"/>
        <line num="25" count="66" type="cond" truecount="4" falsecount="0"/>
        <line num="26" count="1" type="stmt"/>
        <line num="31" count="65" type="cond" truecount="4" falsecount="0"/>
        <line num="32" count="1" type="stmt"/>
        <line num="35" count="64" type="stmt"/>
        <line num="36" count="64" type="stmt"/>
        <line num="54" count="1" type="cond" truecount="1" falsecount="1"/>
        <line num="55" count="1" type="stmt"/>
        <line num="57" count="0" type="stmt"/>
        <line num="63" count="7" type="stmt"/>
        <line num="66" count="21" type="stmt"/>
      </file>
      <file name="index.ts" path="/Users/awar/Documents/Mobius/frontend/components/HumanTimeDiffWithDateTip/index.ts">
        <metrics statements="0" coveredstatements="0" conditionals="0" coveredconditionals="0" methods="0" coveredmethods="0"/>
      </file>
    </package>
    <package name="components.Icon">
      <metrics statements="9" coveredstatements="9" conditionals="4" coveredconditionals="4" methods="3" coveredmethods="3"/>
      <file name="Icon.tsx" path="/Users/awar/Documents/Mobius/frontend/components/Icon/Icon.tsx">
        <metrics statements="9" coveredstatements="9" conditionals="4" coveredconditionals="4" methods="3" coveredmethods="3"/>
        <line num="15" count="169" type="stmt"/>
        <line num="17" count="169" type="stmt"/>
        <line num="18" count="3201" type="stmt"/>
        <line num="22" count="3201" type="stmt"/>
        <line num="23" count="1233" type="stmt"/>
        <line num="24" count="1233" type="stmt"/>
        <line num="31" count="1233" type="stmt"/>
        <line num="34" count="3201" type="stmt"/>
        <line num="36" count="3201" type="stmt"/>
      </file>
      <file name="index.ts" path="/Users/awar/Documents/Mobius/frontend/components/Icon/index.ts">
        <metrics statements="0" coveredstatements="0" conditionals="0" coveredconditionals="0" methods="0" coveredmethods="0"/>
      </file>
    </package>
    <package name="components.InfoBanner">
      <metrics statements="9" coveredstatements="9" conditionals="8" coveredconditionals="8" methods="2" coveredmethods="2"/>
      <file name="InfoBanner.tsx" path="/Users/awar/Documents/Mobius/frontend/components/InfoBanner/InfoBanner.tsx">
        <metrics statements="9" coveredstatements="9" conditionals="8" coveredconditionals="8" methods="2" coveredmethods="2"/>
        <line num="9" count="17" type="stmt"/>
        <line num="26" count="17" type="stmt"/>
        <line num="36" count="25" type="stmt"/>
        <line num="45" count="25" type="stmt"/>
        <line num="48" count="25" type="stmt"/>
        <line num="57" count="1" type="stmt"/>
        <line num="73" count="25" type="cond" truecount="2" falsecount="0"/>
        <line num="74" count="1" type="stmt"/>
        <line num="77" count="24" type="stmt"/>
      </file>
      <file name="index.ts" path="/Users/awar/Documents/Mobius/frontend/components/InfoBanner/index.ts">
        <metrics statements="0" coveredstatements="0" conditionals="0" coveredconditionals="0" methods="0" coveredmethods="0"/>
      </file>
    </package>
    <package name="components.InheritedBadge">
      <metrics statements="4" coveredstatements="4" conditionals="1" coveredconditionals="1" methods="1" coveredmethods="1"/>
      <file name="InheritedBadge.tsx" path="/Users/awar/Documents/Mobius/frontend/components/InheritedBadge/InheritedBadge.tsx">
        <metrics statements="4" coveredstatements="4" conditionals="1" coveredconditionals="1" methods="1" coveredmethods="1"/>
        <line num="5" count="3" type="stmt"/>
        <line num="12" count="3" type="stmt"/>
        <line num="16" count="25" type="stmt"/>
        <line num="17" count="25" type="stmt"/>
      </file>
      <file name="index.ts" path="/Users/awar/Documents/Mobius/frontend/components/InheritedBadge/index.ts">
        <metrics statements="0" coveredstatements="0" conditionals="0" coveredconditionals="0" methods="0" coveredmethods="0"/>
      </file>
    </package>
    <package name="components.LastUpdatedHostCount">
      <metrics statements="4" coveredstatements="4" conditionals="0" coveredconditionals="0" methods="1" coveredmethods="1"/>
      <file name="LastUpdatedHostCount.tsx" path="/Users/awar/Documents/Mobius/frontend/components/LastUpdatedHostCount/LastUpdatedHostCount.tsx">
        <metrics statements="4" coveredstatements="4" conditionals="0" coveredconditionals="0" methods="1" coveredmethods="1"/>
        <line num="4" count="1" type="stmt"/>
        <line num="11" count="1" type="stmt"/>
        <line num="16" count="3" type="stmt"/>
        <line num="23" count="3" type="stmt"/>
      </file>
      <file name="index.ts" path="/Users/awar/Documents/Mobius/frontend/components/LastUpdatedHostCount/index.ts">
        <metrics statements="0" coveredstatements="0" conditionals="0" coveredconditionals="0" methods="0" coveredmethods="0"/>
      </file>
    </package>
    <package name="components.LastUpdatedText">
      <metrics statements="7" coveredstatements="7" conditionals="6" coveredconditionals="6" methods="1" coveredmethods="1"/>
      <file name="LastUpdatedText.tsx" path="/Users/awar/Documents/Mobius/frontend/components/LastUpdatedText/LastUpdatedText.tsx">
        <metrics statements="7" coveredstatements="7" conditionals="6" coveredconditionals="6" methods="1" coveredmethods="1"/>
        <line num="7" count="7" type="stmt"/>
        <line num="23" count="7" type="stmt"/>
        <line num="30" count="11" type="cond" truecount="4" falsecount="0"/>
        <line num="31" count="4" type="stmt"/>
        <line num="33" count="7" type="stmt"/>
        <line num="40" count="11" type="cond" truecount="2" falsecount="0"/>
        <line num="47" count="11" type="stmt"/>
      </file>
      <file name="index.ts" path="/Users/awar/Documents/Mobius/frontend/components/LastUpdatedText/index.ts">
        <metrics statements="0" coveredstatements="0" conditionals="0" coveredconditionals="0" methods="0" coveredmethods="0"/>
      </file>
    </package>
    <package name="components.LicenseExpirationBanner">
      <metrics statements="3" coveredstatements="2" conditionals="0" coveredconditionals="0" methods="1" coveredmethods="0"/>
      <file name="LicenseExpirationBanner.tsx" path="/Users/awar/Documents/Mobius/frontend/components/LicenseExpirationBanner/LicenseExpirationBanner.tsx">
        <metrics statements="3" coveredstatements="2" conditionals="0" coveredconditionals="0" methods="1" coveredmethods="0"/>
        <line num="6" count="4" type="stmt"/>
        <line num="8" count="4" type="stmt"/>
        <line num="9" count="0" type="stmt"/>
      </file>
      <file name="index.ts" path="/Users/awar/Documents/Mobius/frontend/components/LicenseExpirationBanner/index.ts">
        <metrics statements="0" coveredstatements="0" conditionals="0" coveredconditionals="0" methods="0" coveredmethods="0"/>
      </file>
    </package>
    <package name="components.LinkWithContext">
      <metrics statements="8" coveredstatements="8" conditionals="4" coveredconditionals="3" methods="1" coveredmethods="1"/>
      <file name="LinkWithContext.tsx" path="/Users/awar/Documents/Mobius/frontend/components/LinkWithContext/LinkWithContext.tsx">
        <metrics statements="8" coveredstatements="8" conditionals="4" coveredconditionals="3" methods="1" coveredmethods="1"/>
        <line num="8" count="4" type="stmt"/>
        <line num="21" count="4" type="stmt"/>
        <line num="28" count="87" type="stmt"/>
        <line num="30" count="87" type="stmt"/>
        <line num="31" count="87" type="cond" truecount="1" falsecount="1"/>
        <line num="32" count="87" type="stmt"/>
        <line num="33" count="87" type="stmt"/>
        <line num="35" count="87" type="stmt"/>
      </file>
      <file name="index.ts" path="/Users/awar/Documents/Mobius/frontend/components/LinkWithContext/index.ts">
        <metrics statements="0" coveredstatements="0" conditionals="0" coveredconditionals="0" methods="0" coveredmethods="0"/>
      </file>
    </package>
    <package name="components.ListItem">
      <metrics statements="4" coveredstatements="4" conditionals="0" coveredconditionals="0" methods="1" coveredmethods="1"/>
      <file name="ListItem.tsx" path="/Users/awar/Documents/Mobius/frontend/components/ListItem/ListItem.tsx">
        <metrics statements="4" coveredstatements="4" conditionals="0" coveredconditionals="0" methods="1" coveredmethods="1"/>
        <line num="7" count="2" type="stmt"/>
        <line num="42" count="2" type="stmt"/>
        <line num="50" count="6" type="stmt"/>
        <line num="51" count="6" type="stmt"/>
      </file>
      <file name="index.ts" path="/Users/awar/Documents/Mobius/frontend/components/ListItem/index.ts">
        <metrics statements="0" coveredstatements="0" conditionals="0" coveredconditionals="0" methods="0" coveredmethods="0"/>
      </file>
    </package>
    <package name="components.LiveQuery.TargetChipSelector">
      <metrics statements="11" coveredstatements="8" conditionals="12" coveredconditionals="6" methods="4" coveredmethods="4"/>
      <file name="TargetChipSelector.tsx" path="/Users/awar/Documents/Mobius/frontend/components/LiveQuery/TargetChipSelector/TargetChipSelector.tsx">
        <metrics statements="11" coveredstatements="8" conditionals="12" coveredconditionals="6" methods="4" coveredmethods="4"/>
        <line num="21" count="1" type="stmt"/>
        <line num="24" count="7" type="cond" truecount="2" falsecount="0"/>
        <line num="27" count="1" type="stmt"/>
        <line num="32" count="7" type="stmt"/>
        <line num="33" count="7" type="cond" truecount="1" falsecount="1"/>
        <line num="34" count="0" type="stmt"/>
        <line num="35" count="0" type="cond" truecount="0" falsecount="2"/>
        <line num="36" count="0" type="cond" truecount="0" falsecount="2"/>
        <line num="40" count="7" type="cond" truecount="1" falsecount="1"/>
        <line num="43" count="7" type="stmt"/>
        <line num="47" count="1" type="stmt"/>
      </file>
    </package>
    <package name="components.LiveQuery.TargetsInput">
      <metrics statements="20" coveredstatements="17" conditionals="21" coveredconditionals="15" methods="7" coveredmethods="5"/>
      <file name="TargetsInput.tsx" path="/Users/awar/Documents/Mobius/frontend/components/LiveQuery/TargetsInput/TargetsInput.tsx">
        <metrics statements="20" coveredstatements="17" conditionals="21" coveredconditionals="15" methods="7" coveredmethods="5"/>
        <line num="32" count="3" type="stmt"/>
        <line num="34" count="3" type="stmt"/>
        <line num="36" count="3" type="stmt"/>
        <line num="51" count="9" type="stmt"/>
        <line num="53" count="9" type="cond" truecount="2" falsecount="0"/>
        <line num="55" count="9" type="stmt"/>
        <line num="57" count="9" type="cond" truecount="2" falsecount="0"/>
        <line num="61" count="9" type="stmt"/>
        <line num="62" count="8" type="cond" truecount="2" falsecount="0"/>
        <line num="63" count="5" type="stmt"/>
        <line num="64" count="0" type="cond" truecount="0" falsecount="2"/>
        <line num="68" count="0" type="stmt"/>
        <line num="72" count="5" type="stmt"/>
        <line num="73" count="5" type="stmt"/>
        <line num="74" count="5" type="stmt"/>
        <line num="79" count="9" type="stmt"/>
        <line num="80" count="8" type="stmt"/>
        <line num="84" count="9" type="stmt"/>
        <line num="107" count="0" type="stmt"/>
        <line num="142" count="4" type="stmt"/>
      </file>
      <file name="index.ts" path="/Users/awar/Documents/Mobius/frontend/components/LiveQuery/TargetsInput/index.ts">
        <metrics statements="0" coveredstatements="0" conditionals="0" coveredconditionals="0" methods="0" coveredmethods="0"/>
      </file>
    </package>
    <package name="components.LogDestinationIndicator">
      <metrics statements="32" coveredstatements="11" conditionals="25" coveredconditionals="3" methods="4" coveredmethods="3"/>
      <file name="LogDestinationIndicator.tsx" path="/Users/awar/Documents/Mobius/frontend/components/LogDestinationIndicator/LogDestinationIndicator.tsx">
        <metrics statements="32" coveredstatements="11" conditionals="25" coveredconditionals="3" methods="4" coveredmethods="3"/>
        <line num="14" count="3" type="stmt"/>
        <line num="15" count="175" type="cond" truecount="1" falsecount="1"/>
        <line num="16" count="0" type="stmt"/>
        <line num="18" count="175" type="stmt"/>
        <line num="21" count="3" type="stmt"/>
        <line num="27" count="175" type="stmt"/>
        <line num="28" count="175" type="stmt"/>
        <line num="33" count="175" type="stmt"/>
        <line num="34" count="175" type="cond" truecount="1" falsecount="9"/>
        <line num="36" count="175" type="stmt"/>
        <line num="38" count="0" type="stmt"/>
        <line num="40" count="0" type="stmt"/>
        <line num="42" count="0" type="stmt"/>
        <line num="44" count="0" type="stmt"/>
        <line num="46" count="0" type="stmt"/>
        <line num="48" count="0" type="stmt"/>
        <line num="50" count="0" type="stmt"/>
        <line num="52" count="0" type="stmt"/>
        <line num="54" count="0" type="stmt"/>
        <line num="58" count="175" type="stmt"/>
        <line num="59" count="0" type="cond" truecount="0" falsecount="10"/>
        <line num="61" count="0" type="stmt"/>
        <line num="69" count="0" type="stmt"/>
        <line num="76" count="0" type="stmt"/>
        <line num="83" count="0" type="stmt"/>
        <line num="90" count="0" type="stmt"/>
        <line num="97" count="0" type="stmt"/>
        <line num="103" count="0" type="stmt"/>
        <line num="110" count="0" type="stmt"/>
        <line num="117" count="0" type="stmt"/>
        <line num="119" count="0" type="stmt"/>
        <line num="127" count="175" type="cond" truecount="1" falsecount="1"/>
      </file>
      <file name="index.ts" path="/Users/awar/Documents/Mobius/frontend/components/LogDestinationIndicator/index.ts">
        <metrics statements="0" coveredstatements="0" conditionals="0" coveredconditionals="0" methods="0" coveredmethods="0"/>
      </file>
    </package>
    <package name="components.MDM.AndroidEnterpriseDeletedMessage">
      <metrics statements="3" coveredstatements="2" conditionals="0" coveredconditionals="0" methods="1" coveredmethods="0"/>
      <file name="AndroidEnterpriseDeletedMessage.tsx" path="/Users/awar/Documents/Mobius/frontend/components/MDM/AndroidEnterpriseDeletedMessage/AndroidEnterpriseDeletedMessage.tsx">
        <metrics statements="3" coveredstatements="2" conditionals="0" coveredconditionals="0" methods="1" coveredmethods="0"/>
        <line num="6" count="4" type="stmt"/>
        <line num="8" count="4" type="stmt"/>
        <line num="9" count="0" type="stmt"/>
      </file>
      <file name="index.ts" path="/Users/awar/Documents/Mobius/frontend/components/MDM/AndroidEnterpriseDeletedMessage/index.ts">
        <metrics statements="0" coveredstatements="0" conditionals="0" coveredconditionals="0" methods="0" coveredmethods="0"/>
      </file>
    </package>
    <package name="components.MDM.AppleBMRenewalMessage">
      <metrics statements="3" coveredstatements="2" conditionals="2" coveredconditionals="0" methods="1" coveredmethods="0"/>
      <file name="AppleBMRenewalMessage.tsx" path="/Users/awar/Documents/Mobius/frontend/components/MDM/AppleBMRenewalMessage/AppleBMRenewalMessage.tsx">
        <metrics statements="3" coveredstatements="2" conditionals="2" coveredconditionals="0" methods="1" coveredmethods="0"/>
        <line num="6" count="4" type="stmt"/>
        <line num="12" count="4" type="stmt"/>
        <line num="13" count="0" type="stmt"/>
      </file>
      <file name="index.ts" path="/Users/awar/Documents/Mobius/frontend/components/MDM/AppleBMRenewalMessage/index.ts">
        <metrics statements="0" coveredstatements="0" conditionals="0" coveredconditionals="0" methods="0" coveredmethods="0"/>
      </file>
    </package>
    <package name="components.MDM.AppleBMTermsMessage">
      <metrics statements="3" coveredstatements="2" conditionals="0" coveredconditionals="0" methods="1" coveredmethods="0"/>
      <file name="AppleBMTermsMessage.tsx" path="/Users/awar/Documents/Mobius/frontend/components/MDM/AppleBMTermsMessage/AppleBMTermsMessage.tsx">
        <metrics statements="3" coveredstatements="2" conditionals="0" coveredconditionals="0" methods="1" coveredmethods="0"/>
        <line num="6" count="4" type="stmt"/>
        <line num="8" count="4" type="stmt"/>
        <line num="9" count="0" type="stmt"/>
      </file>
      <file name="index.ts" path="/Users/awar/Documents/Mobius/frontend/components/MDM/AppleBMTermsMessage/index.ts">
        <metrics statements="0" coveredstatements="0" conditionals="0" coveredconditionals="0" methods="0" coveredmethods="0"/>
      </file>
    </package>
    <package name="components.MDM.ApplePNCertRenewalMessage">
      <metrics statements="3" coveredstatements="2" conditionals="2" coveredconditionals="0" methods="1" coveredmethods="0"/>
      <file name="ApplePNCertRenewalMessage.tsx" path="/Users/awar/Documents/Mobius/frontend/components/MDM/ApplePNCertRenewalMessage/ApplePNCertRenewalMessage.tsx">
        <metrics statements="3" coveredstatements="2" conditionals="2" coveredconditionals="0" methods="1" coveredmethods="0"/>
        <line num="6" count="4" type="stmt"/>
        <line num="12" count="4" type="stmt"/>
        <line num="13" count="0" type="stmt"/>
      </file>
      <file name="index.ts" path="/Users/awar/Documents/Mobius/frontend/components/MDM/ApplePNCertRenewalMessage/index.ts">
        <metrics statements="0" coveredstatements="0" conditionals="0" coveredconditionals="0" methods="0" coveredmethods="0"/>
      </file>
    </package>
    <package name="components.MainContent">
      <metrics statements="24" coveredstatements="17" conditionals="24" coveredconditionals="17" methods="2" coveredmethods="2"/>
      <file name="MainContent.tsx" path="/Users/awar/Documents/Mobius/frontend/components/MainContent/MainContent.tsx">
        <metrics statements="24" coveredstatements="17" conditionals="24" coveredconditionals="17" methods="2" coveredmethods="2"/>
        <line num="23" count="4" type="stmt"/>
        <line num="29" count="4" type="stmt"/>
        <line num="33" count="14" type="stmt"/>
        <line num="45" count="14" type="stmt"/>
        <line num="47" count="14" type="stmt"/>
        <line num="48" count="14" type="stmt"/>
        <line num="52" count="14" type="stmt"/>
        <line num="56" count="14" type="cond" truecount="2" falsecount="0"/>
        <line num="57" count="5" type="cond" truecount="3" falsecount="1"/>
        <line num="58" count="0" type="stmt"/>
        <line num="59" count="5" type="cond" truecount="1" falsecount="1"/>
        <line num="61" count="0" type="stmt"/>
        <line num="62" count="5" type="cond" truecount="3" falsecount="1"/>
        <line num="63" count="0" type="stmt"/>
        <line num="64" count="5" type="cond" truecount="1" falsecount="1"/>
        <line num="65" count="0" type="stmt"/>
        <line num="66" count="5" type="cond" truecount="3" falsecount="1"/>
        <line num="67" count="0" type="stmt"/>
        <line num="68" count="5" type="cond" truecount="1" falsecount="1"/>
        <line num="69" count="0" type="stmt"/>
        <line num="73" count="14" type="cond" truecount="1" falsecount="1"/>
        <line num="74" count="0" type="stmt"/>
        <line num="81" count="14" type="stmt"/>
        <line num="83" count="14" type="stmt"/>
      </file>
      <file name="index.ts" path="/Users/awar/Documents/Mobius/frontend/components/MainContent/index.ts">
        <metrics statements="0" coveredstatements="0" conditionals="0" coveredconditionals="0" methods="0" coveredmethods="0"/>
      </file>
    </package>
    <package name="components.MainContent.banners.VppRenewalMessage">
      <metrics statements="3" coveredstatements="2" conditionals="2" coveredconditionals="0" methods="1" coveredmethods="0"/>
      <file name="VppRenewalMessage.tsx" path="/Users/awar/Documents/Mobius/frontend/components/MainContent/banners/VppRenewalMessage/VppRenewalMessage.tsx">
        <metrics statements="3" coveredstatements="2" conditionals="2" coveredconditionals="0" methods="1" coveredmethods="0"/>
        <line num="6" count="4" type="stmt"/>
        <line num="12" count="4" type="stmt"/>
        <line num="13" count="0" type="stmt"/>
      </file>
      <file name="index.ts" path="/Users/awar/Documents/Mobius/frontend/components/MainContent/banners/VppRenewalMessage/index.ts">
        <metrics statements="0" coveredstatements="0" conditionals="0" coveredconditionals="0" methods="0" coveredmethods="0"/>
      </file>
    </package>
    <package name="components.MobiusMarkdown">
      <metrics statements="13" coveredstatements="10" conditionals="5" coveredconditionals="1" methods="5" coveredmethods="3"/>
      <file name="MobiusMarkdown.tsx" path="/Users/awar/Documents/Mobius/frontend/components/MobiusMarkdown/MobiusMarkdown.tsx">
        <metrics statements="13" coveredstatements="10" conditionals="5" coveredconditionals="1" methods="5" coveredmethods="3"/>
        <line num="17" count="1" type="stmt"/>
        <line num="22" count="1" type="stmt"/>
        <line num="27" count="17" type="stmt"/>
        <line num="29" count="17" type="stmt"/>
        <line num="37" count="0" type="stmt"/>
        <line num="42" count="8" type="stmt"/>
        <line num="43" count="0" type="cond" truecount="0" falsecount="2"/>
        <line num="46" count="8" type="stmt"/>
        <line num="47" count="8" type="stmt"/>
        <line num="52" count="8" type="stmt"/>
        <line num="57" count="8" type="cond" truecount="1" falsecount="1"/>
        <line num="58" count="0" type="stmt"/>
        <line num="63" count="8" type="stmt"/>
      </file>
      <file name="index.ts" path="/Users/awar/Documents/Mobius/frontend/components/MobiusMarkdown/index.ts">
        <metrics statements="0" coveredstatements="0" conditionals="0" coveredconditionals="0" methods="0" coveredmethods="0"/>
      </file>
    </package>
    <package name="components.Modal">
      <metrics statements="25" coveredstatements="21" conditionals="21" coveredconditionals="13" methods="7" coveredmethods="6"/>
      <file name="Modal.tsx" path="/Users/awar/Documents/Mobius/frontend/components/Modal/Modal.tsx">
        <metrics statements="25" coveredstatements="21" conditionals="21" coveredconditionals="13" methods="7" coveredmethods="6"/>
        <line num="6" count="26" type="stmt"/>
        <line num="43" count="26" type="stmt"/>
        <line num="55" count="320" type="stmt"/>
        <line num="56" count="176" type="stmt"/>
        <line num="57" count="121" type="cond" truecount="1" falsecount="1"/>
        <line num="58" count="0" type="stmt"/>
        <line num="62" count="176" type="cond" truecount="1" falsecount="1"/>
        <line num="63" count="176" type="stmt"/>
        <line num="66" count="176" type="stmt"/>
        <line num="67" count="176" type="cond" truecount="1" falsecount="1"/>
        <line num="68" count="176" type="stmt"/>
        <line num="73" count="320" type="stmt"/>
        <line num="74" count="54" type="cond" truecount="2" falsecount="0"/>
        <line num="75" count="7" type="stmt"/>
        <line num="76" count="0" type="cond" truecount="0" falsecount="4"/>
        <line num="77" count="0" type="stmt"/>
        <line num="78" count="0" type="stmt"/>
        <line num="82" count="7" type="stmt"/>
        <line num="83" count="7" type="stmt"/>
        <line num="84" count="7" type="stmt"/>
        <line num="89" count="320" type="stmt"/>
        <line num="93" count="320" type="stmt"/>
        <line num="102" count="320" type="stmt"/>
        <line num="106" count="320" type="stmt"/>
        <line num="110" count="320" type="stmt"/>
      </file>
      <file name="index.ts" path="/Users/awar/Documents/Mobius/frontend/components/Modal/index.ts">
        <metrics statements="0" coveredstatements="0" conditionals="0" coveredconditionals="0" methods="0" coveredmethods="0"/>
      </file>
    </package>
    <package name="components.ModalFooter">
      <metrics statements="4" coveredstatements="4" conditionals="5" coveredconditionals="2" methods="1" coveredmethods="1"/>
      <file name="ModalFooter.tsx" path="/Users/awar/Documents/Mobius/frontend/components/ModalFooter/ModalFooter.tsx">
        <metrics statements="4" coveredstatements="4" conditionals="5" coveredconditionals="2" methods="1" coveredmethods="1"/>
        <line num="5" count="5" type="stmt"/>
        <line num="15" count="5" type="stmt"/>
        <line num="21" count="19" type="stmt"/>
        <line num="23" count="19" type="stmt"/>
      </file>
      <file name="index.ts" path="/Users/awar/Documents/Mobius/frontend/components/ModalFooter/index.ts">
        <metrics statements="0" coveredstatements="0" conditionals="0" coveredconditionals="0" methods="0" coveredmethods="0"/>
      </file>
    </package>
    <package name="components.PaginatedList">
      <metrics statements="63" coveredstatements="61" conditionals="63" coveredconditionals="52" methods="15" coveredmethods="15"/>
      <file name="PaginatedList.tsx" path="/Users/awar/Documents/Mobius/frontend/components/PaginatedList/PaginatedList.tsx">
        <metrics statements="63" coveredstatements="61" conditionals="63" coveredconditionals="52" methods="15" coveredmethods="15"/>
        <line num="15" count="5" type="stmt"/>
        <line num="103" count="100" type="stmt"/>
        <line num="105" count="100" type="stmt"/>
        <line num="107" count="100" type="cond" truecount="2" falsecount="0"/>
        <line num="109" count="100" type="stmt"/>
        <line num="112" count="100" type="stmt"/>
        <line num="113" count="100" type="stmt"/>
        <line num="114" count="100" type="stmt"/>
        <line num="115" count="100" type="cond" truecount="2" falsecount="0"/>
        <line num="116" count="100" type="cond" truecount="2" falsecount="0"/>
        <line num="117" count="100" type="cond" truecount="1" falsecount="1"/>
        <line num="120" count="100" type="stmt"/>
        <line num="121" count="28" type="stmt"/>
        <line num="124" count="28" type="stmt"/>
        <line num="125" count="28" type="stmt"/>
        <line num="126" count="28" type="stmt"/>
        <line num="127" count="28" type="stmt"/>
        <line num="128" count="28" type="cond" truecount="1" falsecount="1"/>
        <line num="129" count="28" type="stmt"/>
        <line num="132" count="0" type="cond" truecount="0" falsecount="2"/>
        <line num="133" count="0" type="stmt"/>
        <line num="136" count="28" type="cond" truecount="1" falsecount="1"/>
        <line num="137" count="28" type="stmt"/>
        <line num="142" count="28" type="stmt"/>
        <line num="144" count="28" type="stmt"/>
        <line num="145" count="28" type="stmt"/>
        <line num="154" count="100" type="stmt"/>
        <line num="155" count="24" type="stmt"/>
        <line num="158" count="24" type="stmt"/>
        <line num="159" count="24" type="cond" truecount="2" falsecount="0"/>
        <line num="160" count="14" type="stmt"/>
        <line num="162" count="10" type="stmt"/>
        <line num="163" count="10" type="stmt"/>
        <line num="164" count="8" type="cond" truecount="1" falsecount="1"/>
        <line num="165" count="8" type="stmt"/>
        <line num="168" count="2" type="cond" truecount="1" falsecount="1"/>
        <line num="169" count="2" type="stmt"/>
        <line num="172" count="24" type="cond" truecount="1" falsecount="1"/>
        <line num="173" count="24" type="stmt"/>
        <line num="178" count="24" type="stmt"/>
        <line num="180" count="24" type="stmt"/>
        <line num="181" count="24" type="stmt"/>
        <line num="186" count="100" type="stmt"/>
        <line num="187" count="34" type="cond" truecount="2" falsecount="0"/>
        <line num="188" count="30" type="stmt"/>
        <line num="194" count="100" type="stmt"/>
        <line num="196" count="4" type="stmt"/>
        <line num="200" count="100" type="cond" truecount="2" falsecount="0"/>
        <line num="205" count="100" type="cond" truecount="2" falsecount="0"/>
        <line num="208" count="98" type="stmt"/>
        <line num="211" count="98" type="stmt"/>
        <line num="229" count="116" type="cond" truecount="2" falsecount="0"/>
        <line num="231" count="116" type="cond" truecount="1" falsecount="1"/>
        <line num="233" count="116" type="stmt"/>
        <line num="236" count="116" type="stmt"/>
        <line num="242" count="9" type="cond" truecount="1" falsecount="1"/>
        <line num="243" count="9" type="stmt"/>
        <line num="244" count="9" type="cond" truecount="2" falsecount="0"/>
        <line num="245" count="8" type="stmt"/>
        <line num="275" count="2" type="stmt"/>
        <line num="288" count="3" type="stmt"/>
        <line num="289" count="1" type="stmt"/>
        <line num="298" count="5" type="stmt"/>
      </file>
      <file name="index.ts" path="/Users/awar/Documents/Mobius/frontend/components/PaginatedList/index.ts">
        <metrics statements="0" coveredstatements="0" conditionals="0" coveredconditionals="0" methods="0" coveredmethods="0"/>
      </file>
    </package>
    <package name="components.Pagination">
      <metrics statements="6" coveredstatements="6" conditionals="3" coveredconditionals="3" methods="1" coveredmethods="1"/>
      <file name="Pagination.tsx" path="/Users/awar/Documents/Mobius/frontend/components/Pagination/Pagination.tsx">
        <metrics statements="6" coveredstatements="6" conditionals="3" coveredconditionals="3" methods="1" coveredmethods="1"/>
        <line num="7" count="32" type="stmt"/>
        <line num="21" count="32" type="stmt"/>
        <line num="29" count="187" type="stmt"/>
        <line num="31" count="187" type="cond" truecount="2" falsecount="0"/>
        <line num="32" count="164" type="stmt"/>
        <line num="35" count="23" type="stmt"/>
      </file>
      <file name="index.ts" path="/Users/awar/Documents/Mobius/frontend/components/Pagination/index.ts">
        <metrics statements="0" coveredstatements="0" conditionals="0" coveredconditionals="0" methods="0" coveredmethods="0"/>
      </file>
    </package>
    <package name="components.PlatformCompatibility">
      <metrics statements="21" coveredstatements="21" conditionals="18" coveredconditionals="18" methods="6" coveredmethods="6"/>
      <file name="PlatformCompatibility.tsx" path="/Users/awar/Documents/Mobius/frontend/components/PlatformCompatibility/PlatformCompatibility.tsx">
        <metrics statements="21" coveredstatements="21" conditionals="18" coveredconditionals="18" methods="6" coveredmethods="6"/>
        <line num="18" count="3" type="stmt"/>
        <line num="20" count="3" type="stmt"/>
        <line num="27" count="3" type="stmt"/>
        <line num="29" count="3" type="stmt"/>
        <line num="32" count="140" type="cond" truecount="2" falsecount="0"/>
        <line num="35" count="3" type="stmt"/>
        <line num="36" count="2" type="cond" truecount="2" falsecount="0"/>
        <line num="38" count="1" type="stmt"/>
        <line num="45" count="1" type="stmt"/>
        <line num="62" count="3" type="stmt"/>
        <line num="76" count="3" type="stmt"/>
        <line num="80" count="61" type="cond" truecount="2" falsecount="0"/>
        <line num="81" count="18" type="stmt"/>
        <line num="84" count="43" type="stmt"/>
        <line num="86" count="43" type="stmt"/>
        <line num="87" count="43" type="cond" truecount="4" falsecount="0"/>
        <line num="88" count="2" type="cond" truecount="2" falsecount="0"/>
        <line num="91" count="41" type="stmt"/>
        <line num="92" count="164" type="stmt"/>
        <line num="93" count="164" type="stmt"/>
        <line num="109" count="43" type="stmt"/>
      </file>
      <file name="index.ts" path="/Users/awar/Documents/Mobius/frontend/components/PlatformCompatibility/index.ts">
        <metrics statements="0" coveredstatements="0" conditionals="0" coveredconditionals="0" methods="0" coveredmethods="0"/>
      </file>
    </package>
    <package name="components.PlatformSelector">
      <metrics statements="15" coveredstatements="11" conditionals="3" coveredconditionals="2" methods="6" coveredmethods="2"/>
      <file name="PlatformSelector.tsx" path="/Users/awar/Documents/Mobius/frontend/components/PlatformSelector/PlatformSelector.tsx">
        <metrics statements="15" coveredstatements="11" conditionals="3" coveredconditionals="2" methods="6" coveredmethods="2"/>
        <line num="26" count="2" type="stmt"/>
        <line num="40" count="58" type="stmt"/>
        <line num="42" count="58" type="stmt"/>
        <line num="46" count="58" type="stmt"/>
        <line num="47" count="58" type="cond" truecount="2" falsecount="0"/>
        <line num="48" count="27" type="stmt"/>
        <line num="50" count="31" type="stmt"/>
        <line num="51" count="31" type="stmt"/>
        <line num="52" count="31" type="stmt"/>
        <line num="57" count="31" type="stmt"/>
        <line num="77" count="58" type="stmt"/>
        <line num="83" count="0" type="stmt"/>
        <line num="91" count="0" type="stmt"/>
        <line num="99" count="0" type="stmt"/>
        <line num="107" count="0" type="stmt"/>
      </file>
      <file name="index.ts" path="/Users/awar/Documents/Mobius/frontend/components/PlatformSelector/index.ts">
[...]
        <line num="6" count="11" type="stmt"/>
        <line num="7" count="29" type="stmt"/>
        <line num="9" count="29" type="cond" truecount="2" falsecount="0"/>
        <line num="11" count="18" type="cond" truecount="4" falsecount="0"/>
        <line num="12" count="3" type="cond" truecount="4" falsecount="0"/>
        <line num="13" count="1" type="stmt"/>
        <line num="15" count="2" type="stmt"/>
        <line num="17" count="2" type="cond" truecount="2" falsecount="0"/>
        <line num="18" count="1" type="stmt"/>
        <line num="21" count="15" type="cond" truecount="4" falsecount="0"/>
        <line num="22" count="4" type="stmt"/>
        <line num="24" count="11" type="stmt"/>
        <line num="28" count="11" type="stmt"/>
      </file>
    </package>
    <package name="utilities.file">
      <metrics statements="23" coveredstatements="23" conditionals="10" coveredconditionals="10" methods="4" coveredmethods="4"/>
      <file name="fileUtils.ts" path="/Users/awar/Documents/Mobius/frontend/utilities/file/fileUtils.ts">
        <metrics statements="23" coveredstatements="23" conditionals="10" coveredconditionals="10" methods="4" coveredmethods="4"/>
        <line num="8" count="4" type="stmt"/>
        <line num="22" count="4" type="stmt"/>
        <line num="26" count="4" type="stmt"/>
        <line num="36" count="4" type="stmt"/>
        <line num="37" count="38" type="stmt"/>
        <line num="38" count="38" type="stmt"/>
        <line num="41" count="38" type="stmt"/>
        <line num="42" count="140" type="stmt"/>
        <line num="43" count="140" type="stmt"/>
        <line num="48" count="38" type="cond" truecount="2" falsecount="0"/>
        <line num="49" count="6" type="stmt"/>
        <line num="50" count="32" type="cond" truecount="2" falsecount="0"/>
        <line num="51" count="27" type="stmt"/>
        <line num="55" count="38" type="cond" truecount="4" falsecount="0"/>
        <line num="56" count="4" type="stmt"/>
        <line num="59" count="38" type="stmt"/>
        <line num="63" count="4" type="stmt"/>
        <line num="64" count="20" type="stmt"/>
        <line num="65" count="20" type="cond" truecount="2" falsecount="0"/>
        <line num="66" count="4" type="stmt"/>
        <line num="68" count="16" type="stmt"/>
        <line num="72" count="4" type="stmt"/>
        <line num="73" count="7" type="stmt"/>
      </file>
    </package>
    <package name="utilities.format_api_errors">
      <metrics statements="7" coveredstatements="6" conditionals="4" coveredconditionals="3" methods="2" coveredmethods="2"/>
      <file name="format_api_errors.ts" path="/Users/awar/Documents/Mobius/frontend/utilities/format_api_errors/format_api_errors.ts">
        <metrics statements="7" coveredstatements="6" conditionals="4" coveredconditionals="3" methods="2" coveredmethods="2"/>
        <line num="2" count="1" type="cond" truecount="3" falsecount="1"/>
        <line num="3" count="0" type="stmt"/>
        <line num="6" count="1" type="stmt"/>
        <line num="7" count="1" type="stmt"/>
        <line num="9" count="1" type="stmt"/>
        <line num="10" count="2" type="stmt"/>
        <line num="13" count="1" type="stmt"/>
      </file>
      <file name="index.ts" path="/Users/awar/Documents/Mobius/frontend/utilities/format_api_errors/index.ts">
        <metrics statements="0" coveredstatements="0" conditionals="0" coveredconditionals="0" methods="0" coveredmethods="0"/>
      </file>
    </package>
    <package name="utilities.generate_csv">
      <metrics statements="13" coveredstatements="5" conditionals="2" coveredconditionals="0" methods="7" coveredmethods="0"/>
      <file name="index.ts" path="/Users/awar/Documents/Mobius/frontend/utilities/generate_csv/index.ts">
        <metrics statements="13" coveredstatements="5" conditionals="2" coveredconditionals="0" methods="7" coveredmethods="0"/>
        <line num="6" count="2" type="stmt"/>
        <line num="7" count="0" type="stmt"/>
        <line num="8" count="0" type="stmt"/>
        <line num="10" count="0" type="stmt"/>
        <line num="13" count="2" type="stmt"/>
        <line num="14" count="0" type="stmt"/>
        <line num="18" count="2" type="stmt"/>
        <line num="24" count="0" type="stmt"/>
        <line num="27" count="0" type="stmt"/>
        <line num="40" count="2" type="stmt"/>
        <line num="44" count="0" type="stmt"/>
        <line num="50" count="2" type="stmt"/>
        <line num="54" count="0" type="stmt"/>
      </file>
    </package>
    <package name="utilities.permissions">
      <metrics statements="65" coveredstatements="35" conditionals="26" coveredconditionals="6" methods="33" coveredmethods="10"/>
      <file name="index.ts" path="/Users/awar/Documents/Mobius/frontend/utilities/permissions/index.ts">
        <metrics statements="0" coveredstatements="0" conditionals="0" coveredconditionals="0" methods="0" coveredmethods="0"/>
      </file>
      <file name="permissions.ts" path="/Users/awar/Documents/Mobius/frontend/utilities/permissions/permissions.ts">
        <metrics statements="65" coveredstatements="35" conditionals="26" coveredconditionals="6" methods="33" coveredmethods="10"/>
        <line num="4" count="169" type="stmt"/>
        <line num="5" count="0" type="stmt"/>
        <line num="8" count="169" type="stmt"/>
        <line num="9" count="0" type="stmt"/>
        <line num="12" count="169" type="stmt"/>
        <line num="13" count="0" type="stmt"/>
        <line num="16" count="169" type="stmt"/>
        <line num="17" count="0" type="stmt"/>
        <line num="20" count="169" type="stmt"/>
        <line num="21" count="0" type="stmt"/>
        <line num="24" count="169" type="stmt"/>
        <line num="25" count="0" type="stmt"/>
        <line num="28" count="169" type="stmt"/>
        <line num="29" count="9" type="stmt"/>
        <line num="32" count="169" type="stmt"/>
        <line num="33" count="0" type="stmt"/>
        <line num="36" count="169" type="stmt"/>
        <line num="37" count="43" type="stmt"/>
        <line num="42" count="169" type="stmt"/>
        <line num="43" count="3" type="stmt"/>
        <line num="47" count="169" type="stmt"/>
        <line num="51" count="46" type="stmt"/>
        <line num="52" count="46" type="cond" truecount="2" falsecount="0"/>
        <line num="55" count="169" type="stmt"/>
        <line num="59" count="40" type="stmt"/>
        <line num="60" count="40" type="stmt"/>
        <line num="63" count="169" type="stmt"/>
        <line num="67" count="40" type="stmt"/>
        <line num="68" count="40" type="stmt"/>
        <line num="71" count="169" type="stmt"/>
        <line num="75" count="0" type="stmt"/>
        <line num="76" count="0" type="cond" truecount="0" falsecount="2"/>
        <line num="80" count="169" type="stmt"/>
        <line num="81" count="0" type="cond" truecount="0" falsecount="2"/>
        <line num="82" count="0" type="stmt"/>
        <line num="85" count="0" type="stmt"/>
        <line num="88" count="169" type="stmt"/>
        <line num="89" count="0" type="cond" truecount="0" falsecount="2"/>
        <line num="90" count="0" type="stmt"/>
        <line num="93" count="0" type="stmt"/>
        <line num="96" count="169" type="stmt"/>
        <line num="97" count="0" type="cond" truecount="0" falsecount="2"/>
        <line num="98" count="0" type="stmt"/>
        <line num="101" count="0" type="stmt"/>
        <line num="104" count="169" type="stmt"/>
        <line num="105" count="0" type="cond" truecount="0" falsecount="2"/>
        <line num="106" count="0" type="stmt"/>
        <line num="107" count="0" type="cond" truecount="0" falsecount="2"/>
        <line num="111" count="0" type="stmt"/>
        <line num="114" count="169" type="stmt"/>
        <line num="115" count="3" type="cond" truecount="1" falsecount="1"/>
        <line num="116" count="0" type="stmt"/>
        <line num="120" count="3" type="cond" truecount="1" falsecount="1"/>
        <line num="121" count="0" type="stmt"/>
        <line num="122" count="0" type="cond" truecount="0" falsecount="2"/>
        <line num="126" count="3" type="stmt"/>
        <line num="129" count="169" type="stmt"/>
        <line num="130" count="0" type="stmt"/>
        <line num="133" count="169" type="stmt"/>
        <line num="137" count="0" type="stmt"/>
        <line num="138" count="0" type="stmt"/>
        <line num="141" count="169" type="stmt"/>
        <line num="142" count="0" type="cond" truecount="0" falsecount="2"/>
        <line num="145" count="169" type="stmt"/>
        <line num="146" count="0" type="cond" truecount="0" falsecount="2"/>
      </file>
    </package>
    <package name="utilities.sort">
      <metrics statements="42" coveredstatements="16" conditionals="40" coveredconditionals="11" methods="5" coveredmethods="2"/>
      <file name="index.ts" path="/Users/awar/Documents/Mobius/frontend/utilities/sort/index.ts">
        <metrics statements="0" coveredstatements="0" conditionals="0" coveredconditionals="0" methods="0" coveredmethods="0"/>
      </file>
      <file name="sort_functions.ts" path="/Users/awar/Documents/Mobius/frontend/utilities/sort/sort_functions.ts">
        <metrics statements="42" coveredstatements="16" conditionals="40" coveredconditionals="11" methods="5" coveredmethods="2"/>
        <line num="1" count="169" type="stmt"/>
        <line num="2" count="0" type="cond" truecount="0" falsecount="4"/>
        <line num="3" count="0" type="stmt"/>
        <line num="5" count="0" type="cond" truecount="0" falsecount="4"/>
        <line num="6" count="0" type="stmt"/>
        <line num="8" count="0" type="stmt"/>
        <line num="11" count="169" type="stmt"/>
        <line num="12" count="25" type="cond" truecount="1" falsecount="1"/>
        <line num="13" count="25" type="cond" truecount="1" falsecount="1"/>
        <line num="15" count="25" type="cond" truecount="2" falsecount="0"/>
        <line num="16" count="4" type="stmt"/>
        <line num="18" count="21" type="cond" truecount="2" falsecount="0"/>
        <line num="19" count="15" type="stmt"/>
        <line num="21" count="6" type="stmt"/>
        <line num="27" count="169" type="stmt"/>
        <line num="28" count="0" type="stmt"/>
        <line num="29" count="0" type="stmt"/>
        <line num="31" count="0" type="cond" truecount="0" falsecount="4"/>
        <line num="32" count="0" type="stmt"/>
        <line num="34" count="0" type="cond" truecount="0" falsecount="2"/>
        <line num="35" count="0" type="stmt"/>
        <line num="37" count="0" type="cond" truecount="0" falsecount="2"/>
        <line num="38" count="0" type="stmt"/>
        <line num="40" count="0" type="cond" truecount="0" falsecount="2"/>
        <line num="41" count="0" type="stmt"/>
        <line num="43" count="0" type="cond" truecount="0" falsecount="2"/>
        <line num="44" count="0" type="stmt"/>
        <line num="46" count="0" type="stmt"/>
        <line num="49" count="169" type="stmt"/>
        <line num="50" count="3" type="cond" truecount="2" falsecount="2"/>
        <line num="51" count="0" type="stmt"/>
        <line num="53" count="3" type="cond" truecount="3" falsecount="1"/>
        <line num="54" count="0" type="stmt"/>
        <line num="56" count="3" type="stmt"/>
        <line num="59" count="169" type="stmt"/>
        <line num="61" count="169" type="stmt"/>
        <line num="62" count="0" type="stmt"/>
        <line num="66" count="0" type="cond" truecount="0" falsecount="2"/>
        <line num="67" count="0" type="stmt"/>
        <line num="69" count="0" type="cond" truecount="0" falsecount="2"/>
        <line num="70" count="0" type="stmt"/>
        <line num="72" count="0" type="stmt"/>
      </file>
    </package>
    <package name="utilities.strings">
      <metrics statements="31" coveredstatements="25" conditionals="16" coveredconditionals="12" methods="11" coveredmethods="7"/>
      <file name="index.ts" path="/Users/awar/Documents/Mobius/frontend/utilities/strings/index.ts">
        <metrics statements="0" coveredstatements="0" conditionals="0" coveredconditionals="0" methods="0" coveredmethods="0"/>
      </file>
      <file name="stringUtils.ts" path="/Users/awar/Documents/Mobius/frontend/utilities/strings/stringUtils.ts">
        <metrics statements="31" coveredstatements="25" conditionals="16" coveredconditionals="12" methods="11" coveredmethods="7"/>
        <line num="7" count="169" type="stmt"/>
        <line num="8" count="0" type="stmt"/>
        <line num="11" count="169" type="stmt"/>
        <line num="12" count="0" type="cond" truecount="0" falsecount="2"/>
        <line num="13" count="0" type="stmt"/>
        <line num="15" count="0" type="cond" truecount="0" falsecount="2"/>
        <line num="16" count="0" type="stmt"/>
        <line num="18" count="0" type="stmt"/>
        <line num="21" count="169" type="stmt"/>
        <line num="34" count="169" type="stmt"/>
        <line num="35" count="8" type="stmt"/>
        <line num="36" count="19" type="cond" truecount="2" falsecount="0"/>
        <line num="37" count="15" type="stmt"/>
        <line num="38" count="15" type="cond" truecount="2" falsecount="0"/>
        <line num="40" count="5" type="stmt"/>
        <line num="42" count="10" type="stmt"/>
        <line num="44" count="4" type="stmt"/>
        <line num="47" count="8" type="stmt"/>
        <line num="68" count="169" type="stmt"/>
        <line num="74" count="11" type="cond" truecount="2" falsecount="0"/>
        <line num="77" count="169" type="stmt"/>
        <line num="78" count="17" type="cond" truecount="2" falsecount="0"/>
        <line num="81" count="169" type="stmt"/>
        <line num="83" count="4" type="stmt"/>
        <line num="87" count="4" type="stmt"/>
        <line num="88" count="4" type="cond" truecount="2" falsecount="0"/>
        <line num="91" count="169" type="stmt"/>
        <line num="92" count="14" type="stmt"/>
        <line num="93" count="14" type="stmt"/>
        <line num="101" count="169" type="stmt"/>
        <line num="102" count="16" type="stmt"/>
      </file>
    </package>
    <package name="utilities.url">
      <metrics statements="92" coveredstatements="40" conditionals="89" coveredconditionals="20" methods="16" coveredmethods="9"/>
      <file name="index.ts" path="/Users/awar/Documents/Mobius/frontend/utilities/url/index.ts">
        <metrics statements="92" coveredstatements="40" conditionals="89" coveredconditionals="20" methods="16" coveredmethods="9"/>
        <line num="55" count="170" type="stmt"/>
        <line num="60" count="12" type="stmt"/>
        <line num="61" count="0" type="cond" truecount="0" falsecount="4"/>
        <line num="62" count="0" type="cond" truecount="0" falsecount="2"/>
        <line num="64" count="0" type="stmt"/>
        <line num="67" count="12" type="cond" truecount="1" falsecount="1"/>
        <line num="68" count="0" type="cond" truecount="0" falsecount="2"/>
        <line num="70" count="12" type="cond" truecount="1" falsecount="1"/>
        <line num="71" count="0" type="stmt"/>
        <line num="72" count="0" type="cond" truecount="0" falsecount="4"/>
        <line num="76" count="12" type="stmt"/>
        <line num="79" count="170" type="stmt"/>
        <line num="84" count="593" type="cond" truecount="2" falsecount="0"/>
        <line num="85" count="593" type="stmt"/>
        <line num="88" count="170" type="stmt"/>
        <line num="89" count="398" type="stmt"/>
        <line num="91" count="867" type="cond" truecount="3" falsecount="0"/>
        <line num="101" count="170" type="stmt"/>
        <line num="102" count="398" type="stmt"/>
        <line num="104" count="398" type="stmt"/>
        <line num="105" count="398" type="cond" truecount="2" falsecount="0"/>
        <line num="106" count="389" type="stmt"/>
        <line num="112" count="398" type="stmt"/>
        <line num="121" count="170" type="stmt"/>
        <line num="125" count="235" type="cond" truecount="2" falsecount="0"/>
        <line num="126" count="2" type="stmt"/>
        <line num="129" count="233" type="stmt"/>
        <line num="130" count="233" type="cond" truecount="2" falsecount="0"/>
        <line num="133" count="170" type="stmt"/>
        <line num="147" count="0" type="cond" truecount="0" falsecount="2"/>
        <line num="152" count="0" type="stmt"/>
        <line num="159" count="0" type="cond" truecount="0" falsecount="2"/>
        <line num="160" count="0" type="stmt"/>
        <line num="163" count="0" type="cond" truecount="0" falsecount="2"/>
        <line num="164" count="0" type="stmt"/>
        <line num="167" count="0" type="cond" truecount="0" falsecount="2"/>
        <line num="168" count="0" type="stmt"/>
        <line num="171" count="0" type="stmt"/>
        <line num="174" count="170" type="stmt"/>
        <line num="180" count="7" type="stmt"/>
        <line num="182" count="7" type="cond" truecount="2" falsecount="0"/>
        <line num="184" count="2" type="stmt"/>
        <line num="187" count="5" type="cond" truecount="2" falsecount="0"/>
        <line num="190" count="3" type="stmt"/>
        <line num="191" count="3" type="cond" truecount="2" falsecount="0"/>
        <line num="193" count="5" type="cond" truecount="1" falsecount="1"/>
        <line num="196" count="0" type="stmt"/>
        <line num="197" count="0" type="cond" truecount="0" falsecount="2"/>
        <line num="200" count="5" type="stmt"/>
        <line num="203" count="170" type="stmt"/>
        <line num="228" count="0" type="cond" truecount="0" falsecount="2"/>
        <line num="231" count="0" type="cond" truecount="0" falsecount="2"/>
        <line num="232" count="0" type="stmt"/>
        <line num="234" count="0" type="cond" truecount="0" falsecount="2"/>
        <line num="235" count="0" type="stmt"/>
        <line num="237" count="0" type="cond" truecount="0" falsecount="2"/>
        <line num="238" count="0" type="stmt"/>
        <line num="240" count="0" type="stmt"/>
        <line num="243" count="0" type="cond" truecount="0" falsecount="17"/>
        <line num="245" count="0" type="stmt"/>
        <line num="247" count="0" type="stmt"/>
        <line num="249" count="0" type="stmt"/>
        <line num="251" count="0" type="stmt"/>
        <line num="256" count="0" type="stmt"/>
        <line num="264" count="0" type="stmt"/>
        <line num="266" count="0" type="stmt"/>
        <line num="268" count="0" type="stmt"/>
        <line num="270" count="0" type="stmt"/>
        <line num="272" count="0" type="stmt"/>
        <line num="274" count="0" type="stmt"/>
        <line num="276" count="0" type="stmt"/>
        <line num="278" count="0" type="stmt"/>
        <line num="280" count="0" type="stmt"/>
        <line num="282" count="0" type="stmt"/>
        <line num="287" count="0" type="stmt"/>
        <line num="292" count="0" type="stmt"/>
        <line num="296" count="170" type="stmt"/>
        <line num="298" count="170" type="stmt"/>
        <line num="299" count="0" type="cond" truecount="0" falsecount="2"/>
        <line num="301" count="0" type="stmt"/>
        <line num="302" count="0" type="cond" truecount="0" falsecount="2"/>
        <line num="304" count="0" type="stmt"/>
        <line num="305" count="0" type="cond" truecount="0" falsecount="2"/>
        <line num="308" count="170" type="stmt"/>
        <line num="309" count="0" type="cond" truecount="0" falsecount="2"/>
        <line num="311" count="0" type="stmt"/>
        <line num="312" count="0" type="cond" truecount="0" falsecount="2"/>
        <line num="314" count="0" type="stmt"/>
        <line num="323" count="170" type="stmt"/>
        <line num="326" count="10" type="stmt"/>
        <line num="329" count="30" type="stmt"/>
        <line num="330" count="30" type="stmt"/>
      </file>
    </package>
  </project>
</coverage>
