TN:
SF:frontend/components/ActionsDropdown/ActionsDropdown.tsx
FN:31,(anonymous_0)
FN:35,(anonymous_1)
FN:46,(anonymous_2)
FN:55,(anonymous_3)
FN:77,(anonymous_4)
FN:107,(anonymous_5)
FN:119,(anonymous_6)
FN:126,(anonymous_7)
FN:157,(anonymous_8)
FN:167,(anonymous_9)
FN:175,(anonymous_10)
FN:189,(anonymous_11)
FN:194,(anonymous_12)
FN:198,(anonymous_13)
FN:233,(anonymous_14)
FN:235,(anonymous_15)
FN:239,(anonymous_16)
FN:243,(anonymous_17)
FNF:18
FNH:17
FNDA:156,(anonymous_0)
FNDA:89,(anonymous_1)
FNDA:89,(anonymous_2)
FNDA:136,(anonymous_3)
FNDA:156,(anonymous_4)
FNDA:45,(anonymous_5)
FNDA:1,(anonymous_6)
FNDA:136,(anonymous_7)
FNDA:136,(anonymous_8)
FNDA:136,(anonymous_9)
FNDA:89,(anonymous_10)
FNDA:89,(anonymous_11)
FNDA:136,(anonymous_12)
FNDA:156,(anonymous_13)
FNDA:136,(anonymous_14)
FNDA:0,(anonymous_15)
FNDA:774,(anonymous_16)
FNDA:954,(anonymous_17)
DA:18,3
DA:31,3
DA:32,156
DA:35,3
DA:36,89
DA:38,81
DA:40,0
DA:42,8
DA:46,3
DA:47,89
DA:49,81
DA:51,8
DA:55,3
DA:58,136
DA:62,136
DA:66,136
DA:77,3
DA:78,156
DA:81,156
DA:94,156
DA:107,3
DA:117,45
DA:119,45
DA:120,1
DA:121,1
DA:125,45
DA:126,136
DA:157,136
DA:167,136
DA:175,89
DA:189,89
DA:194,136
DA:198,156
DA:222,45
DA:233,136
DA:235,0
DA:239,774
DA:243,954
LF:38
LH:36
BRDA:32,0,0,45
BRDA:32,0,1,111
BRDA:36,1,0,81
BRDA:36,1,1,0
BRDA:36,1,2,8
BRDA:47,2,0,81
BRDA:47,2,1,8
BRDA:62,3,0,89
BRDA:62,3,1,47
BRDA:62,4,0,136
BRDA:62,4,1,47
BRDA:84,5,0,31
BRDA:84,5,1,125
BRDA:88,6,0,156
BRDA:88,6,1,0
BRDA:96,7,0,18
BRDA:96,7,1,138
BRDA:112,8,0,45
BRDA:114,9,0,5
BRDA:115,10,0,45
BRDA:120,11,0,1
BRDA:120,11,1,0
BRDA:150,12,0,136
BRDA:150,12,1,45
BRDA:159,13,0,89
BRDA:159,13,1,47
BRDA:206,14,0,31
BRDA:206,14,1,125
BRDA:211,15,0,31
BRDA:211,15,1,125
BRDA:215,16,0,156
BRDA:215,16,1,31
BRF:32
BRH:29
end_of_record
TN:
SF:frontend/components/ActionsDropdown/index.ts
FNF:0
FNH:0
LF:0
LH:0
BRF:0
BRH:0
end_of_record
TN:
SF:frontend/components/ActivityDetails/InstallDetails/constants.ts
FN:28,(anonymous_0)
FNF:1
FNH:0
FNDA:0,(anonymous_0)
DA:7,3
DA:19,3
DA:28,3
DA:31,0
DA:32,0
DA:34,0
DA:41,3
LF:7
LH:4
BRDA:31,0,0,0
BRDA:31,0,1,0
BRDA:35,1,0,0
BRDA:35,1,1,0
BRF:4
BRH:0
end_of_record
TN:
SF:frontend/components/ActivityDetails/InstallDetails/AppInstallDetails/AppInstallDetails.tsx
FN:41,(anonymous_0)
FN:53,(anonymous_1)
FN:56,(anonymous_2)
FN:164,(anonymous_3)
FNF:4
FNH:0
FNDA:0,(anonymous_0)
FNDA:0,(anonymous_1)
FNDA:0,(anonymous_2)
FNDA:0,(anonymous_3)
DA:27,3
DA:41,3
DA:48,0
DA:54,0
DA:57,0
DA:58,0
DA:62,0
DA:64,0
DA:77,0
DA:78,0
DA:81,0
DA:82,0
DA:83,0
DA:93,0
DA:94,0
DA:100,0
DA:106,0
DA:107,0
DA:114,0
DA:117,0
DA:118,0
DA:119,0
DA:122,0
DA:123,0
DA:126,0
DA:132,0
DA:134,0
DA:136,0
DA:164,3
DA:173,0
LF:30
LH:3
BRDA:43,0,0,0
BRDA:44,1,0,0
BRDA:45,2,0,0
BRDA:54,3,0,0
BRDA:54,3,1,0
BRDA:58,4,0,0
BRDA:58,4,1,0
BRDA:77,5,0,0
BRDA:77,5,1,0
BRDA:81,6,0,0
BRDA:81,6,1,0
BRDA:82,7,0,0
BRDA:82,7,1,0
BRDA:83,8,0,0
BRDA:83,8,1,0
BRDA:93,9,0,0
BRDA:93,9,1,0
BRDA:94,10,0,0
BRDA:94,10,1,0
BRDA:100,11,0,0
BRDA:100,11,1,0
BRDA:106,12,0,0
BRDA:106,12,1,0
BRDA:117,13,0,0
BRDA:117,13,1,0
BRDA:123,14,0,0
BRDA:123,14,1,0
BRDA:126,15,0,0
BRDA:126,15,1,0
BRDA:134,16,0,0
BRDA:134,16,1,0
BRDA:134,16,2,0
BRDA:140,17,0,0
BRDA:140,17,1,0
BRDA:146,18,0,0
BRDA:146,18,1,0
BRDA:151,19,0,0
BRDA:151,19,1,0
BRF:38
BRH:0
end_of_record
TN:
SF:frontend/components/ActivityDetails/InstallDetails/AppInstallDetails/index.ts
FNF:0
FNH:0
LF:0
LH:0
BRF:0
BRH:0
end_of_record
TN:
SF:frontend/components/ActivityDetails/InstallDetails/SoftwareInstallDetails/SoftwareInstallDetails.tsx
FN:40,(anonymous_0)
FN:82,(anonymous_1)
FN:99,(anonymous_2)
FN:110,(anonymous_3)
FN:118,(anonymous_4)
FN:119,(anonymous_5)
FN:179,(anonymous_6)
FNF:7
FNH:0
FNDA:0,(anonymous_0)
FNDA:0,(anonymous_1)
FNDA:0,(anonymous_2)
FNDA:0,(anonymous_3)
FNDA:0,(anonymous_4)
FNDA:0,(anonymous_5)
FNDA:0,(anonymous_6)
DA:30,3
DA:40,3
DA:52,0
DA:60,0
DA:61,0
DA:69,0
DA:82,3
DA:89,0
DA:99,3
DA:104,0
DA:111,0
DA:118,0
DA:119,0
DA:123,0
DA:124,0
DA:127,0
DA:128,0
DA:129,0
DA:139,0
DA:140,0
DA:148,0
DA:150,0
DA:157,0
DA:179,3
DA:188,0
LF:25
LH:5
BRDA:52,0,0,0
BRDA:52,0,1,0
BRDA:60,1,0,0
BRDA:60,1,1,0
BRDA:61,2,0,0
BRDA:61,2,1,0
BRDA:62,3,0,0
BRDA:62,3,1,0
BRDA:71,4,0,0
BRDA:71,4,1,0
BRDA:75,5,0,0
BRDA:75,5,1,0
BRDA:100,6,0,0
BRDA:101,7,0,0
BRDA:111,8,0,0
BRDA:111,8,1,0
BRDA:119,9,0,0
BRDA:119,9,1,0
BRDA:123,10,0,0
BRDA:123,10,1,0
BRDA:127,11,0,0
BRDA:127,11,1,0
BRDA:128,12,0,0
BRDA:128,12,1,0
BRDA:129,13,0,0
BRDA:129,13,1,0
BRDA:139,14,0,0
BRDA:139,14,1,0
BRDA:140,15,0,0
BRDA:140,15,1,0
BRDA:148,16,0,0
BRDA:148,16,1,0
BRDA:150,17,0,0
BRDA:150,17,1,0
BRDA:161,18,0,0
BRDA:161,18,1,0
BRDA:164,19,0,0
BRDA:164,19,1,0
BRDA:166,20,0,0
BRDA:166,20,1,0
BRDA:169,21,0,0
BRDA:169,21,1,0
BRDA:170,22,0,0
BRDA:170,22,1,0
BRF:44
BRH:0
end_of_record
TN:
SF:frontend/components/ActivityDetails/InstallDetails/SoftwareInstallDetails/index.ts
FNF:0
FNH:0
LF:0
LH:0
BRF:0
BRH:0
end_of_record
TN:
SF:frontend/components/ActivityDetails/InstallDetails/SoftwareUninstallDetailsModal/SoftwareUninstallDetailsModal.tsx
FN:39,(anonymous_0)
FN:77,(anonymous_1)
FN:89,(anonymous_2)
FN:99,(anonymous_3)
FN:142,(anonymous_4)
FNF:5
FNH:0
FNDA:0,(anonymous_0)
FNDA:0,(anonymous_1)
FNDA:0,(anonymous_2)
FNDA:0,(anonymous_3)
FNDA:0,(anonymous_4)
DA:23,2
DA:39,2
DA:45,0
DA:51,0
DA:53,0
DA:59,0
DA:77,2
DA:84,0
DA:90,0
DA:99,0
DA:103,0
DA:104,0
DA:105,0
DA:106,0
DA:112,0
DA:113,0
DA:114,0
DA:116,0
DA:118,0
DA:120,0
DA:142,2
DA:151,0
LF:22
LH:4
BRDA:45,0,0,0
BRDA:45,0,1,0
BRDA:53,1,0,0
BRDA:53,1,1,0
BRDA:53,2,0,0
BRDA:53,2,1,0
BRDA:63,3,0,0
BRDA:63,3,1,0
BRDA:70,4,0,0
BRDA:70,4,1,0
BRDA:78,5,0,0
BRDA:79,6,0,0
BRDA:80,7,0,0
BRDA:81,8,0,0
BRDA:90,9,0,0
BRDA:90,9,1,0
BRDA:99,10,0,0
BRDA:99,10,1,0
BRDA:103,11,0,0
BRDA:103,11,1,0
BRDA:105,12,0,0
BRDA:105,12,1,0
BRDA:105,13,0,0
BRDA:105,13,1,0
BRDA:112,14,0,0
BRDA:112,14,1,0
BRDA:114,15,0,0
BRDA:114,15,1,0
BRDA:118,16,0,0
BRDA:118,16,1,0
BRDA:128,17,0,0
BRDA:128,17,1,0
BRDA:128,17,2,0
BRF:33
BRH:0
end_of_record
TN:
SF:frontend/components/ActivityDetails/InstallDetails/SoftwareUninstallDetailsModal/index.ts
FNF:0
FNH:0
LF:0
LH:0
BRF:0
BRH:0
end_of_record
TN:
SF:frontend/components/ActivityItem/ActivityItem.tsx
FN:27,(anonymous_0)
FN:89,(anonymous_1)
FN:118,(anonymous_2)
FN:129,(anonymous_3)
FNF:4
FNH:2
FNDA:123,(anonymous_0)
FNDA:123,(anonymous_1)
FNDA:0,(anonymous_2)
FNDA:0,(anonymous_3)
DA:25,9
DA:27,9
DA:30,123
DA:31,123
DA:33,0
DA:89,9
DA:100,123
DA:101,123
DA:106,123
DA:107,123
DA:108,123
DA:110,0
DA:113,123
DA:118,123
DA:121,0
DA:122,0
DA:129,123
DA:130,0
DA:131,0
DA:134,123
DA:136,123
LF:21
LH:15
BRDA:30,0,0,123
BRDA:30,0,1,0
BRDA:94,1,0,0
BRDA:95,2,0,0
BRDA:96,3,0,123
BRDA:97,4,0,22
BRDA:98,5,0,123
BRDA:101,6,0,123
BRDA:101,6,1,0
BRDA:164,7,0,123
BRDA:164,7,1,123
BRDA:166,8,0,123
BRDA:166,8,1,123
BRDA:180,9,0,123
BRDA:180,9,1,15
BRDA:189,10,0,123
BRDA:189,10,1,0
BRF:17
BRH:12
end_of_record
TN:
SF:frontend/components/ActivityItem/index.ts
FNF:0
FNH:0
LF:0
LH:0
BRF:0
BRH:0
end_of_record
TN:
SF:frontend/components/AddHostsModal/AddHostsModal.tsx
FN:24,(anonymous_0)
FN:41,(anonymous_1)
FN:48,(anonymous_2)
FN:53,(anonymous_3)
FNF:4
FNH:3
FNDA:9,(anonymous_0)
FNDA:7,(anonymous_1)
FNDA:0,(anonymous_2)
FNDA:9,(anonymous_3)
DA:13,1
DA:24,1
DA:32,9
DA:33,9
DA:39,9
DA:41,7
DA:48,9
DA:49,0
DA:50,0
DA:53,9
DA:54,9
DA:55,1
DA:57,8
DA:58,1
DA:75,7
DA:87,9
LF:16
LH:14
BRDA:33,0,0,9
BRDA:33,0,1,7
BRDA:33,0,2,9
BRDA:50,1,0,0
BRDA:50,1,1,0
BRDA:54,2,0,1
BRDA:54,2,1,8
BRDA:57,3,0,1
BRDA:57,3,1,7
BRDA:62,4,0,1
BRDA:62,4,1,0
BRF:11
BRH:8
end_of_record
TN:
SF:frontend/components/AddHostsModal/PlatformWrapper/PlatformWrapper.tsx
FN:71,(anonymous_0)
FN:129,(anonymous_1)
FN:140,(anonymous_2)
FN:151,(anonymous_3)
FN:170,(anonymous_4)
FN:225,(anonymous_5)
FN:237,(anonymous_6)
FN:258,(anonymous_7)
FN:372,(anonymous_8)
FN:385,(anonymous_9)
FN:385,(anonymous_10)
FN:479,(anonymous_11)
FN:488,(anonymous_12)
FN:510,(anonymous_13)
FN:514,(anonymous_14)
FN:524,(anonymous_15)
FNF:16
FNH:10
FNDA:23,(anonymous_0)
FNDA:0,(anonymous_1)
FNDA:0,(anonymous_2)
FNDA:0,(anonymous_3)
FNDA:25,(anonymous_4)
FNDA:92,(anonymous_5)
FNDA:94,(anonymous_6)
FNDA:161,(anonymous_7)
FNDA:0,(anonymous_8)
FNDA:2,(anonymous_9)
FNDA:2,(anonymous_10)
FNDA:0,(anonymous_11)
FNDA:0,(anonymous_12)
FNDA:14,(anonymous_13)
FNDA:161,(anonymous_14)
FNDA:161,(anonymous_15)
DA:29,1
DA:69,1
DA:71,1
DA:79,23
DA:81,23
DA:84,23
DA:85,23
DA:87,23
DA:89,23
DA:90,23
DA:91,23
DA:92,23
DA:93,23
DA:96,0
DA:97,0
DA:101,23
DA:129,23
DA:130,0
DA:132,0
DA:133,0
DA:135,0
DA:137,0
DA:140,23
DA:141,0
DA:143,0
DA:144,0
DA:146,0
DA:148,0
DA:151,23
DA:152,0
DA:154,0
DA:155,0
DA:156,0
DA:160,0
DA:162,0
DA:167,0
DA:170,23
DA:171,25
DA:225,23
DA:226,92
DA:237,23
DA:238,94
DA:258,23
DA:259,161
DA:273,161
DA:274,23
DA:280,138
DA:281,23
DA:286,115
DA:287,23
DA:289,92
DA:292,161
DA:293,23
DA:342,138
DA:343,23
DA:346,115
DA:347,23
DA:350,92
DA:351,23
DA:372,0
DA:385,2
DA:465,69
DA:479,0
DA:488,0
DA:506,23
DA:510,14
DA:517,161
DA:527,161
LF:68
LH:46
BRDA:87,0,0,23
BRDA:87,0,1,0
BRDA:90,1,0,23
BRDA:90,1,1,0
BRDA:92,2,0,23
BRDA:92,2,1,0
BRDA:96,3,0,0
BRDA:96,3,1,0
BRDA:154,4,0,0
BRDA:154,4,1,0
BRDA:154,5,0,0
BRDA:154,5,1,0
BRDA:173,6,0,2
BRDA:173,6,1,23
BRDA:187,7,0,25
BRDA:187,7,1,25
BRDA:192,8,0,25
BRDA:192,8,1,0
BRDA:193,9,0,0
BRDA:193,9,1,0
BRDA:195,10,0,0
BRDA:195,10,1,0
BRDA:226,11,0,23
BRDA:226,11,1,69
BRDA:229,12,0,45
BRDA:229,12,1,24
BRDA:229,13,0,69
BRDA:229,13,1,69
BRDA:232,14,0,69
BRDA:232,14,1,0
BRDA:240,15,0,94
BRDA:240,15,1,92
BRDA:273,16,0,23
BRDA:273,16,1,138
BRDA:280,17,0,23
BRDA:280,17,1,115
BRDA:286,18,0,23
BRDA:286,18,1,92
BRDA:292,19,0,23
BRDA:292,19,1,138
BRDA:342,20,0,23
BRDA:342,20,1,115
BRDA:346,21,0,23
BRDA:346,21,1,92
BRDA:350,22,0,23
BRDA:350,22,1,69
BRDA:387,23,0,23
BRDA:387,23,1,2
BRDA:417,24,0,0
BRDA:417,24,1,2
BRDA:468,25,0,69
BRDA:468,25,1,46
BRF:52
BRH:36
end_of_record
TN:
SF:frontend/components/AddHostsModal/PlatformWrapper/AndroidPanel/AndroidPanel.tsx
FN:10,(anonymous_0)
FN:22,(anonymous_1)
FNF:2
FNH:2
FNDA:1,(anonymous_0)
FNDA:2,(anonymous_1)
DA:10,1
DA:11,1
DA:16,1
DA:22,1
DA:23,2
DA:25,2
DA:27,2
DA:28,1
DA:38,1
DA:40,1
LF:10
LH:10
BRDA:25,0,0,0
BRDA:25,0,1,2
BRDA:27,1,0,1
BRDA:27,1,1,1
BRF:4
BRH:3
end_of_record
TN:
SF:frontend/components/AddHostsModal/PlatformWrapper/AndroidPanel/index.ts
FNF:0
FNH:0
LF:0
LH:0
BRF:0
BRH:0
end_of_record
TN:
SF:frontend/components/AddHostsModal/PlatformWrapper/IosIpadosPanel/IosIpadosPanel.tsx
FN:10,(anonymous_0)
FN:22,(anonymous_1)
FNF:2
FNH:2
FNDA:1,(anonymous_0)
FNDA:2,(anonymous_1)
DA:10,1
DA:11,1
DA:16,1
DA:22,1
DA:23,2
DA:26,2
DA:30,2
DA:32,2
DA:33,1
DA:41,1
DA:43,1
LF:11
LH:11
BRDA:30,0,0,0
BRDA:30,0,1,2
BRDA:32,1,0,1
BRDA:32,1,1,1
BRF:4
BRH:3
end_of_record
TN:
SF:frontend/components/AddHostsModal/PlatformWrapper/IosIpadosPanel/index.ts
FNF:0
FNH:0
LF:0
LH:0
BRF:0
BRH:0
end_of_record
TN:
SF:frontend/components/Avatar/Avatar.tsx
FN:13,(anonymous_0)
FN:95,(anonymous_1)
FN:105,(anonymous_2)
FN:108,(anonymous_3)
FNF:4
FNH:2
FNDA:1,(anonymous_0)
FNDA:185,(anonymous_1)
FNDA:0,(anonymous_2)
FNDA:0,(anonymous_3)
DA:13,12
DA:14,1
DA:93,12
DA:95,12
DA:102,185
DA:103,185
DA:105,185
DA:106,0
DA:108,185
DA:109,0
DA:112,185
DA:116,185
DA:118,185
LF:13
LH:11
BRDA:100,0,0,61
BRDA:120,1,0,1
BRDA:120,1,1,184
BRDA:126,2,0,184
BRDA:126,2,1,0
BRDA:126,3,0,184
BRDA:126,3,1,0
BRDA:128,4,0,184
BRDA:128,4,1,0
BRF:9
BRH:6
end_of_record
TN:
SF:frontend/components/Avatar/index.ts
FNF:0
FNH:0
LF:0
LH:0
BRF:0
BRH:0
end_of_record
TN:
SF:frontend/components/AvatarTopNav/AvatarTopNav.tsx
FN:18,(anonymous_0)
FN:22,(anonymous_1)
FN:25,(anonymous_2)
FNF:3
FNH:1
FNDA:9,(anonymous_0)
FNDA:0,(anonymous_1)
FNDA:0,(anonymous_2)
DA:16,1
DA:18,1
DA:19,9
DA:20,9
DA:22,9
DA:23,0
DA:25,9
DA:26,0
DA:29,9
DA:32,9
DA:34,9
LF:11
LH:9
BRDA:38,0,0,9
BRDA:38,0,1,0
BRDA:38,1,0,9
BRDA:38,1,1,0
BRDA:39,2,0,9
BRDA:39,2,1,9
BRF:6
BRH:4
end_of_record
TN:
SF:frontend/components/AvatarTopNav/index.ts
FNF:0
FNH:0
LF:0
LH:0
BRF:0
BRH:0
end_of_record
TN:
SF:frontend/components/BackLink/BackLink.tsx
FN:15,(anonymous_0)
FN:16,(anonymous_1)
FNF:2
FNH:1
FNDA:1,(anonymous_0)
FNDA:0,(anonymous_1)
DA:13,1
DA:15,1
DA:16,1
DA:17,0
DA:18,0
DA:19,0
DA:22,1
LF:7
LH:4
BRDA:17,0,0,0
BRDA:17,0,1,0
BRDA:25,1,0,1
BRDA:25,1,1,1
BRF:4
BRH:2
end_of_record
TN:
SF:frontend/components/Card/Card.tsx
FN:49,(anonymous_0)
FNF:1
FNH:1
FNDA:75,(anonymous_0)
DA:8,27
DA:49,27
DA:59,75
DA:73,75
DA:76,3
DA:82,72
LF:6
LH:6
BRDA:51,0,0,40
BRDA:52,1,0,47
BRDA:53,2,0,33
BRDA:55,3,0,75
BRDA:56,4,0,43
BRDA:66,5,0,75
BRDA:66,5,1,75
BRDA:73,6,0,3
BRDA:73,6,1,72
BRF:9
BRH:9
end_of_record
TN:
SF:frontend/components/Card/index.ts
FNF:0
FNH:0
LF:0
LH:0
BRF:0
BRH:0
end_of_record
TN:
SF:frontend/components/CardHeader/CardHeader.tsx
FN:14,(anonymous_0)
FNF:1
FNH:1
FNDA:18,(anonymous_0)
DA:4,3
DA:14,3
DA:15,18
DA:17,18
LF:4
LH:4
BRDA:19,0,0,18
BRDA:19,0,1,18
BRDA:20,1,0,18
BRDA:20,1,1,17
BRF:4
BRH:4
end_of_record
TN:
SF:frontend/components/CardHeader/index.ts
FNF:0
FNH:0
LF:0
LH:0
BRF:0
BRH:0
end_of_record
TN:
SF:frontend/components/ClickOutside/ClickOutside.jsx
FN:6,(anonymous_0)
FN:11,(anonymous_1)
FN:22,(anonymous_2)
FN:27,(anonymous_3)
FN:31,(anonymous_4)
FNF:5
FNH:1
FNDA:1,(anonymous_0)
FNDA:0,(anonymous_1)
FNDA:0,(anonymous_2)
FNDA:0,(anonymous_3)
FNDA:0,(anonymous_4)
DA:12,0
DA:13,0
DA:14,0
DA:16,0
DA:18,0
DA:19,0
DA:23,0
DA:24,0
DA:27,0
DA:28,0
DA:32,0
DA:33,0
DA:37,1
LF:13
LH:1
BRDA:8,0,0,0
BRDA:8,1,0,0
BRF:2
BRH:0
end_of_record
TN:
SF:frontend/components/ClickOutside/helpers.js
FN:1,(anonymous_0)
FN:2,(anonymous_1)
FNF:2
FNH:0
FNDA:0,(anonymous_0)
FNDA:0,(anonymous_1)
DA:1,1
DA:2,0
DA:3,0
DA:5,0
DA:7,0
LF:5
LH:1
BRDA:5,0,0,0
BRDA:5,0,1,0
BRF:2
BRH:0
end_of_record
TN:
SF:frontend/components/ClickOutside/index.js
FNF:0
FNH:0
LF:0
LH:0
BRF:0
BRH:0
end_of_record
TN:
SF:frontend/components/ClickableUrls/ClickableUrls.tsx
FN:12,(anonymous_0)
FN:19,(anonymous_1)
FNF:2
FNH:2
FNDA:2,(anonymous_0)
FNDA:1,(anonymous_1)
DA:10,2
DA:12,2
DA:13,2
DA:14,2
DA:19,2
DA:20,1
DA:23,1
DA:27,1
DA:31,1
LF:9
LH:9
BRDA:13,0,0,2
BRDA:13,0,1,0
BRF:2
BRH:1
end_of_record
TN:
SF:frontend/components/CustomLink/CustomLink.tsx
FN:29,(anonymous_0)
FN:38,(anonymous_1)
FNF:2
FNH:2
FNDA:136,(anonymous_0)
FNDA:88,(anonymous_1)
DA:27,169
DA:29,169
DA:38,136
DA:39,88
DA:42,2
DA:44,0
DA:46,86
DA:50,136
DA:55,136
DA:57,136
DA:58,136
DA:60,136
DA:87,136
LF:13
LH:12
BRDA:33,0,0,48
BRDA:34,1,0,134
BRDA:35,2,0,132
BRDA:36,3,0,134
BRDA:39,4,0,2
BRDA:39,4,1,2
BRDA:39,4,2,0
BRDA:39,4,3,86
BRDA:55,5,0,88
BRDA:55,5,1,48
BRDA:60,6,0,2
BRDA:60,6,1,134
BRDA:65,7,0,2
BRDA:65,7,1,2
BRDA:77,8,0,134
BRDA:77,8,1,86
BRDA:93,9,0,0
BRDA:93,9,1,136
BRF:18
BRH:16
end_of_record
TN:
SF:frontend/components/CustomLink/index.ts
FNF:0
FNH:0
LF:0
LH:0
BRF:0
BRH:0
end_of_record
TN:
SF:frontend/components/DataError/DataError.tsx
FN:32,(anonymous_0)
FNF:1
FNH:1
FNDA:3,(anonymous_0)
DA:9,25
DA:30,25
DA:32,25
DA:40,3
DA:42,3
DA:43,0
DA:75,3
LF:7
LH:6
BRDA:33,0,0,2
BRDA:34,1,0,2
BRDA:38,2,0,3
BRDA:42,3,0,0
BRDA:42,3,1,3
BRDA:47,4,0,0
BRDA:47,4,1,0
BRDA:55,5,0,0
BRDA:55,5,1,0
BRDA:58,6,0,0
BRDA:58,6,1,0
BRDA:79,7,0,3
BRDA:79,7,1,0
BRDA:89,8,0,3
BRDA:89,8,1,2
BRDA:91,9,0,2
BRDA:91,9,1,2
BRDA:94,10,0,2
BRDA:94,10,1,1
BRF:19
BRH:11
end_of_record
TN:
SF:frontend/components/DataError/index.ts
FNF:0
FNH:0
LF:0
LH:0
BRF:0
BRH:0
end_of_record
TN:
SF:frontend/components/DataSet/DataSet.tsx
FN:13,(anonymous_0)
FNF:1
FNH:1
FNDA:121,(anonymous_0)
DA:4,5
DA:13,5
DA:19,121
DA:23,121
LF:4
LH:4
BRDA:16,0,0,114
BRDA:27,1,0,121
BRDA:27,1,1,7
BRF:3
BRH:3
end_of_record
TN:
SF:frontend/components/DataSet/index.ts
FNF:0
FNH:0
LF:0
LH:0
BRF:0
BRH:0
end_of_record
TN:
SF:frontend/components/DeviceUserError/DeviceUserError.tsx
FN:7,(anonymous_0)
FNF:1
FNH:0
FNDA:0,(anonymous_0)
DA:5,4
DA:7,4
DA:8,0
LF:3
LH:2
BRF:0
BRH:0
end_of_record
TN:
SF:frontend/components/DeviceUserError/index.ts
FNF:0
FNH:0
LF:0
LH:0
BRF:0
BRH:0
end_of_record
TN:
SF:frontend/components/Editor/Editor.tsx
FN:65,(anonymous_0)
FN:92,(anonymous_1)
FN:94,(anonymous_2)
FN:96,(anonymous_3)
FN:104,(anonymous_4)
FN:124,(anonymous_5)
FN:129,(anonymous_6)
FN:137,(anonymous_7)
FN:162,(anonymous_8)
FNF:9
FNH:0
FNDA:0,(anonymous_0)
FNDA:0,(anonymous_1)
FNDA:0,(anonymous_2)
FNDA:0,(anonymous_3)
FNDA:0,(anonymous_4)
FNDA:0,(anonymous_5)
FNDA:0,(anonymous_6)
FNDA:0,(anonymous_7)
FNDA:0,(anonymous_8)
DA:15,1
DA:65,1
DA:84,0
DA:89,0
DA:91,0
DA:93,0
DA:94,0
DA:95,0
DA:96,0
DA:97,0
DA:104,0
DA:105,0
DA:106,0
DA:108,0
DA:112,0
DA:124,0
DA:126,0
DA:130,0
DA:131,0
DA:137,0
DA:138,0
DA:139,0
DA:143,0
DA:144,0
DA:147,0
DA:148,0
DA:159,0
DA:162,0
DA:163,0
DA:164,0
DA:166,0
DA:169,0
LF:32
LH:2
BRDA:73,0,0,0
BRDA:74,1,0,0
BRDA:75,2,0,0
BRDA:76,3,0,0
BRDA:78,4,0,0
BRDA:79,5,0,0
BRDA:114,6,0,0
BRDA:114,6,1,0
BRDA:138,7,0,0
BRDA:138,7,1,0
BRDA:143,8,0,0
BRDA:143,8,1,0
BRDA:147,9,0,0
BRDA:147,9,1,0
BRDA:163,10,0,0
BRDA:163,10,1,0
BRDA:172,11,0,0
BRDA:172,11,1,0
BRF:18
BRH:0
end_of_record
TN:
SF:frontend/components/Editor/index.ts
FNF:0
FNH:0
LF:0
LH:0
BRF:0
BRH:0
end_of_record
TN:
SF:frontend/components/EmptyTable/EmptyTable.tsx
FN:18,(anonymous_0)
FNF:1
FNH:1
FNDA:34,(anonymous_0)
DA:6,22
DA:18,22
DA:27,34
DA:29,34
LF:4
LH:4
BRDA:31,0,0,34
BRDA:31,0,1,24
BRDA:37,1,0,34
BRDA:37,1,1,34
BRDA:38,2,0,34
BRDA:38,2,1,28
BRDA:39,3,0,34
BRDA:39,3,1,5
BRDA:45,4,0,34
BRDA:45,4,1,5
BRDA:48,5,0,5
BRDA:48,5,1,0
BRF:12
BRH:11
end_of_record
TN:
SF:frontend/components/EmptyTable/index.ts
FNF:0
FNH:0
LF:0
LH:0
BRF:0
BRH:0
end_of_record
TN:
SF:frontend/components/EnrollSecrets/EnrollSecretTable/EnrollSecretRow/EnrollSecretRow.tsx
FN:21,(anonymous_0)
FN:27,(anonymous_1)
FN:35,(anonymous_2)
FN:43,(anonymous_3)
FN:46,(anonymous_4)
FNF:5
FNH:1
FNDA:1,(anonymous_0)
FNDA:0,(anonymous_1)
FNDA:0,(anonymous_2)
FNDA:0,(anonymous_3)
FNDA:0,(anonymous_4)
DA:11,1
DA:21,1
DA:27,1
DA:28,0
DA:29,0
DA:30,0
DA:31,0
DA:35,1
DA:36,0
DA:37,0
DA:38,0
DA:39,0
DA:43,1
DA:44,0
DA:47,0
DA:69,1
LF:16
LH:6
BRDA:29,0,0,0
BRDA:29,0,1,0
BRDA:29,1,0,0
BRDA:29,1,1,0
BRDA:37,2,0,0
BRDA:37,2,1,0
BRDA:37,3,0,0
BRDA:37,3,1,0
BRDA:79,4,0,1
BRDA:79,4,1,0
BRDA:79,4,2,0
BRF:11
BRH:1
end_of_record
TN:
SF:frontend/components/FileDetails/FileDetails.tsx
FN:33,(anonymous_0)
FN:72,(anonymous_1)
FNF:2
FNH:0
FNDA:0,(anonymous_0)
FNDA:0,(anonymous_1)
DA:31,3
DA:33,3
DA:43,0
DA:47,0
DA:73,0
LF:5
LH:2
BRDA:40,0,0,0
BRDA:41,1,0,0
BRDA:45,2,0,0
BRDA:45,2,1,0
BRDA:53,3,0,0
BRDA:53,3,1,0
BRDA:58,4,0,0
BRDA:58,4,1,0
BRDA:65,5,0,0
BRDA:65,5,1,0
BRDA:65,5,2,0
BRDA:65,5,3,0
BRDA:68,6,0,0
BRDA:68,6,1,0
BRDA:108,7,0,0
BRDA:108,7,1,0
BRF:16
BRH:0
end_of_record
TN:
SF:frontend/components/FileDetails/index.ts
FNF:0
FNH:0
LF:0
LH:0
BRF:0
BRH:0
end_of_record
TN:
SF:frontend/components/FileUploader/FileUploader.tsx
FN:71,(anonymous_0)
FN:96,(anonymous_1)
FN:100,(anonymous_2)
FN:110,(anonymous_3)
FN:117,(anonymous_4)
FN:120,(anonymous_5)
FN:129,(anonymous_6)
FN:136,(anonymous_7)
FN:190,(anonymous_8)
FNF:9
FNH:6
FNDA:4,(anonymous_0)
FNDA:0,(anonymous_1)
FNDA:0,(anonymous_2)
FNDA:0,(anonymous_3)
FNDA:4,(anonymous_4)
FNDA:4,(anonymous_5)
FNDA:4,(anonymous_6)
FNDA:2,(anonymous_7)
FNDA:4,(anonymous_8)
DA:13,3
DA:71,3
DA:88,4
DA:89,4
DA:91,4
DA:94,4
DA:96,4
DA:97,0
DA:100,4
DA:101,0
DA:102,0
DA:103,0
DA:105,0
DA:106,0
DA:110,4
DA:111,0
DA:112,0
DA:113,0
DA:117,4
DA:119,4
DA:120,4
DA:121,4
DA:129,4
DA:132,4
DA:133,2
DA:137,2
DA:164,2
DA:190,4
DA:191,4
DA:210,4
LF:30
LH:21
BRDA:75,0,0,0
BRDA:76,1,0,2
BRDA:79,2,0,2
BRDA:80,3,0,4
BRDA:83,4,0,4
BRDA:85,5,0,2
BRDA:86,6,0,4
BRDA:94,7,0,4
BRDA:94,7,1,0
BRDA:105,8,0,0
BRDA:105,8,1,0
BRDA:111,9,0,0
BRDA:111,9,1,0
BRDA:119,10,0,4
BRDA:119,10,1,0
BRDA:132,11,0,2
BRDA:132,11,1,2
BRDA:140,12,0,2
BRDA:140,12,1,2
BRDA:149,13,0,2
BRDA:149,13,1,2
BRDA:154,14,0,2
BRDA:154,14,1,0
BRDA:182,15,0,2
BRDA:182,15,1,0
BRDA:195,16,0,4
BRDA:195,16,1,0
BRDA:212,17,0,0
BRDA:212,17,1,4
BRDA:212,18,0,4
BRDA:212,18,1,0
BRF:31
BRH:19
end_of_record
TN:
SF:frontend/components/FileUploader/index.ts
FNF:0
FNH:0
LF:0
LH:0
BRF:0
BRH:0
end_of_record
TN:
SF:frontend/components/FlashMessage/FlashMessage.tsx
FN:23,(anonymous_0)
FN:51,(anonymous_1)
FN:57,(anonymous_2)
FN:62,(anonymous_3)
FN:78,(anonymous_4)
FN:106,(anonymous_5)
FN:123,(anonymous_6)
FN:140,(anonymous_7)
FNF:8
FNH:1
FNDA:0,(anonymous_0)
FNDA:0,(anonymous_1)
FNDA:0,(anonymous_2)
FNDA:0,(anonymous_3)
FNDA:0,(anonymous_4)
FNDA:0,(anonymous_5)
FNDA:16,(anonymous_6)
FNDA:0,(anonymous_7)
DA:7,1
DA:23,1
DA:37,0
DA:38,0
DA:47,0
DA:51,0
DA:53,0
DA:55,0
DA:57,0
DA:58,0
DA:59,0
DA:62,0
DA:65,0
DA:76,0
DA:78,0
DA:79,0
DA:80,0
DA:81,0
DA:84,0
DA:85,0
DA:89,0
DA:90,0
DA:93,0
DA:106,0
DA:123,1
DA:131,16
DA:132,16
DA:136,0
DA:137,0
DA:138,0
DA:141,0
DA:156,0
LF:32
LH:5
BRDA:55,0,0,0
BRDA:55,0,1,0
BRDA:55,1,0,0
BRDA:55,1,1,0
BRDA:55,1,2,0
BRDA:79,2,0,0
BRDA:79,2,1,0
BRDA:84,3,0,0
BRDA:84,3,1,0
BRDA:89,4,0,0
BRDA:89,4,1,0
BRDA:89,5,0,0
BRDA:89,5,1,0
BRDA:97,6,0,0
BRDA:97,6,1,0
BRDA:111,7,0,0
BRDA:111,7,1,0
BRDA:131,8,0,16
BRDA:131,8,1,0
BRDA:136,9,0,0
BRDA:136,9,1,0
BRF:21
BRH:1
end_of_record
TN:
SF:frontend/components/FlashMessage/index.ts
FNF:0
FNH:0
LF:0
LH:0
BRF:0
BRH:0
end_of_record
TN:
SF:frontend/components/GitOpsModeTooltipWrapper/GitOpsModeTooltipWrapper.tsx
FN:17,(anonymous_0)
FNF:1
FNH:1
FNDA:308,(anonymous_0)
DA:15,16
DA:17,16
DA:23,308
DA:24,308
DA:25,308
DA:27,308
DA:28,305
DA:32,3
DA:37,3
LF:9
LH:9
BRDA:18,0,0,113
BRDA:27,1,0,305
BRDA:27,1,1,3
BRDA:33,2,0,3
BRDA:33,2,1,2
BRF:5
BRH:5
end_of_record
TN:
SF:frontend/components/GitOpsModeTooltipWrapper/index.ts
FNF:0
FNH:0
LF:0
LH:0
BRF:0
BRH:0
end_of_record
TN:
SF:frontend/components/Graphic/Graphic.tsx
FN:13,(anonymous_0)
FNF:1
FNH:1
FNDA:47,(anonymous_0)
DA:11,38
DA:13,38
DA:14,47
DA:16,47
DA:18,47
LF:5
LH:5
BRF:0
BRH:0
end_of_record
TN:
SF:frontend/components/Graphic/index.ts
FNF:0
FNH:0
LF:0
LH:0
BRF:0
BRH:0
end_of_record
TN:
SF:frontend/components/HumanTimeDiffWithDateTip/HumanTimeDiffWithDateTip.tsx
FN:18,(anonymous_0)
FN:63,(anonymous_1)
FNF:2
FNH:2
FNDA:66,(anonymous_0)
FNDA:21,(anonymous_1)
DA:18,7
DA:23,66
DA:25,66
DA:26,1
DA:31,65
DA:32,1
DA:35,64
DA:36,64
DA:54,1
DA:55,1
DA:57,0
DA:63,7
DA:66,21
LF:13
LH:12
BRDA:20,0,0,45
BRDA:21,1,0,66
BRDA:25,2,0,1
BRDA:25,2,1,65
BRDA:25,3,0,66
BRDA:25,3,1,66
BRDA:31,4,0,1
BRDA:31,4,1,64
BRDA:31,5,0,65
BRDA:31,5,1,21
BRDA:54,6,0,1
BRDA:54,6,1,0
BRF:12
BRH:11
end_of_record
TN:
SF:frontend/components/HumanTimeDiffWithDateTip/index.ts
FNF:0
FNH:0
LF:0
LH:0
BRF:0
BRH:0
end_of_record
TN:
SF:frontend/components/Icon/Icon.tsx
FN:17,(anonymous_0)
FN:22,(anonymous_1)
FN:23,(anonymous_2)
FNF:3
FNH:3
FNDA:3201,(anonymous_0)
FNDA:1233,(anonymous_1)
FNDA:1233,(anonymous_2)
DA:15,169
DA:17,169
DA:18,3201
DA:22,3201
DA:23,1233
DA:24,1233
DA:31,1233
DA:34,3201
DA:36,3201
LF:9
LH:9
BRDA:26,0,0,669
BRDA:26,0,1,564
BRDA:27,1,0,915
BRDA:27,1,1,318
BRF:4
BRH:4
end_of_record
TN:
SF:frontend/components/Icon/index.ts
FNF:0
FNH:0
LF:0
LH:0
BRF:0
BRH:0
end_of_record
TN:
SF:frontend/components/InfoBanner/InfoBanner.tsx
FN:26,(anonymous_0)
FN:57,(anonymous_1)
FNF:2
FNH:2
FNDA:25,(anonymous_0)
FNDA:1,(anonymous_1)
DA:9,17
DA:26,17
DA:36,25
DA:45,25
DA:48,25
DA:57,1
DA:73,25
DA:74,1
DA:77,24
LF:9
LH:9
BRDA:29,0,0,13
BRDA:51,1,0,25
BRDA:51,1,1,17
BRDA:51,1,2,10
BRDA:54,2,0,10
BRDA:54,2,1,2
BRDA:73,3,0,1
BRDA:73,3,1,24
BRF:8
BRH:8
end_of_record
TN:
SF:frontend/components/InfoBanner/index.ts
FNF:0
FNH:0
LF:0
LH:0
BRF:0
BRH:0
end_of_record
TN:
SF:frontend/components/InheritedBadge/InheritedBadge.tsx
FN:12,(anonymous_0)
FNF:1
FNH:1
FNDA:25,(anonymous_0)
DA:5,3
DA:12,3
DA:16,25
DA:17,25
LF:4
LH:4
BRDA:13,0,0,25
BRF:1
BRH:1
end_of_record
TN:
SF:frontend/components/InheritedBadge/index.ts
FNF:0
FNH:0
LF:0
LH:0
BRF:0
BRH:0
end_of_record
TN:
SF:frontend/components/LastUpdatedHostCount/LastUpdatedHostCount.tsx
FN:11,(anonymous_0)
FNF:1
FNH:1
FNDA:3,(anonymous_0)
DA:4,1
DA:11,1
DA:16,3
DA:23,3
LF:4
LH:4
BRF:0
BRH:0
end_of_record
TN:
SF:frontend/components/LastUpdatedHostCount/index.ts
FNF:0
FNH:0
LF:0
LH:0
BRF:0
BRH:0
end_of_record
TN:
SF:frontend/components/LastUpdatedText/LastUpdatedText.tsx
FN:23,(anonymous_0)
FNF:1
FNH:1
FNDA:11,(anonymous_0)
DA:7,7
DA:23,7
DA:30,11
DA:31,4
DA:33,7
DA:40,11
DA:47,11
LF:7
LH:7
BRDA:30,0,0,4
BRDA:30,0,1,7
BRDA:30,1,0,11
BRDA:30,1,1,7
BRDA:40,2,0,11
BRDA:40,2,1,3
BRF:6
BRH:6
end_of_record
TN:
SF:frontend/components/LastUpdatedText/index.ts
FNF:0
FNH:0
LF:0
LH:0
BRF:0
BRH:0
end_of_record
TN:
SF:frontend/components/LicenseExpirationBanner/LicenseExpirationBanner.tsx
FN:8,(anonymous_0)
FNF:1
FNH:0
FNDA:0,(anonymous_0)
DA:6,4
DA:8,4
DA:9,0
LF:3
LH:2
BRF:0
BRH:0
end_of_record
TN:
SF:frontend/components/LicenseExpirationBanner/index.ts
FNF:0
FNH:0
LF:0
LH:0
BRF:0
BRH:0
end_of_record
TN:
SF:frontend/components/LinkWithContext/LinkWithContext.tsx
FN:21,(anonymous_0)
FNF:1
FNH:1
FNDA:87,(anonymous_0)
DA:8,4
DA:21,4
DA:28,87
DA:30,87
DA:31,87
DA:32,87
DA:33,87
DA:35,87
LF:8
LH:8
BRDA:31,0,0,87
BRDA:31,0,1,0
BRDA:38,1,0,36
BRDA:38,1,1,51
BRF:4
BRH:3
end_of_record
TN:
SF:frontend/components/LinkWithContext/index.ts
FNF:0
FNH:0
LF:0
LH:0
BRF:0
BRH:0
end_of_record
TN:
SF:frontend/components/ListItem/ListItem.tsx
FN:42,(anonymous_0)
FNF:1
FNH:1
FNDA:6,(anonymous_0)
DA:7,2
DA:42,2
DA:50,6
DA:51,6
LF:4
LH:4
BRF:0
BRH:0
end_of_record
TN:
SF:frontend/components/ListItem/index.ts
FNF:0
FNH:0
LF:0
LH:0
BRF:0
BRH:0
end_of_record
TN:
SF:frontend/components/LiveQuery/TargetChipSelector/TargetChipSelector.tsx
FN:21,(anonymous_0)
FN:27,(anonymous_1)
FN:32,(anonymous_2)
FN:47,(anonymous_3)
FNF:4
FNH:4
FNDA:7,(anonymous_0)
FNDA:7,(anonymous_1)
FNDA:7,(anonymous_2)
FNDA:1,(anonymous_3)
DA:21,1
DA:24,7
DA:27,1
DA:32,7
DA:33,7
DA:34,0
DA:35,0
DA:36,0
DA:40,7
DA:43,7
DA:47,1
LF:11
LH:8
BRDA:24,0,0,7
BRDA:24,0,1,6
BRDA:33,1,0,0
BRDA:33,1,1,7
BRDA:35,2,0,0
BRDA:35,2,1,0
BRDA:36,3,0,0
BRDA:36,3,1,0
BRDA:40,4,0,7
BRDA:40,4,1,0
BRDA:49,5,0,2
BRDA:49,5,1,5
BRF:12
BRH:6
end_of_record
TN:
SF:frontend/components/LiveQuery/TargetsInput/TargetsInput.tsx
FN:36,(anonymous_0)
FN:61,(anonymous_1)
FN:63,(anonymous_2)
FN:73,(anonymous_3)
FN:79,(anonymous_4)
FN:106,(anonymous_5)
FN:142,(anonymous_6)
FNF:7
FNH:5
FNDA:9,(anonymous_0)
FNDA:8,(anonymous_1)
FNDA:0,(anonymous_2)
FNDA:5,(anonymous_3)
FNDA:8,(anonymous_4)
FNDA:0,(anonymous_5)
FNDA:4,(anonymous_6)
DA:32,3
DA:34,3
DA:36,3
DA:51,9
DA:53,9
DA:55,9
DA:57,9
DA:61,9
DA:62,8
DA:63,5
DA:64,0
DA:68,0
DA:72,5
DA:73,5
DA:74,5
DA:79,9
DA:80,8
DA:84,9
DA:107,0
DA:142,4
LF:20
LH:17
BRDA:44,0,0,9
BRDA:45,1,0,3
BRDA:46,2,0,3
BRDA:47,3,0,9
BRDA:53,4,0,9
BRDA:53,4,1,9
BRDA:57,5,0,9
BRDA:57,5,1,2
BRDA:62,6,0,5
BRDA:62,6,1,3
BRDA:64,7,0,0
BRDA:64,7,1,0
BRDA:65,8,0,0
BRDA:65,8,1,0
BRDA:81,9,0,8
BRDA:81,9,1,1
BRDA:81,9,2,0
BRDA:97,10,0,9
BRDA:97,10,1,1
BRDA:127,11,0,9
BRDA:127,11,1,0
BRF:21
BRH:15
end_of_record
TN:
SF:frontend/components/LiveQuery/TargetsInput/index.ts
FNF:0
FNH:0
LF:0
LH:0
BRF:0
BRH:0
end_of_record
TN:
SF:frontend/components/LogDestinationIndicator/LogDestinationIndicator.tsx
FN:14,(anonymous_0)
FN:21,(anonymous_1)
FN:33,(anonymous_2)
FN:58,(anonymous_3)
FNF:4
FNH:3
FNDA:175,(anonymous_0)
FNDA:175,(anonymous_1)
FNDA:175,(anonymous_2)
FNDA:0,(anonymous_3)
DA:14,3
DA:15,175
DA:16,0
DA:18,175
DA:21,3
DA:27,175
DA:28,175
DA:33,175
DA:34,175
DA:36,175
DA:38,0
DA:40,0
DA:42,0
DA:44,0
DA:46,0
DA:48,0
DA:50,0
DA:52,0
DA:54,0
DA:58,175
DA:59,0
DA:61,0
DA:69,0
DA:76,0
DA:83,0
DA:90,0
DA:97,0
DA:103,0
DA:110,0
DA:117,0
DA:119,0
DA:127,175
LF:32
LH:11
BRDA:15,0,0,0
BRDA:15,0,1,175
BRDA:25,1,0,0
BRDA:34,2,0,175
BRDA:34,2,1,0
BRDA:34,2,2,0
BRDA:34,2,3,0
BRDA:34,2,4,0
BRDA:34,2,5,0
BRDA:34,2,6,0
BRDA:34,2,7,0
BRDA:34,2,8,0
BRDA:34,2,9,0
BRDA:59,3,0,0
BRDA:59,3,1,0
BRDA:59,3,2,0
BRDA:59,3,3,0
BRDA:59,3,4,0
BRDA:59,3,5,0
BRDA:59,3,6,0
BRDA:59,3,7,0
BRDA:59,3,8,0
BRDA:59,3,9,0
BRDA:127,4,0,175
BRDA:127,4,1,0
BRF:25
BRH:3
end_of_record
TN:
SF:frontend/components/LogDestinationIndicator/index.ts
FNF:0
FNH:0
LF:0
LH:0
BRF:0
BRH:0
end_of_record
TN:
SF:frontend/components/MDM/AndroidEnterpriseDeletedMessage/AndroidEnterpriseDeletedMessage.tsx
FN:8,(anonymous_0)
FNF:1
FNH:0
FNDA:0,(anonymous_0)
DA:6,4
DA:8,4
DA:9,0
LF:3
LH:2
BRF:0
BRH:0
end_of_record
TN:
SF:frontend/components/MDM/AndroidEnterpriseDeletedMessage/index.ts
FNF:0
FNH:0
LF:0
LH:0
BRF:0
BRH:0
end_of_record
TN:
SF:frontend/components/MDM/AppleBMRenewalMessage/AppleBMRenewalMessage.tsx
FN:12,(anonymous_0)
FNF:1
FNH:0
FNDA:0,(anonymous_0)
DA:6,4
DA:12,4
DA:13,0
LF:3
LH:2
BRDA:26,0,0,0
BRDA:26,0,1,0
BRF:2
BRH:0
end_of_record
TN:
SF:frontend/components/MDM/AppleBMRenewalMessage/index.ts
FNF:0
FNH:0
LF:0
LH:0
BRF:0
BRH:0
end_of_record
TN:
SF:frontend/components/MDM/AppleBMTermsMessage/AppleBMTermsMessage.tsx
FN:8,(anonymous_0)
FNF:1
FNH:0
FNDA:0,(anonymous_0)
DA:6,4
DA:8,4
DA:9,0
LF:3
LH:2
BRF:0
BRH:0
end_of_record
TN:
SF:frontend/components/MDM/AppleBMTermsMessage/index.ts
FNF:0
FNH:0
LF:0
LH:0
BRF:0
BRH:0
end_of_record
TN:
SF:frontend/components/MDM/ApplePNCertRenewalMessage/ApplePNCertRenewalMessage.tsx
FN:12,(anonymous_0)
FNF:1
FNH:0
FNDA:0,(anonymous_0)
DA:6,4
DA:12,4
DA:13,0
LF:3
LH:2
BRDA:27,0,0,0
BRDA:27,0,1,0
BRF:2
BRH:0
end_of_record
TN:
SF:frontend/components/MDM/ApplePNCertRenewalMessage/index.ts
FNF:0
FNH:0
LF:0
LH:0
BRF:0
BRH:0
end_of_record
TN:
SF:frontend/components/MainContent/MainContent.tsx
FN:29,(anonymous_0)
FN:47,(anonymous_1)
FNF:2
FNH:2
FNDA:14,(anonymous_0)
FNDA:14,(anonymous_1)
DA:23,4
DA:29,4
DA:33,14
DA:45,14
DA:47,14
DA:48,14
DA:52,14
DA:56,14
DA:57,5
DA:58,0
DA:59,5
DA:61,0
DA:62,5
DA:63,0
DA:64,5
DA:65,0
DA:66,5
DA:67,0
DA:68,5
DA:69,0
DA:73,14
DA:74,0
DA:81,14
DA:83,14
LF:24
LH:17
BRDA:49,0,0,14
BRDA:49,0,1,14
BRDA:56,1,0,5
BRDA:56,1,1,9
BRDA:57,2,0,0
BRDA:57,2,1,5
BRDA:57,3,0,5
BRDA:57,3,1,5
BRDA:59,4,0,0
BRDA:59,4,1,5
BRDA:62,5,0,0
BRDA:62,5,1,5
BRDA:62,6,0,5
BRDA:62,6,1,5
BRDA:64,7,0,0
BRDA:64,7,1,5
BRDA:66,8,0,0
BRDA:66,8,1,5
BRDA:66,9,0,5
BRDA:66,9,1,5
BRDA:68,10,0,0
BRDA:68,10,1,5
BRDA:73,11,0,0
BRDA:73,11,1,14
BRF:24
BRH:17
end_of_record
TN:
SF:frontend/components/MainContent/index.ts
FNF:0
FNH:0
LF:0
LH:0
BRF:0
BRH:0
end_of_record
TN:
SF:frontend/components/MainContent/banners/VppRenewalMessage/VppRenewalMessage.tsx
FN:12,(anonymous_0)
FNF:1
FNH:0
FNDA:0,(anonymous_0)
DA:6,4
DA:12,4
DA:13,0
LF:3
LH:2
BRDA:26,0,0,0
BRDA:26,0,1,0
BRF:2
BRH:0
end_of_record
TN:
SF:frontend/components/MainContent/banners/VppRenewalMessage/index.ts
FNF:0
FNH:0
LF:0
LH:0
BRF:0
BRH:0
end_of_record
TN:
SF:frontend/components/MobiusMarkdown/MobiusMarkdown.tsx
FN:22,(anonymous_0)
FN:36,(anonymous_1)
FN:41,(anonymous_2)
FN:42,(anonymous_3)
FN:46,(anonymous_4)
FNF:5
FNH:3
FNDA:17,(anonymous_0)
FNDA:0,(anonymous_1)
FNDA:8,(anonymous_2)
FNDA:0,(anonymous_3)
FNDA:8,(anonymous_4)
DA:17,1
DA:22,1
DA:27,17
DA:29,17
DA:37,0
DA:42,8
DA:43,0
DA:46,8
DA:47,8
DA:52,8
DA:57,8
DA:58,0
DA:63,8
LF:13
LH:10
BRDA:36,0,0,0
BRDA:43,1,0,0
BRDA:43,1,1,0
BRDA:57,2,0,0
BRDA:57,2,1,8
BRF:5
BRH:1
end_of_record
TN:
SF:frontend/components/MobiusMarkdown/index.ts
FNF:0
FNH:0
LF:0
LH:0
BRF:0
BRH:0
end_of_record
TN:
SF:frontend/components/Modal/Modal.tsx
FN:43,(anonymous_0)
FN:55,(anonymous_1)
FN:56,(anonymous_2)
FN:66,(anonymous_3)
FN:73,(anonymous_4)
FN:75,(anonymous_5)
FN:83,(anonymous_6)
FNF:7
FNH:6
FNDA:320,(anonymous_0)
FNDA:176,(anonymous_1)
FNDA:121,(anonymous_2)
FNDA:176,(anonymous_3)
FNDA:54,(anonymous_4)
FNDA:0,(anonymous_5)
FNDA:7,(anonymous_6)
DA:6,26
DA:43,26
DA:55,320
DA:56,176
DA:57,121
DA:58,0
DA:62,176
DA:63,176
DA:66,176
DA:67,176
DA:68,176
DA:73,320
DA:74,54
DA:75,7
DA:76,0
DA:77,0
DA:78,0
DA:82,7
DA:83,7
DA:84,7
DA:89,320
DA:93,320
DA:102,320
DA:106,320
DA:110,320
LF:25
LH:21
BRDA:48,0,0,294
BRDA:49,1,0,320
BRDA:50,2,0,320
BRDA:51,3,0,312
BRDA:52,4,0,320
BRDA:57,5,0,0
BRDA:57,5,1,121
BRDA:62,6,0,176
BRDA:62,6,1,0
BRDA:67,7,0,176
BRDA:67,7,1,0
BRDA:74,8,0,7
BRDA:74,8,1,47
BRDA:76,9,0,0
BRDA:76,9,1,0
BRDA:76,10,0,0
BRDA:76,10,1,0
BRDA:118,11,0,320
BRDA:118,11,1,320
BRDA:127,12,0,320
BRDA:127,12,1,0
BRF:21
BRH:13
end_of_record
TN:
SF:frontend/components/Modal/index.ts
FNF:0
FNH:0
LF:0
LH:0
BRF:0
BRH:0
end_of_record
TN:
SF:frontend/components/ModalFooter/ModalFooter.tsx
FN:15,(anonymous_0)
FNF:1
FNH:1
FNDA:19,(anonymous_0)
DA:5,5
DA:15,5
DA:21,19
DA:23,19
LF:4
LH:4
BRDA:19,0,0,0
BRDA:27,1,0,0
BRDA:27,1,1,19
BRDA:35,2,0,19
BRDA:35,2,1,0
BRF:5
BRH:2
end_of_record
TN:
SF:frontend/components/ModalFooter/index.ts
FNF:0
FNH:0
LF:0
LH:0
BRF:0
BRH:0
end_of_record
TN:
SF:frontend/components/PaginatedList/PaginatedList.tsx
FN:78,PaginatedListInner
FN:120,(anonymous_1)
FN:123,loadPage
FN:144,(anonymous_3)
FN:154,(anonymous_4)
FN:157,loadCount
FN:180,(anonymous_6)
FN:186,(anonymous_7)
FN:194,(anonymous_8)
FN:195,(anonymous_9)
FN:224,(anonymous_10)
FN:241,(anonymous_11)
FN:274,(anonymous_12)
FN:288,(anonymous_13)
FN:289,(anonymous_14)
FNF:15
FNH:15
FNDA:100,PaginatedListInner
FNDA:28,(anonymous_1)
FNDA:28,loadPage
FNDA:28,(anonymous_3)
FNDA:24,(anonymous_4)
FNDA:24,loadCount
FNDA:24,(anonymous_6)
FNDA:34,(anonymous_7)
FNDA:51,(anonymous_8)
FNDA:4,(anonymous_9)
FNDA:116,(anonymous_10)
FNDA:9,(anonymous_11)
FNDA:2,(anonymous_12)
FNDA:3,(anonymous_13)
FNDA:1,(anonymous_14)
DA:15,5
DA:103,100
DA:105,100
DA:107,100
DA:109,100
DA:112,100
DA:113,100
DA:114,100
DA:115,100
DA:116,100
DA:117,100
DA:120,100
DA:121,28
DA:124,28
DA:125,28
DA:126,28
DA:127,28
DA:128,28
DA:129,28
DA:132,0
DA:133,0
DA:136,28
DA:137,28
DA:142,28
DA:144,28
DA:145,28
DA:154,100
DA:155,24
DA:158,24
DA:159,24
DA:160,14
DA:162,10
DA:163,10
DA:164,8
DA:165,8
DA:168,2
DA:169,2
DA:172,24
DA:173,24
DA:178,24
DA:180,24
DA:181,24
DA:186,100
DA:187,34
DA:188,30
DA:194,100
DA:196,4
DA:200,100
DA:205,100
DA:208,98
DA:211,98
DA:229,116
DA:231,116
DA:233,116
DA:236,116
DA:242,9
DA:243,9
DA:244,9
DA:245,8
DA:275,2
DA:288,3
DA:289,1
DA:298,5
LF:63
LH:61
BRDA:89,0,0,90
BRDA:94,1,0,84
BRDA:96,2,0,90
BRDA:97,3,0,90
BRDA:107,4,0,100
BRDA:107,4,1,90
BRDA:115,5,0,100
BRDA:115,5,1,97
BRDA:116,6,0,100
BRDA:116,6,1,97
BRDA:117,7,0,100
BRDA:117,7,1,0
BRDA:128,8,0,28
BRDA:128,8,1,0
BRDA:132,9,0,0
BRDA:132,9,1,0
BRDA:136,10,0,28
BRDA:136,10,1,0
BRDA:159,11,0,14
BRDA:159,11,1,10
BRDA:164,12,0,8
BRDA:164,12,1,0
BRDA:168,13,0,2
BRDA:168,13,1,0
BRDA:172,14,0,24
BRDA:172,14,1,0
BRDA:187,15,0,30
BRDA:187,15,1,4
BRDA:200,16,0,68
BRDA:200,16,1,32
BRDA:205,17,0,2
BRDA:205,17,1,98
BRDA:213,18,0,98
BRDA:213,18,1,98
BRDA:213,18,2,70
BRDA:213,18,3,32
BRDA:219,19,0,98
BRDA:219,19,1,37
BRDA:229,20,0,116
BRDA:229,20,1,103
BRDA:231,21,0,116
BRDA:231,21,1,0
BRDA:242,22,0,0
BRDA:242,22,1,9
BRDA:244,23,0,8
BRDA:244,23,1,1
BRDA:251,24,0,116
BRDA:251,24,1,108
BRDA:251,24,2,108
BRDA:253,25,0,108
BRDA:253,25,1,102
BRDA:255,26,0,108
BRDA:255,26,1,0
BRDA:258,27,0,91
BRDA:258,27,1,17
BRDA:264,28,0,3
BRDA:264,28,1,105
BRDA:271,29,0,116
BRDA:271,29,1,25
BRDA:284,30,0,98
BRDA:284,30,1,11
BRDA:290,31,0,98
BRDA:290,31,1,89
BRF:63
BRH:52
end_of_record
TN:
SF:frontend/components/PaginatedList/index.ts
FNF:0
FNH:0
LF:0
LH:0
BRF:0
BRH:0
end_of_record
TN:
SF:frontend/components/Pagination/Pagination.tsx
FN:21,(anonymous_0)
FNF:1
FNH:1
FNDA:187,(anonymous_0)
DA:7,32
DA:21,32
DA:29,187
DA:31,187
DA:32,164
DA:35,23
LF:6
LH:6
BRDA:27,0,0,3
BRDA:31,1,0,164
BRDA:31,1,1,23
BRF:3
BRH:3
end_of_record
TN:
SF:frontend/components/Pagination/index.ts
FNF:0
FNH:0
LF:0
LH:0
BRF:0
BRH:0
end_of_record
TN:
SF:frontend/components/PlatformCompatibility/PlatformCompatibility.tsx
FN:29,(anonymous_0)
FN:32,(anonymous_1)
FN:35,(anonymous_2)
FN:76,(anonymous_3)
FN:86,(anonymous_4)
FN:91,(anonymous_5)
FNF:6
FNH:6
FNDA:43,(anonymous_0)
FNDA:140,(anonymous_1)
FNDA:2,(anonymous_2)
FNDA:61,(anonymous_3)
FNDA:43,(anonymous_4)
FNDA:164,(anonymous_5)
DA:18,3
DA:20,3
DA:27,3
DA:29,3
DA:32,140
DA:35,3
DA:36,2
DA:38,1
DA:45,1
DA:62,3
DA:76,3
DA:80,61
DA:81,18
DA:84,43
DA:86,43
DA:87,43
DA:88,2
DA:91,41
DA:92,164
DA:93,164
DA:109,43
LF:21
LH:21
BRDA:32,0,0,140
BRDA:32,0,1,1
BRDA:36,1,0,1
BRDA:36,1,1,1
BRDA:80,2,0,18
BRDA:80,2,1,43
BRDA:87,3,0,2
BRDA:87,3,1,41
BRDA:87,4,0,43
BRDA:87,4,1,42
BRDA:88,5,0,2
BRDA:88,5,1,1
BRDA:96,6,0,139
BRDA:96,6,1,25
BRDA:98,7,0,139
BRDA:98,7,1,25
BRDA:100,8,0,139
BRDA:100,8,1,25
BRF:18
BRH:18
end_of_record
TN:
SF:frontend/components/PlatformCompatibility/index.ts
FNF:0
FNH:0
LF:0
LH:0
BRF:0
BRH:0
end_of_record
TN:
SF:frontend/components/PlatformSelector/PlatformSelector.tsx
FN:26,(anonymous_0)
FN:46,(anonymous_1)
FN:83,(anonymous_2)
FN:91,(anonymous_3)
FN:99,(anonymous_4)
FN:107,(anonymous_5)
FNF:6
FNH:2
FNDA:58,(anonymous_0)
FNDA:58,(anonymous_1)
FNDA:0,(anonymous_2)
FNDA:0,(anonymous_3)
FNDA:0,(anonymous_4)
FNDA:0,(anonymous_5)
DA:26,2
DA:40,58
DA:42,58
DA:46,58
DA:47,58
DA:48,27
DA:50,31
DA:51,31
DA:52,31
DA:57,31
DA:77,58
DA:83,0
DA:91,0
DA:99,0
DA:107,0
LF:15
LH:11
BRDA:36,0,0,0
BRDA:47,1,0,27
BRDA:47,1,1,31
BRF:3
BRH:2
end_of_record
TN:
SF:frontend/components/PlatformSelector/index.ts
FNF:0
FNH:0
LF:0
LH:0
BRF:0
BRH:0
end_of_record
TN:
SF:frontend/components/PremiumFeatureMessage/PremiumFeatureMessage.tsx
FN:15,(anonymous_0)
FNF:1
FNH:1
FNDA:2,(anonymous_0)
DA:13,4
DA:15,4
DA:19,2
DA:27,2
LF:4
LH:4
BRF:0
BRH:0
end_of_record
TN:
SF:frontend/components/PremiumFeatureMessage/index.ts
FNF:0
FNH:0
LF:0
LH:0
BRF:0
BRH:0
end_of_record
TN:
SF:frontend/components/ProbabilityOfExploit/ProbabilityOfExploit.tsx
FN:20,(anonymous_0)
FN:34,(anonymous_1)
FNF:2
FNH:2
FNDA:14,(anonymous_0)
FNDA:4,(anonymous_1)
DA:12,3
DA:20,3
DA:26,14
DA:27,2
DA:34,12
DA:35,4
DA:36,4
DA:65,12
LF:8
LH:8
BRDA:23,0,0,14
BRDA:26,1,0,2
BRDA:26,1,1,12
BRDA:68,2,0,12
BRDA:68,2,1,4
BRF:5
BRH:5
end_of_record
TN:
SF:frontend/components/QueryFrequencyIndicator/QueryFrequencyIndicator.tsx
FN:12,(anonymous_0)
FN:19,(anonymous_1)
FN:29,(anonymous_2)
FN:44,(anonymous_3)
FNF:4
FNH:0
FNDA:0,(anonymous_0)
FNDA:0,(anonymous_1)
FNDA:0,(anonymous_2)
FNDA:0,(anonymous_3)
DA:12,1
DA:13,0
DA:14,0
DA:16,0
DA:19,1
DA:23,0
DA:24,0
DA:29,0
DA:30,0
DA:32,0
DA:34,0
DA:36,0
DA:38,0
DA:40,0
DA:44,0
DA:45,0
DA:46,0
DA:52,0
DA:55,0
LF:19
LH:2
BRDA:13,0,0,0
BRDA:13,0,1,0
BRDA:30,1,0,0
BRDA:30,1,1,0
BRDA:30,1,2,0
BRDA:30,1,3,0
BRDA:30,1,4,0
BRDA:45,2,0,0
BRDA:45,2,1,0
BRDA:46,3,0,0
BRDA:46,3,1,0
BRDA:58,4,0,0
BRDA:58,4,1,0
BRDA:58,4,2,0
BRF:14
BRH:0
end_of_record
TN:
SF:frontend/components/SQLEditor/SQLEditor.tsx
FN:52,(anonymous_0)
FN:81,(anonymous_1)
FN:108,(anonymous_2)
FN:117,(anonymous_3)
FN:125,(anonymous_4)
FN:133,(anonymous_5)
FN:152,(anonymous_6)
FN:162,(anonymous_7)
FN:182,(anonymous_8)
FN:192,(anonymous_9)
FN:208,(anonymous_10)
FN:215,(anonymous_11)
FN:225,(anonymous_12)
FN:229,(anonymous_13)
FN:239,(anonymous_14)
FN:258,(anonymous_15)
FN:302,(anonymous_16)
FN:307,(anonymous_17)
FNF:18
FNH:5
FNDA:69,(anonymous_0)
FNDA:30,(anonymous_1)
FNDA:0,(anonymous_2)
FNDA:0,(anonymous_3)
FNDA:0,(anonymous_4)
FNDA:0,(anonymous_5)
FNDA:0,(anonymous_6)
FNDA:0,(anonymous_7)
FNDA:0,(anonymous_8)
FNDA:0,(anonymous_9)
FNDA:30,(anonymous_10)
FNDA:0,(anonymous_11)
FNDA:0,(anonymous_12)
FNDA:0,(anonymous_13)
FNDA:69,(anonymous_14)
FNDA:69,(anonymous_15)
FNDA:0,(anonymous_16)
FNDA:0,(anonymous_17)
DA:50,7
DA:52,7
DA:75,69
DA:76,69
DA:81,69
DA:82,30
DA:83,30
DA:86,69
DA:88,69
DA:92,69
DA:94,60
DA:98,60
DA:103,60
DA:104,60
DA:107,60
DA:115,0
DA:118,0
DA:126,0
DA:134,0
DA:144,60
DA:146,60
DA:151,60
DA:159,0
DA:163,0
DA:172,60
DA:176,60
DA:178,60
DA:180,1
DA:181,1
DA:189,0
DA:193,0
DA:203,1
DA:208,69
DA:209,30
DA:212,30
DA:216,0
DA:217,0
DA:222,30
DA:225,69
DA:226,0
DA:229,69
DA:230,0
DA:232,0
DA:233,0
DA:235,0
DA:239,69
DA:240,69
DA:241,69
DA:246,69
DA:247,8
DA:250,61
DA:258,69
DA:259,69
DA:260,1
DA:263,68
DA:266,69
DA:302,0
DA:307,0
LF:58
LH:41
BRDA:55,0,0,69
BRDA:58,1,0,0
BRDA:61,2,0,58
BRDA:62,3,0,69
BRDA:63,4,0,61
BRDA:64,5,0,0
BRDA:72,6,0,11
BRDA:73,7,0,38
BRDA:88,8,0,69
BRDA:88,8,1,69
BRDA:92,9,0,60
BRDA:92,9,1,9
BRDA:98,10,0,60
BRDA:98,10,1,0
BRDA:103,11,0,60
BRDA:103,11,1,0
BRDA:147,12,0,60
BRDA:147,12,1,0
BRDA:176,13,0,60
BRDA:176,13,1,59
BRDA:178,14,0,1
BRDA:178,14,1,59
BRDA:222,15,0,30
BRDA:222,15,1,30
BRDA:226,16,0,0
BRDA:226,16,1,0
BRDA:232,17,0,0
BRDA:232,17,1,0
BRDA:240,18,0,69
BRDA:240,18,1,69
BRDA:246,19,0,8
BRDA:246,19,1,61
BRDA:259,20,0,1
BRDA:259,20,1,68
BRF:34
BRH:25
end_of_record
TN:
SF:frontend/components/SQLEditor/index.ts
FNF:0
FNH:0
LF:0
LH:0
BRF:0
BRH:0
end_of_record
TN:
SF:frontend/components/SQLEditor/mode.ts
FN:22,(anonymous_0)
FN:28,(anonymous_1)
FN:120,(anonymous_2)
FN:129,(anonymous_3)
FN:134,(anonymous_4)
FNF:5
FNH:5
FNDA:5,(anonymous_0)
FNDA:5,(anonymous_1)
FNDA:5,(anonymous_2)
FNDA:5,(anonymous_3)
FNDA:5,(anonymous_4)
DA:13,7
DA:25,5
DA:26,5
DA:28,5
DA:29,5
DA:31,5
DA:33,5
DA:35,5
DA:37,5
DA:38,5
DA:40,5
DA:53,5
DA:100,5
DA:103,5
DA:105,5
DA:109,7
DA:123,5
DA:124,5
DA:125,5
DA:127,5
DA:129,5
DA:130,5
DA:132,5
DA:134,5
DA:135,5
DA:137,5
DA:140,5
LF:27
LH:27
BRF:0
BRH:0
end_of_record
TN:
SF:frontend/components/SQLEditor/theme.ts
FN:6,(anonymous_0)
FNF:1
FNH:1
FNDA:30,(anonymous_0)
DA:3,7
DA:7,30
DA:8,30
DA:9,30
DA:11,30
DA:12,30
LF:6
LH:6
BRF:0
BRH:0
end_of_record
TN:
SF:frontend/components/SectionHeader/SectionHeader.tsx
FN:15,(anonymous_0)
FNF:1
FNH:1
FNDA:41,(anonymous_0)
DA:4,6
DA:15,6
DA:23,41
DA:24,41
DA:27,41
DA:31,41
LF:6
LH:6
BRDA:35,0,0,41
BRDA:35,0,1,0
BRDA:37,1,0,41
BRDA:37,1,1,0
BRF:4
BRH:2
end_of_record
TN:
SF:frontend/components/SectionHeader/index.ts
FNF:0
FNH:0
LF:0
LH:0
BRF:0
BRH:0
end_of_record
TN:
SF:frontend/components/Spinner/Spinner.tsx
FN:22,(anonymous_0)
FNF:1
FNH:1
FNDA:90,(anonymous_0)
DA:22,107
DA:32,90
DA:40,90
LF:3
LH:3
BRDA:26,0,0,84
BRDA:27,1,0,90
BRDA:28,2,0,84
BRDA:29,3,0,84
BRF:4
BRH:4
end_of_record
TN:
SF:frontend/components/Spinner/index.ts
FNF:0
FNH:0
LF:0
LH:0
BRF:0
BRH:0
end_of_record
TN:
SF:frontend/components/StackedWhiteBoxes/StackedWhiteBoxes.tsx
FN:20,(anonymous_0)
FN:30,(anonymous_1)
FN:31,(anonymous_2)
FN:39,(anonymous_3)
FN:44,(anonymous_4)
FNF:5
FNH:0
FNDA:0,(anonymous_0)
FNDA:0,(anonymous_1)
FNDA:0,(anonymous_2)
FNDA:0,(anonymous_3)
FNDA:0,(anonymous_4)
DA:9,1
DA:20,1
DA:28,0
DA:30,0
DA:31,0
DA:32,0
DA:33,0
DA:37,0
DA:39,0
DA:40,0
DA:44,0
DA:45,0
DA:47,0
DA:56,0
LF:14
LH:2
BRDA:32,0,0,0
BRDA:32,0,1,0
BRDA:32,1,0,0
BRDA:32,1,1,0
BRDA:45,2,0,0
BRDA:45,2,1,0
BRDA:60,3,0,0
BRDA:60,3,1,0
BRDA:63,4,0,0
BRDA:63,4,1,0
BRF:10
BRH:0
end_of_record
TN:
SF:frontend/components/StackedWhiteBoxes/index.ts
FNF:0
FNH:0
LF:0
LH:0
BRF:0
BRH:0
end_of_record
TN:
SF:frontend/components/StatusIndicator/StatusIndicator.tsx
FN:32,(anonymous_0)
FN:43,(anonymous_1)
FNF:2
FNH:2
FNDA:39,(anonymous_0)
FNDA:39,(anonymous_1)
DA:7,4
DA:32,4
DA:36,39
DA:37,0
DA:39,39
DA:40,39
DA:43,4
DA:50,39
DA:55,39
DA:63,39
DA:65,39
DA:79,39
LF:12
LH:11
BRDA:36,0,0,0
BRDA:36,0,1,39
BRDA:39,1,0,26
BRDA:39,1,1,13
BRDA:60,2,0,0
BRDA:60,2,1,39
BRDA:65,3,0,12
BRDA:65,3,1,27
BRDA:67,4,0,11
BRDA:67,4,1,1
BRF:10
BRH:8
end_of_record
TN:
SF:frontend/components/StatusIndicator/index.ts
FNF:0
FNH:0
LF:0
LH:0
BRF:0
BRH:0
end_of_record
TN:
SF:frontend/components/StatusIndicatorWithIcon/StatusIndicatorWithIcon.tsx
FN:44,(anonymous_0)
FNF:1
FNH:1
FNDA:28,(anonymous_0)
DA:8,5
DA:34,5
DA:44,5
DA:52,28
DA:54,28
DA:58,28
DA:67,28
DA:84,28
LF:8
LH:8
BRDA:48,0,0,28
BRDA:61,1,0,0
BRDA:61,1,1,28
BRDA:67,2,0,12
BRDA:67,2,1,16
BRF:5
BRH:4
end_of_record
TN:
SF:frontend/components/StatusIndicatorWithIcon/index.ts
FNF:0
FNH:0
LF:0
LH:0
BRF:0
BRH:0
end_of_record
TN:
SF:frontend/components/TabNav/TabNav.tsx
FN:16,(anonymous_0)
FNF:1
FNH:1
FNDA:50,(anonymous_0)
DA:14,8
DA:16,8
DA:21,50
DA:25,50
LF:4
LH:4
BRDA:19,0,0,43
BRF:1
BRH:1
end_of_record
TN:
SF:frontend/components/TabNav/index.ts
FNF:0
FNH:0
LF:0
LH:0
BRF:0
BRH:0
end_of_record
TN:
SF:frontend/components/TabText/TabText.tsx
FN:18,(anonymous_0)
FN:30,(anonymous_1)
FNF:2
FNH:2
FNDA:221,(anonymous_0)
FNDA:221,(anonymous_1)
DA:16,8
DA:18,8
DA:24,221
DA:26,221
DA:30,221
DA:31,221
DA:32,0
DA:34,221
DA:37,221
LF:9
LH:8
BRDA:22,0,0,212
BRDA:31,1,0,0
BRDA:31,1,1,221
BRDA:31,2,0,221
BRDA:31,2,1,0
BRF:5
BRH:3
end_of_record
TN:
SF:frontend/components/TabText/index.ts
FNF:0
FNH:0
LF:0
LH:0
BRF:0
BRH:0
end_of_record
TN:
SF:frontend/components/TableContainer/TableContainer.tsx
FN:129,(anonymous_0)
FN:191,(anonymous_1)
FN:199,(anonymous_2)
FN:212,(anonymous_3)
FN:225,(anonymous_4)
FN:230,(anonymous_5)
FN:238,(anonymous_6)
FN:273,(anonymous_7)
FN:281,(anonymous_8)
FN:282,(anonymous_9)
FN:298,(anonymous_10)
FN:332,(anonymous_11)
FN:498,(anonymous_12)
FN:499,(anonymous_13)
FNF:14
FNH:6
FNDA:83,(anonymous_0)
FNDA:70,(anonymous_1)
FNDA:70,(anonymous_2)
FNDA:0,(anonymous_3)
FNDA:0,(anonymous_4)
FNDA:0,(anonymous_5)
FNDA:70,(anonymous_6)
FNDA:56,(anonymous_7)
FNDA:0,(anonymous_8)
FNDA:0,(anonymous_9)
FNDA:0,(anonymous_10)
FNDA:83,(anonymous_11)
FNDA:0,(anonymous_12)
FNDA:0,(anonymous_13)
DA:124,26
DA:126,26
DA:127,26
DA:129,26
DA:182,83
DA:183,83
DA:184,83
DA:187,83
DA:188,83
DA:191,83
DA:192,70
DA:193,0
DA:199,83
DA:200,70
DA:201,57
DA:205,83
DA:207,83
DA:209,83
DA:211,83
DA:213,0
DA:214,0
DA:215,0
DA:217,0
DA:218,0
DA:219,0
DA:225,83
DA:226,0
DA:229,83
DA:231,0
DA:232,0
DA:238,83
DA:239,70
DA:240,33
DA:243,37
DA:251,37
DA:252,37
DA:256,37
DA:257,37
DA:258,0
DA:261,37
DA:273,83
DA:274,56
DA:275,12
DA:277,44
DA:281,0
DA:282,0
DA:298,83
DA:300,0
DA:302,0
DA:316,0
DA:332,83
DA:333,83
DA:337,83
DA:338,16
DA:390,67
DA:480,83
DA:498,0
DA:499,0
LF:58
LH:40
BRDA:134,0,0,63
BRDA:135,1,0,50
BRDA:136,2,0,39
BRDA:137,3,0,14
BRDA:138,4,0,23
BRDA:140,5,0,50
BRDA:146,6,0,49
BRDA:164,7,0,50
BRDA:180,8,0,83
BRDA:183,9,0,83
BRDA:183,9,1,0
BRDA:185,10,0,83
BRDA:185,10,1,0
BRDA:192,11,0,0
BRDA:192,11,1,70
BRDA:192,12,0,70
BRDA:192,12,1,13
BRDA:200,13,0,57
BRDA:200,13,1,13
BRDA:213,14,0,0
BRDA:213,14,1,0
BRDA:214,15,0,0
BRDA:214,15,1,0
BRDA:215,16,0,0
BRDA:215,16,1,0
BRDA:218,17,0,0
BRDA:218,17,1,0
BRDA:231,18,0,0
BRDA:231,18,1,0
BRDA:239,19,0,33
BRDA:239,19,1,37
BRDA:251,20,0,37
BRDA:251,20,1,0
BRDA:257,21,0,0
BRDA:257,21,1,37
BRDA:274,22,0,12
BRDA:274,22,1,44
BRDA:274,23,0,56
BRDA:274,23,1,44
BRDA:280,24,0,44
BRDA:280,24,1,8
BRDA:284,25,0,44
BRDA:284,25,1,8
BRDA:284,25,2,44
BRDA:300,26,0,0
BRDA:300,26,1,0
BRDA:304,27,0,0
BRDA:304,27,1,0
BRDA:307,28,0,0
BRDA:307,28,1,0
BRDA:312,29,0,0
BRDA:312,29,1,0
BRDA:316,30,0,0
BRDA:316,30,1,0
BRDA:333,31,0,3
BRDA:333,31,1,80
BRDA:337,32,0,16
BRDA:337,32,1,67
BRDA:341,33,0,16
BRDA:341,33,1,16
BRDA:341,33,2,16
BRDA:344,34,0,16
BRDA:344,34,1,0
BRDA:353,35,0,16
BRDA:353,35,1,0
BRDA:353,35,2,0
BRDA:357,36,0,16
BRDA:357,36,1,8
BRDA:358,37,0,16
BRDA:358,37,1,9
BRDA:358,37,2,9
BRDA:384,38,0,16
BRDA:384,38,1,3
BRDA:392,39,0,67
BRDA:392,39,1,0
BRDA:392,39,2,0
BRDA:401,40,0,67
BRDA:401,40,1,52
BRDA:404,41,0,0
BRDA:404,41,1,52
BRDA:409,42,0,0
BRDA:409,42,1,52
BRDA:412,43,0,52
BRDA:412,43,1,33
BRDA:412,43,2,33
BRDA:415,44,0,0
BRDA:415,44,1,33
BRDA:423,45,0,52
BRDA:423,45,1,0
BRDA:423,45,2,0
BRDA:426,46,0,52
BRDA:426,46,1,18
BRDA:431,47,0,52
BRDA:431,47,1,11
BRDA:431,47,2,11
BRDA:435,48,0,0
BRDA:435,48,1,11
BRDA:485,49,0,29
BRDA:485,49,1,54
BRDA:485,50,0,83
BRDA:485,50,1,80
BRDA:485,50,2,29
BRDA:485,50,3,54
BRDA:485,50,4,1
BRDA:485,50,5,0
BRDA:485,50,6,0
BRDA:493,51,0,29
BRDA:493,51,1,0
BRDA:509,52,0,54
BRDA:509,52,1,51
BRDA:509,52,2,3
BRDA:509,52,3,0
BRDA:514,53,0,0
BRDA:514,53,1,54
BRDA:514,54,0,54
BRDA:514,54,1,11
BRDA:551,55,0,19
BRDA:551,55,1,35
BRF:118
BRH:77
end_of_record
TN:
SF:frontend/components/TableContainer/index.ts
FNF:0
FNH:0
LF:0
LH:0
BRF:0
BRH:0
end_of_record
TN:
SF:frontend/components/TableContainer/DataTable/DataTable.tsx
FN:87,(anonymous_0)
FN:129,(anonymous_1)
FN:134,(anonymous_2)
FN:138,(anonymous_3)
FN:183,(anonymous_4)
FN:184,(anonymous_5)
FN:192,(anonymous_6)
FN:193,(anonymous_7)
FN:204,(anonymous_8)
FN:205,(anonymous_9)
FN:211,(anonymous_10)
FN:217,(anonymous_11)
FN:223,(anonymous_12)
FN:230,(anonymous_13)
FN:248,(anonymous_14)
FN:254,(anonymous_15)
FN:263,(anonymous_16)
FN:270,(anonymous_17)
FN:276,(anonymous_18)
FN:282,(anonymous_19)
FN:295,(anonymous_20)
FN:306,(anonymous_21)
FN:323,(anonymous_22)
FN:329,(anonymous_23)
FN:333,(anonymous_24)
FN:342,(anonymous_25)
FN:346,(anonymous_26)
FN:353,(anonymous_27)
FN:363,(anonymous_28)
FN:372,(anonymous_29)
FN:374,(anonymous_30)
FN:387,(anonymous_31)
FN:398,(anonymous_32)
FN:409,(anonymous_33)
FN:410,(anonymous_34)
FN:429,(anonymous_35)
FN:431,(anonymous_36)
FN:432,(anonymous_37)
FN:504,(anonymous_38)
FN:506,(anonymous_39)
FN:522,(anonymous_40)
FN:535,(anonymous_41)
FN:544,(anonymous_42)
FN:559,(anonymous_43)
FN:597,(anonymous_44)
FN:603,(anonymous_45)
FNF:46
FNH:27
FNDA:120,(anonymous_0)
FNDA:54,(anonymous_1)
FNDA:58,(anonymous_2)
FNDA:50,(anonymous_3)
FNDA:48,(anonymous_4)
FNDA:0,(anonymous_5)
FNDA:0,(anonymous_6)
FNDA:0,(anonymous_7)
FNDA:48,(anonymous_8)
FNDA:0,(anonymous_9)
FNDA:21,(anonymous_10)
FNDA:0,(anonymous_11)
FNDA:3,(anonymous_12)
FNDA:0,(anonymous_13)
FNDA:48,(anonymous_14)
FNDA:0,(anonymous_15)
FNDA:53,(anonymous_16)
FNDA:0,(anonymous_17)
FNDA:53,(anonymous_18)
FNDA:48,(anonymous_19)
FNDA:48,(anonymous_20)
FNDA:52,(anonymous_21)
FNDA:48,(anonymous_22)
FNDA:48,(anonymous_23)
FNDA:50,(anonymous_24)
FNDA:0,(anonymous_25)
FNDA:0,(anonymous_26)
FNDA:0,(anonymous_27)
FNDA:410,(anonymous_28)
FNDA:2,(anonymous_29)
FNDA:4,(anonymous_30)
FNDA:0,(anonymous_31)
FNDA:2,(anonymous_32)
FNDA:2,(anonymous_33)
FNDA:4,(anonymous_34)
FNDA:0,(anonymous_35)
FNDA:0,(anonymous_36)
FNDA:0,(anonymous_37)
FNDA:115,(anonymous_38)
FNDA:410,(anonymous_39)
FNDA:227,(anonymous_40)
FNDA:0,(anonymous_41)
FNDA:0,(anonymous_42)
FNDA:870,(anonymous_43)
FNDA:0,(anonymous_44)
FNDA:0,(anonymous_45)
DA:36,27
DA:87,27
DA:125,120
DA:127,120
DA:129,120
DA:130,54
DA:134,120
DA:135,58
DA:138,120
DA:139,50
DA:165,120
DA:183,48
DA:190,0
DA:193,0
DA:204,48
DA:209,0
DA:215,21
DA:221,0
DA:228,3
DA:234,0
DA:246,120
DA:248,120
DA:249,48
DA:250,0
DA:251,0
DA:252,0
DA:253,0
DA:254,0
DA:258,0
DA:259,0
DA:263,120
DA:264,53
DA:269,120
DA:271,0
DA:276,120
DA:277,53
DA:278,7
DA:282,120
DA:283,48
DA:284,0
DA:289,48
DA:290,0
DA:292,48
DA:295,120
DA:296,48
DA:297,0
DA:298,0
DA:306,120
DA:307,52
DA:308,52
DA:309,52
DA:313,2
DA:316,0
DA:318,52
DA:319,10
DA:323,120
DA:324,48
DA:325,0
DA:329,120
DA:330,48
DA:333,120
DA:334,50
DA:338,0
DA:342,120
DA:343,0
DA:346,120
DA:347,0
DA:348,0
DA:349,0
DA:352,120
DA:354,0
DA:355,0
DA:356,0
DA:357,0
DA:363,120
DA:364,410
DA:372,120
DA:373,2
DA:374,4
DA:376,2
DA:387,120
DA:388,0
DA:389,0
DA:392,0
DA:393,0
DA:395,0
DA:398,120
DA:401,2
DA:402,2
DA:409,120
DA:410,4
DA:412,2
DA:415,2
DA:417,2
DA:426,2
DA:429,120
DA:430,0
DA:431,0
DA:432,0
DA:433,0
DA:434,0
DA:436,0
DA:438,0
DA:442,120
DA:446,120
DA:448,120
DA:454,120
DA:505,115
DA:507,410
DA:523,227
DA:525,227
DA:530,227
DA:536,0
DA:545,0
DA:546,0
DA:547,0
DA:562,870
DA:563,870
DA:565,870
DA:598,0
DA:599,0
DA:601,0
DA:604,0
DA:605,0
DA:607,0
LF:125
LH:75
BRDA:92,0,0,16
BRDA:101,1,0,36
BRDA:104,2,0,120
BRDA:114,3,0,120
BRDA:115,4,0,102
BRDA:122,5,0,16
BRDA:190,6,0,0
BRDA:190,6,1,0
BRDA:249,7,0,0
BRDA:249,7,1,48
BRDA:258,8,0,0
BRDA:258,8,1,0
BRDA:259,9,0,0
BRDA:259,9,1,0
BRDA:264,10,0,53
BRDA:264,10,1,7
BRDA:277,11,0,7
BRDA:277,11,1,46
BRDA:277,12,0,53
BRDA:277,12,1,7
BRDA:283,13,0,0
BRDA:283,13,1,48
BRDA:283,14,0,48
BRDA:283,14,1,0
BRDA:283,14,2,0
BRDA:284,15,0,0
BRDA:284,15,1,0
BRDA:289,16,0,0
BRDA:289,16,1,48
BRDA:289,17,0,48
BRDA:289,17,1,0
BRDA:296,18,0,0
BRDA:296,18,1,48
BRDA:296,19,0,48
BRDA:296,19,1,4
BRDA:298,20,0,0
BRDA:298,20,1,0
BRDA:308,21,0,52
BRDA:308,21,1,0
BRDA:309,22,0,2
BRDA:309,22,1,50
BRDA:310,23,0,52
BRDA:310,23,1,51
BRDA:318,24,0,10
BRDA:318,24,1,42
BRDA:324,25,0,0
BRDA:324,25,1,48
BRDA:334,26,0,0
BRDA:334,26,1,50
BRDA:335,27,0,50
BRDA:335,27,1,42
BRDA:354,28,0,0
BRDA:354,28,1,0
BRDA:356,29,0,0
BRDA:356,29,1,0
BRDA:367,30,0,410
BRDA:367,30,1,84
BRDA:380,31,0,2
BRDA:380,31,1,0
BRDA:388,32,0,0
BRDA:388,32,1,0
BRDA:392,33,0,0
BRDA:392,33,1,0
BRDA:412,34,0,0
BRDA:412,34,1,2
BRDA:415,35,0,2
BRDA:415,35,1,0
BRDA:419,36,0,2
BRDA:419,36,1,0
BRDA:420,37,0,2
BRDA:420,37,1,0
BRDA:426,38,0,0
BRDA:426,38,1,2
BRDA:430,39,0,0
BRDA:430,39,1,0
BRDA:442,40,0,120
BRDA:442,40,1,0
BRDA:442,40,2,0
BRDA:446,41,0,32
BRDA:446,41,1,88
BRDA:456,42,0,120
BRDA:456,42,1,8
BRDA:463,43,0,120
BRDA:463,43,1,2
BRDA:480,44,0,2
BRDA:480,44,1,0
BRDA:483,45,0,2
BRDA:483,45,1,2
BRDA:485,46,0,2
BRDA:485,46,1,0
BRDA:486,47,0,2
BRDA:486,47,1,0
BRDA:509,48,0,410
BRDA:509,48,1,0
BRDA:536,49,0,0
BRDA:536,49,1,0
BRDA:536,49,2,0
BRDA:536,49,3,0
BRDA:536,49,4,0
BRDA:536,49,5,0
BRDA:545,50,0,0
BRDA:545,50,1,0
BRDA:547,51,0,0
BRDA:547,51,1,0
BRDA:547,51,2,0
BRDA:547,51,3,0
BRDA:547,51,4,0
BRDA:547,51,5,0
BRDA:557,52,0,10
BRDA:557,52,1,217
BRDA:569,53,0,870
BRDA:569,53,1,0
BRDA:572,54,0,648
BRDA:572,54,1,222
BRDA:586,55,0,120
BRDA:586,55,1,102
BRDA:588,56,0,102
BRDA:588,56,1,10
BRDA:588,56,2,8
BRDA:593,57,0,30
BRDA:593,57,1,72
BRDA:599,58,0,0
BRDA:599,58,1,0
BRDA:605,59,0,0
BRDA:605,59,1,0
BRDA:609,60,0,30
BRDA:609,60,1,30
BRDA:612,61,0,72
BRDA:612,61,1,56
BRF:129
BRH:68
end_of_record
TN:
SF:frontend/components/TableContainer/DataTable/ActionButton/ActionButton.tsx
FN:27,useActionCallback
FN:31,(anonymous_1)
FN:38,(anonymous_2)
FN:56,(anonymous_3)
FN:75,(anonymous_4)
FN:78,(anonymous_5)
FNF:6
FNH:4
FNDA:2,useActionCallback
FNDA:0,(anonymous_1)
FNDA:2,(anonymous_2)
FNDA:2,(anonymous_3)
FNDA:2,(anonymous_4)
FNDA:0,(anonymous_5)
DA:12,27
DA:30,2
DA:32,0
DA:38,27
DA:51,2
DA:52,2
DA:56,2
DA:59,2
DA:60,0
DA:62,2
DA:65,2
DA:66,0
DA:69,2
DA:75,2
DA:76,2
DA:78,0
DA:91,2
DA:92,0
DA:107,2
LF:19
LH:14
BRDA:43,0,0,0
BRDA:44,1,0,0
BRDA:47,2,0,2
BRDA:52,3,0,2
BRDA:52,3,1,0
BRDA:59,4,0,0
BRDA:59,4,1,2
BRDA:65,5,0,0
BRDA:65,5,1,2
BRDA:83,6,0,2
BRDA:83,6,1,0
BRDA:83,6,2,0
BRDA:85,7,0,2
BRDA:85,7,1,2
BRDA:85,7,2,2
BRDA:91,8,0,0
BRDA:91,8,1,2
BRF:17
BRH:9
end_of_record
TN:
SF:frontend/components/TableContainer/DataTable/ActionButton/index.ts
FNF:0
FNH:0
LF:0
LH:0
BRF:0
BRH:0
end_of_record
TN:
SF:frontend/components/TableContainer/DataTable/DefaultColumnFilter/DefaultColumnFilter.tsx
FN:6,(anonymous_0)
FN:18,(anonymous_1)
FN:19,(anonymous_2)
FNF:3
FNH:1
FNDA:84,(anonymous_0)
FNDA:0,(anonymous_1)
FNDA:0,(anonymous_2)
DA:6,2
DA:7,84
DA:10,84
DA:11,12
DA:14,72
DA:18,0
DA:20,0
LF:7
LH:5
BRDA:10,0,0,12
BRDA:10,0,1,72
BRDA:20,1,0,0
BRDA:20,1,1,0
BRF:4
BRH:2
end_of_record
TN:
SF:frontend/components/TableContainer/DataTable/DefaultColumnFilter/index.ts
FNF:0
FNH:0
LF:0
LH:0
BRF:0
BRH:0
end_of_record
TN:
SF:frontend/components/TableContainer/DataTable/HeaderCell/HeaderCell.tsx
FN:12,(anonymous_0)
FNF:1
FNH:1
FNDA:197,(anonymous_0)
DA:12,19
DA:18,197
DA:19,197
DA:20,128
DA:21,69
DA:22,4
DA:24,65
DA:27,197
LF:8
LH:8
BRDA:19,0,0,128
BRDA:19,0,1,69
BRDA:21,1,0,4
BRDA:21,1,1,65
BRDA:30,2,0,197
BRDA:30,2,1,191
BRF:6
BRH:6
end_of_record
TN:
SF:frontend/components/TableContainer/DataTable/HeaderCell/index.ts
FNF:0
FNH:0
LF:0
LH:0
BRF:0
BRH:0
end_of_record
TN:
SF:frontend/components/TableContainer/DataTable/InstallerActionCell/InstallerActionCell.tsx
FN:24,(anonymous_0)
FN:44,(anonymous_1)
FNF:2
FNH:1
FNDA:3,(anonymous_0)
FNDA:0,(anonymous_1)
DA:15,1
DA:24,1
DA:30,3
DA:33,3
DA:34,1
DA:42,2
DA:44,2
DA:45,0
DA:49,0
DA:50,0
DA:54,2
DA:55,1
DA:74,1
LF:13
LH:10
BRDA:27,0,0,3
BRDA:33,1,0,1
BRDA:33,1,1,2
BRDA:49,2,0,0
BRDA:49,2,1,0
BRDA:49,3,0,0
BRDA:49,3,1,0
BRDA:54,4,0,1
BRDA:54,4,1,1
BRF:9
BRH:5
end_of_record
TN:
SF:frontend/components/TableContainer/DataTable/IssueCell/IssueCell.tsx
FN:16,(anonymous_0)
FNF:1
FNH:1
FNDA:1,(anonymous_0)
DA:16,1
DA:17,1
DA:18,1
DA:21,0
LF:4
LH:3
BRDA:17,0,0,1
BRDA:17,0,1,0
BRDA:17,1,0,1
BRDA:17,1,1,1
BRF:4
BRH:3
end_of_record
TN:
SF:frontend/components/TableContainer/DataTable/LinkCell/LinkCell.tsx
FN:27,(anonymous_0)
FN:40,(anonymous_1)
FNF:2
FNH:1
FNDA:152,(anonymous_0)
FNDA:0,(anonymous_1)
DA:25,17
DA:27,17
DA:38,152
DA:40,152
DA:41,0
DA:44,152
DA:45,61
DA:60,91
DA:61,0
DA:72,91
LF:10
LH:8
BRDA:29,0,0,8
BRDA:34,1,0,91
BRDA:41,2,0,0
BRDA:41,2,1,0
BRDA:44,3,0,61
BRDA:44,3,1,91
BRDA:60,4,0,0
BRDA:60,4,1,91
BRF:8
BRH:5
end_of_record
TN:
SF:frontend/components/TableContainer/DataTable/LinkCell/index.ts
FNF:0
FNH:0
LF:0
LH:0
BRF:0
BRH:0
end_of_record
TN:
SF:frontend/components/TableContainer/DataTable/PerformanceImpactCell/PerformanceImpactCell.tsx
FN:18,(anonymous_0)
FN:24,(anonymous_1)
FN:43,(anonymous_2)
FNF:3
FNH:3
FNDA:54,(anonymous_0)
FNDA:27,(anonymous_1)
FNDA:27,(anonymous_2)
DA:18,3
DA:19,54
DA:22,3
DA:24,3
DA:29,27
DA:30,27
DA:36,27
DA:43,27
DA:44,27
DA:46,7
DA:53,0
DA:60,0
DA:67,0
DA:74,20
DA:82,0
DA:85,27
DA:87,27
LF:17
LH:13
BRDA:26,0,0,27
BRDA:32,1,0,27
BRDA:32,1,1,0
BRDA:44,2,0,7
BRDA:44,2,1,0
BRDA:44,2,2,0
BRDA:44,2,3,0
BRDA:44,2,4,20
BRDA:44,2,5,0
BRDA:77,3,0,0
BRDA:77,3,1,20
BRDA:78,4,0,20
BRDA:78,4,1,0
BRDA:91,5,0,27
BRDA:91,5,1,27
BRDA:91,6,0,27
BRDA:91,6,1,0
BRDA:100,7,0,27
BRDA:100,7,1,27
BRDA:100,8,0,27
BRDA:100,8,1,0
BRDA:105,9,0,27
BRDA:105,9,1,0
BRF:23
BRH:13
end_of_record
TN:
SF:frontend/components/TableContainer/DataTable/PerformanceImpactCell/index.ts
FNF:0
FNH:0
LF:0
LH:0
BRF:0
BRH:0
end_of_record
TN:
SF:frontend/components/TableContainer/DataTable/PlatformCell/PlatformCell.tsx
FN:23,(anonymous_0)
FN:27,(anonymous_1)
FN:31,(anonymous_2)
FNF:3
FNH:3
FNDA:18,(anonymous_0)
FNDA:3,(anonymous_1)
FNDA:54,(anonymous_2)
DA:9,2
DA:11,2
DA:17,2
DA:23,2
DA:24,18
DA:25,18
DA:27,3
DA:29,18
DA:32,54
LF:9
LH:9
BRDA:25,0,0,1
BRDA:25,0,1,17
BRDA:32,1,0,54
BRDA:32,1,1,0
BRF:4
BRH:3
end_of_record
TN:
SF:frontend/components/TableContainer/DataTable/PlatformCell/index.ts
FNF:0
FNH:0
LF:0
LH:0
BRF:0
BRH:0
end_of_record
TN:
SF:frontend/components/TableContainer/DataTable/SoftwareNameCell/SoftwareNameCell.tsx
FN:35,(anonymous_0)
FN:43,(anonymous_1)
FN:52,(anonymous_2)
FN:56,(anonymous_3)
FN:62,(anonymous_4)
FN:80,(anonymous_5)
FN:90,(anonymous_6)
FN:145,(anonymous_7)
FN:177,(anonymous_8)
FNF:9
FNH:8
FNDA:6,(anonymous_0)
FNDA:2,(anonymous_1)
FNDA:3,(anonymous_2)
FNDA:3,(anonymous_3)
FNDA:3,(anonymous_4)
FNDA:12,(anonymous_5)
FNDA:12,(anonymous_6)
FNDA:32,(anonymous_7)
FNDA:0,(anonymous_8)
DA:12,5
DA:35,5
DA:36,6
DA:40,5
DA:44,2
DA:52,3
DA:57,3
DA:63,3
DA:80,5
DA:84,12
DA:85,6
DA:87,6
DA:90,5
DA:95,12
DA:101,12
DA:102,1
DA:105,11
DA:106,11
DA:111,11
DA:145,5
DA:157,32
DA:158,0
DA:168,32
DA:169,18
DA:177,14
DA:179,0
DA:180,0
DA:183,14
LF:28
LH:25
BRDA:35,0,0,0
BRDA:36,1,0,1
BRDA:36,1,1,5
BRDA:46,2,0,1
BRDA:46,2,1,1
BRDA:56,3,0,0
BRDA:62,4,0,0
BRDA:82,5,0,6
BRDA:84,6,0,6
BRDA:84,6,1,6
BRDA:85,7,0,3
BRDA:85,7,1,3
BRDA:87,8,0,3
BRDA:87,8,1,3
BRDA:101,9,0,1
BRDA:101,9,1,11
BRDA:101,10,0,12
BRDA:101,10,1,3
BRDA:151,11,0,20
BRDA:152,12,0,8
BRDA:157,13,0,0
BRDA:157,13,1,32
BRDA:157,14,0,32
BRDA:157,14,1,18
BRDA:168,15,0,18
BRDA:168,15,1,14
BRDA:168,16,0,32
BRDA:168,16,1,14
BRDA:192,17,0,12
BRDA:192,17,1,2
BRF:30
BRH:26
end_of_record
TN:
SF:frontend/components/TableContainer/DataTable/SoftwareNameCell/index.ts
FNF:0
FNH:0
LF:0
LH:0
BRF:0
BRH:0
end_of_record
TN:
SF:frontend/components/TableContainer/DataTable/TextCell/TextCell.tsx
FN:18,(anonymous_0)
FN:20,(anonymous_1)
FN:49,(anonymous_2)
FNF:3
FNH:3
FNDA:272,(anonymous_0)
FNDA:196,(anonymous_1)
FNDA:47,(anonymous_2)
DA:8,26
DA:18,26
DA:20,196
DA:26,272
DA:29,272
DA:30,1
DA:33,272
DA:38,272
DA:45,272
DA:46,47
DA:49,272
DA:50,47
DA:51,24
DA:52,24
DA:68,23
DA:71,272
DA:73,272
DA:77,272
LF:18
LH:18
BRDA:20,0,0,196
BRDA:21,1,0,250
BRDA:22,2,0,258
BRDA:23,3,0,261
BRDA:29,4,0,1
BRDA:29,4,1,271
BRDA:38,5,0,272
BRDA:38,5,1,271
BRDA:38,5,2,232
BRDA:38,5,3,228
BRDA:38,5,4,227
BRDA:38,5,5,226
BRDA:45,6,0,47
BRDA:45,6,1,225
BRDA:50,7,0,24
BRDA:50,7,1,23
BRDA:71,8,0,47
BRDA:71,8,1,225
BRF:18
BRH:18
end_of_record
TN:
SF:frontend/components/TableContainer/DataTable/TextCell/index.ts
FNF:0
FNH:0
LF:0
LH:0
BRF:0
BRH:0
end_of_record
TN:
SF:frontend/components/TableContainer/DataTable/TooltipTruncatedTextCell/TooltipTruncatedTextCell.tsx
FN:28,(anonymous_0)
FN:45,(anonymous_1)
FNF:2
FNH:2
FNDA:114,(anonymous_0)
FNDA:51,(anonymous_1)
DA:26,22
DA:28,22
DA:37,114
DA:42,114
DA:43,114
DA:45,114
DA:46,51
DA:47,51
DA:48,51
DA:49,51
DA:54,114
DA:55,114
DA:57,114
LF:13
LH:13
BRDA:31,0,0,105
BRDA:32,1,0,105
BRDA:46,2,0,51
BRDA:46,2,1,0
BRDA:59,3,0,114
BRDA:59,3,1,14
BRDA:64,4,0,114
BRDA:64,4,1,112
BRDA:69,5,0,2
BRDA:69,5,1,112
BRDA:70,6,0,114
BRDA:70,6,1,0
BRDA:86,7,0,114
BRDA:86,7,1,107
BRDA:91,8,0,114
BRDA:91,8,1,78
BRF:16
BRH:14
end_of_record
TN:
SF:frontend/components/TableContainer/DataTable/TooltipTruncatedTextCell/index.ts
FNF:0
FNH:0
LF:0
LH:0
BRF:0
BRH:0
end_of_record
TN:
SF:frontend/components/TableContainer/TableCount/TableCount.tsx
FN:10,(anonymous_0)
FNF:1
FNH:1
FNDA:33,(anonymous_0)
DA:10,11
DA:11,33
LF:2
LH:2
BRF:0
BRH:0
end_of_record
TN:
SF:frontend/components/TableContainer/TableCount/index.ts
FNF:0
FNH:0
LF:0
LH:0
BRF:0
BRH:0
end_of_record
TN:
SF:frontend/components/TableContainer/utilities/TableContainerUtils.ts
FN:3,(anonymous_0)
FNF:1
FNH:1
FNDA:42,(anonymous_0)
DA:1,12
DA:3,12
DA:7,42
DA:11,26
DA:12,4
DA:17,22
DA:18,0
DA:23,22
DA:24,9
DA:27,13
LF:10
LH:9
BRDA:4,0,0,0
BRDA:7,1,0,16
BRDA:7,1,1,26
BRDA:7,2,0,42
BRDA:7,2,1,26
BRDA:11,3,0,4
BRDA:11,3,1,22
BRDA:11,4,0,26
BRDA:11,4,1,13
BRDA:17,5,0,0
BRDA:17,5,1,22
BRDA:17,6,0,22
BRDA:17,6,1,9
BRDA:23,7,0,9
BRDA:23,7,1,13
BRDA:23,8,0,22
BRDA:23,8,1,9
BRF:17
BRH:15
end_of_record
TN:
SF:frontend/components/TableContainer/utilities/config_utils.ts
FN:11,(anonymous_0)
FN:16,(anonymous_1)
FN:17,(anonymous_2)
FN:23,(anonymous_3)
FN:25,(anonymous_4)
FN:27,(anonymous_5)
FN:32,(anonymous_6)
FNF:7
FNH:6
FNDA:16,(anonymous_0)
FNDA:18,(anonymous_1)
FNDA:18,(anonymous_2)
FNDA:28,(anonymous_3)
FNDA:2,(anonymous_4)
FNDA:0,(anonymous_5)
FNDA:9,(anonymous_6)
DA:11,3
DA:16,16
DA:17,18
DA:18,16
DA:22,16
DA:23,28
DA:25,16
DA:26,2
DA:27,0
DA:28,0
DA:32,2
DA:33,9
DA:34,9
DA:40,16
DA:42,16
LF:15
LH:13
BRDA:22,0,0,16
BRDA:22,0,1,8
BRDA:26,1,0,0
BRDA:26,1,1,2
BRF:4
BRH:3
end_of_record
TN:
SF:frontend/components/TargetLabelSelector/TargetLabelSelector.tsx
FN:18,(anonymous_0)
FN:19,(anonymous_1)
FN:27,(anonymous_2)
FN:48,(anonymous_3)
FN:95,(anonymous_4)
FN:107,(anonymous_5)
FN:109,(anonymous_6)
FN:146,(anonymous_7)
FN:187,(anonymous_8)
FNF:9
FNH:6
FNDA:0,(anonymous_0)
FNDA:0,(anonymous_1)
FNDA:0,(anonymous_2)
FNDA:268,(anonymous_3)
FNDA:40,(anonymous_4)
FNDA:25,(anonymous_5)
FNDA:29,(anonymous_6)
FNDA:80,(anonymous_7)
FNDA:268,(anonymous_8)
DA:16,12
DA:18,12
DA:19,0
DA:20,0
DA:21,0
DA:23,0
DA:27,12
DA:32,0
DA:33,0
DA:36,0
DA:48,12
DA:54,268
DA:95,12
DA:107,40
DA:108,25
DA:109,29
DA:113,40
DA:114,0
DA:117,40
DA:118,0
DA:121,40
DA:122,0
DA:130,40
DA:147,80
DA:187,12
DA:205,268
DA:207,268
LF:27
LH:17
BRDA:20,0,0,0
BRDA:20,0,1,0
BRDA:32,1,0,0
BRDA:32,1,1,0
BRDA:51,2,0,0
BRDA:56,3,0,268
BRDA:56,3,1,6
BRDA:61,4,0,268
BRDA:61,4,1,268
BRDA:103,5,0,0
BRDA:108,6,0,0
BRDA:108,6,1,25
BRDA:113,7,0,0
BRDA:113,7,1,40
BRDA:117,8,0,0
BRDA:117,8,1,40
BRDA:121,9,0,0
BRDA:121,9,1,40
BRDA:132,10,0,40
BRDA:132,10,1,25
BRDA:141,11,0,25
BRDA:141,11,1,15
BRDA:190,12,0,102
BRDA:196,13,0,268
BRDA:197,14,0,268
BRDA:201,15,0,268
BRDA:202,16,0,266
BRDA:203,17,0,6
BRDA:213,18,0,262
BRDA:213,18,1,6
BRDA:215,19,0,268
BRDA:215,19,1,40
BRDA:221,20,0,40
BRDA:221,20,1,0
BRF:34
BRH:23
end_of_record
TN:
SF:frontend/components/TargetLabelSelector/index.ts
FNF:0
FNH:0
LF:0
LH:0
BRF:0
BRH:0
end_of_record
TN:
SF:frontend/components/TeamsDropdown/TeamsDropdown.tsx
FN:29,(anonymous_0)
FN:38,(anonymous_1)
FN:45,(anonymous_2)
FN:55,(anonymous_3)
FN:78,(anonymous_4)
FN:89,(anonymous_5)
FN:94,(anonymous_6)
FN:103,(anonymous_7)
FN:125,(anonymous_8)
FN:175,(anonymous_9)
FN:185,(anonymous_10)
FN:194,(anonymous_11)
FN:209,(anonymous_12)
FN:219,(anonymous_13)
FN:223,(anonymous_14)
FN:229,(anonymous_15)
FN:254,(anonymous_16)
FN:260,(anonymous_17)
FN:268,(anonymous_18)
FN:272,(anonymous_19)
FN:274,(anonymous_20)
FN:275,(anonymous_21)
FNF:22
FNH:15
FNDA:5,(anonymous_0)
FNDA:14,(anonymous_1)
FNDA:14,(anonymous_2)
FNDA:0,(anonymous_3)
FNDA:5,(anonymous_4)
FNDA:5,(anonymous_5)
FNDA:11,(anonymous_6)
FNDA:5,(anonymous_7)
FNDA:5,(anonymous_8)
FNDA:5,(anonymous_9)
FNDA:5,(anonymous_10)
FNDA:0,(anonymous_11)
FNDA:0,(anonymous_12)
FNDA:5,(anonymous_13)
FNDA:5,(anonymous_14)
FNDA:0,(anonymous_15)
FNDA:5,(anonymous_16)
FNDA:0,(anonymous_17)
FNDA:0,(anonymous_18)
FNDA:5,(anonymous_19)
FNDA:6,(anonymous_20)
FNDA:0,(anonymous_21)
DA:29,3
DA:34,5
DA:35,0
DA:38,14
DA:44,5
DA:46,14
DA:52,5
DA:55,3
DA:62,0
DA:76,3
DA:78,3
DA:88,5
DA:89,5
DA:93,5
DA:94,11
DA:99,5
DA:103,5
DA:106,5
DA:108,5
DA:112,5
DA:124,5
DA:125,5
DA:175,5
DA:185,5
DA:194,0
DA:209,0
DA:219,5
DA:223,5
DA:229,0
DA:254,5
DA:255,5
DA:256,5
DA:261,0
DA:262,0
DA:268,0
DA:272,5
DA:274,6
DA:275,0
DA:285,5
LF:39
LH:30
BRDA:34,0,0,0
BRDA:34,0,1,5
BRDA:47,1,0,14
BRDA:47,1,1,0
BRDA:47,1,2,14
BRDA:47,1,3,4
BRDA:62,2,0,0
BRDA:62,2,1,0
BRDA:81,3,0,3
BRDA:82,4,0,5
BRDA:83,5,0,5
BRDA:93,6,0,1
BRDA:93,6,1,4
BRDA:100,7,0,5
BRDA:100,7,1,5
BRDA:108,8,0,0
BRDA:108,8,1,5
BRDA:108,9,0,5
BRDA:108,9,1,5
BRDA:151,10,0,5
BRDA:151,10,1,0
BRDA:168,11,0,5
BRDA:168,11,1,0
BRDA:235,12,0,0
BRDA:235,12,1,0
BRDA:238,13,0,0
BRDA:238,13,1,0
BRDA:243,14,0,0
BRDA:243,14,1,0
BRDA:247,15,0,0
BRDA:247,15,1,0
BRDA:255,16,0,5
BRDA:255,16,1,0
BRDA:261,17,0,0
BRDA:261,17,1,0
BRF:35
BRH:17
end_of_record
TN:
SF:frontend/components/TeamsDropdown/index.tsx
FNF:0
FNH:0
LF:0
LH:0
BRF:0
BRH:0
end_of_record
TN:
SF:frontend/components/Textarea/Textarea.tsx
FN:15,(anonymous_0)
FNF:1
FNH:0
FNDA:0,(anonymous_0)
DA:4,3
DA:15,3
DA:19,0
DA:20,0
DA:23,0
DA:24,0
DA:28,0
LF:7
LH:2
BRDA:19,0,0,0
BRDA:19,0,1,0
BRDA:30,1,0,0
BRDA:30,1,1,0
BRF:4
BRH:0
end_of_record
TN:
SF:frontend/components/Textarea/index.ts
FNF:0
FNH:0
LF:0
LH:0
BRF:0
BRH:0
end_of_record
TN:
SF:frontend/components/TooltipTruncatedText/TooltipTruncatedText.tsx
FN:22,(anonymous_0)
FNF:1
FNH:1
FNDA:108,(anonymous_0)
DA:20,10
DA:22,10
DA:28,108
DA:33,108
DA:34,108
DA:36,108
DA:37,108
LF:7
LH:7
BRDA:25,0,0,108
BRDA:40,1,0,0
BRDA:40,1,1,108
BRDA:56,2,0,108
BRDA:56,2,1,108
BRF:5
BRH:4
end_of_record
TN:
SF:frontend/components/TooltipTruncatedText/index.ts
FNF:0
FNH:0
LF:0
LH:0
BRF:0
BRH:0
end_of_record
TN:
SF:frontend/components/TooltipWrapper/TooltipWrapper.tsx
FN:44,(anonymous_0)
FNF:1
FNH:1
FNDA:696,(anonymous_0)
DA:42,97
DA:44,97
DA:61,696
DA:66,696
DA:71,696
DA:75,696
DA:77,696
LF:7
LH:7
BRDA:50,0,0,647
BRDA:51,1,0,535
BRDA:53,2,0,526
BRDA:56,3,0,609
BRDA:57,4,0,627
BRDA:58,5,0,536
BRDA:59,6,0,682
BRDA:82,7,0,696
BRDA:82,7,1,639
BRDA:86,8,0,0
BRDA:86,8,1,639
BRDA:87,9,0,0
BRDA:87,9,1,639
BRDA:93,10,0,14
BRDA:93,10,1,625
BRF:15
BRH:13
end_of_record
TN:
SF:frontend/components/TooltipWrapper/index.tsx
FNF:0
FNH:0
LF:0
LH:0
BRF:0
BRH:0
end_of_record
TN:
SF:frontend/components/TurnOnMdmMessage/TurnOnMdmMessage.tsx
FN:20,(anonymous_0)
FN:28,(anonymous_1)
FN:32,(anonymous_2)
FNF:3
FNH:3
FNDA:4,(anonymous_0)
FNDA:1,(anonymous_1)
FNDA:4,(anonymous_2)
DA:9,1
DA:20,1
DA:26,4
DA:28,4
DA:29,1
DA:32,4
DA:33,4
DA:45,4
LF:8
LH:8
BRDA:24,0,0,4
BRDA:33,1,0,1
BRDA:33,1,1,3
BRDA:48,2,0,4
BRDA:48,2,1,3
BRDA:49,3,0,4
BRDA:49,3,1,3
BRF:7
BRH:7
end_of_record
TN:
SF:frontend/components/ViewAllHostsLink/ViewAllHostsLink.tsx
FN:27,(anonymous_0)
FN:53,(anonymous_1)
FN:58,(anonymous_2)
FNF:3
FNH:1
FNDA:70,(anonymous_0)
FNDA:0,(anonymous_1)
FNDA:0,(anonymous_2)
DA:25,14
DA:27,14
DA:38,70
DA:43,70
DA:47,70
DA:49,70
DA:54,0
DA:55,0
DA:59,0
DA:60,0
LF:10
LH:6
BRDA:31,0,0,63
BRDA:32,1,0,70
BRDA:33,2,0,70
BRDA:35,3,0,12
BRDA:36,4,0,70
BRDA:43,5,0,0
BRDA:43,5,1,70
BRDA:52,6,0,0
BRDA:52,6,1,70
BRDA:54,7,0,0
BRDA:54,7,1,0
BRDA:59,8,0,0
BRDA:59,8,1,0
BRDA:64,9,0,70
BRDA:64,9,1,63
BRDA:66,10,0,0
BRDA:66,10,1,63
BRDA:68,11,0,63
BRDA:68,11,1,63
BRDA:71,12,0,70
BRDA:71,12,1,70
BRF:21
BRH:14
end_of_record
TN:
SF:frontend/components/ViewAllHostsLink/index.ts
FNF:0
FNH:0
LF:0
LH:0
BRF:0
BRH:0
end_of_record
TN:
SF:frontend/components/buttons/Button/Button.tsx
FN:58,(anonymous_0)
FN:69,(anonymous_1)
FN:77,(anonymous_2)
FN:89,(anonymous_3)
FN:101,(anonymous_4)
FNF:5
FNH:5
FNDA:660,(anonymous_0)
FNDA:1320,(anonymous_1)
FNDA:98,(anonymous_2)
FNDA:1,(anonymous_3)
FNDA:3099,(anonymous_4)
DA:5,106
DA:53,106
DA:59,660
DA:62,660
DA:64,660
DA:65,0
DA:69,660
DA:70,1320
DA:72,1320
DA:75,660
DA:77,660
DA:78,98
DA:80,98
DA:81,0
DA:84,98
DA:85,52
DA:89,660
DA:90,1
DA:92,1
DA:93,0
DA:96,1
DA:97,1
DA:102,3099
DA:114,3099
DA:115,3099
DA:125,3099
DA:130,3099
LF:27
LH:24
BRDA:64,0,0,0
BRDA:64,0,1,660
BRDA:64,1,0,660
BRDA:64,1,1,0
BRDA:80,2,0,0
BRDA:80,2,1,98
BRDA:84,3,0,52
BRDA:84,3,1,46
BRDA:92,4,0,0
BRDA:92,4,1,1
BRDA:92,5,0,1
BRDA:92,5,1,1
BRDA:96,6,0,1
BRDA:96,6,1,0
BRDA:125,7,0,3099
BRDA:125,7,1,3029
BRDA:125,7,2,2379
BRDA:125,7,3,1740
BRDA:135,8,0,3099
BRDA:135,8,1,3095
BRDA:141,9,0,8
BRDA:141,9,1,3091
BRDA:144,10,0,3099
BRDA:144,10,1,8
BRF:24
BRH:19
end_of_record
TN:
SF:frontend/components/buttons/Button/index.ts
FNF:0
FNH:0
LF:0
LH:0
BRF:0
BRH:0
end_of_record
TN:
SF:frontend/components/buttons/DropdownButton/DropdownButton.jsx
FN:35,(anonymous_0)
FN:41,(anonymous_1)
FN:45,(anonymous_2)
FN:50,(anonymous_3)
FN:55,(anonymous_4)
FN:66,(anonymous_5)
FN:75,(anonymous_6)
FN:113,(anonymous_7)
FN:123,(anonymous_8)
FN:126,(anonymous_9)
FN:127,(anonymous_10)
FNF:11
FNH:8
FNDA:1,(anonymous_0)
FNDA:2,(anonymous_1)
FNDA:1,(anonymous_2)
FNDA:1,(anonymous_3)
FNDA:6,(anonymous_4)
FNDA:1,(anonymous_5)
FNDA:3,(anonymous_6)
FNDA:6,(anonymous_7)
FNDA:0,(anonymous_8)
FNDA:0,(anonymous_9)
FNDA:0,(anonymous_10)
DA:10,1
DA:13,1
DA:31,1
DA:36,1
DA:38,1
DA:41,1
DA:42,2
DA:45,1
DA:46,1
DA:47,1
DA:50,1
DA:51,1
DA:52,1
DA:55,1
DA:56,6
DA:57,6
DA:59,6
DA:66,1
DA:86,3
DA:87,3
DA:88,3
DA:90,3
DA:91,3
DA:95,3
DA:114,6
DA:124,0
DA:127,0
DA:128,0
DA:130,0
LF:29
LH:25
BRDA:85,0,0,3
BRDA:107,1,0,3
BRDA:107,1,1,3
BRF:3
BRH:3
end_of_record
TN:
SF:frontend/components/buttons/RevealButton/RevealButton.tsx
FN:24,(anonymous_0)
FN:38,(anonymous_1)
FNF:2
FNH:2
FNDA:199,(anonymous_0)
FNDA:199,(anonymous_1)
DA:22,10
DA:24,10
DA:36,199
DA:38,199
DA:39,199
DA:42,199
DA:48,199
DA:68,199
DA:80,199
DA:82,0
DA:94,199
LF:11
LH:10
BRDA:39,0,0,7
BRDA:39,0,1,192
BRDA:42,1,0,1
BRDA:42,1,1,198
BRDA:42,2,0,199
BRDA:42,2,1,1
BRDA:50,3,0,199
BRDA:50,3,1,2
BRDA:52,4,0,0
BRDA:52,4,1,2
BRDA:57,5,0,199
BRDA:57,5,1,192
BRDA:59,6,0,6
BRDA:59,6,1,186
BRDA:80,7,0,0
BRDA:80,7,1,199
BRDA:80,8,0,199
BRDA:80,8,1,0
BRF:18
BRH:15
end_of_record
TN:
SF:frontend/components/buttons/RevealButton/index.ts
FNF:0
FNH:0
LF:0
LH:0
BRF:0
BRH:0
end_of_record
TN:
SF:frontend/components/forms/Form.jsx
FN:5,(anonymous_0)
FN:9,(anonymous_1)
FN:25,(anonymous_2)
FN:36,(anonymous_3)
FN:44,(anonymous_4)
FN:75,(anonymous_5)
FN:76,(anonymous_6)
FN:91,(anonymous_7)
FN:109,(anonymous_8)
FN:115,(anonymous_9)
FN:119,(anonymous_10)
FN:131,(anonymous_11)
FN:135,(anonymous_12)
FN:146,(anonymous_13)
FNF:14
FNH:11
FNDA:0,(anonymous_0)
FNDA:10,(anonymous_1)
FNDA:47,(anonymous_2)
FNDA:47,(anonymous_3)
FNDA:0,(anonymous_4)
FNDA:1248,(anonymous_5)
FNDA:419,(anonymous_6)
FNDA:25,(anonymous_7)
FNDA:1248,(anonymous_8)
FNDA:483,(anonymous_9)
FNDA:1248,(anonymous_10)
FNDA:1248,(anonymous_11)
FNDA:0,(anonymous_12)
FNDA:483,(anonymous_13)
DA:5,8
DA:6,0
DA:11,10
DA:18,10
DA:26,47
DA:28,47
DA:30,47
DA:37,47
DA:39,47
DA:41,47
DA:48,0
DA:50,0
DA:51,0
DA:53,0
DA:61,0
DA:62,0
DA:64,0
DA:72,0
DA:75,47
DA:76,1248
DA:77,419
DA:78,419
DA:80,419
DA:82,419
DA:87,419
DA:91,47
DA:92,25
DA:94,25
DA:95,25
DA:96,25
DA:98,25
DA:99,8
DA:102,17
DA:106,17
DA:109,47
DA:110,1248
DA:112,1248
DA:115,47
DA:116,483
DA:117,483
DA:119,483
DA:120,1248
DA:128,483
DA:131,47
DA:132,1248
DA:135,47
DA:136,0
DA:138,0
DA:143,0
DA:147,483
DA:148,483
DA:150,483
DA:162,10
LF:53
LH:41
BRDA:9,0,0,0
BRDA:50,1,0,0
BRDA:50,1,1,0
BRDA:61,2,0,0
BRDA:61,2,1,0
BRDA:98,3,0,8
BRDA:98,3,1,17
BRF:7
BRH:2
end_of_record
TN:
SF:frontend/components/forms/ChangeEmailForm/ChangeEmailForm.jsx
FN:20,(anonymous_0)
FN:45,(anonymous_1)
FNF:2
FNH:2
FNDA:21,(anonymous_0)
FNDA:2,(anonymous_1)
DA:9,1
DA:12,1
DA:21,21
DA:23,21
DA:46,2
DA:47,1
DA:53,1
LF:7
LH:7
BRDA:46,0,0,1
BRDA:46,0,1,1
BRF:2
BRH:2
end_of_record
TN:
SF:frontend/components/forms/ChangePasswordForm/ChangePasswordForm.jsx
FN:28,(anonymous_0)
FNF:1
FNH:1
FNDA:112,(anonymous_0)
DA:10,1
DA:15,1
DA:18,1
DA:29,112
DA:31,112
LF:5
LH:5
BRF:0
BRH:0
end_of_record
TN:
SF:frontend/components/forms/ChangePasswordForm/index.js
FNF:0
FNH:0
LF:0
LH:0
BRF:0
BRH:0
end_of_record
TN:
SF:frontend/components/forms/ChangePasswordForm/validate.js
FN:5,(anonymous_0)
FNF:1
FNH:1
FNDA:4,(anonymous_0)
DA:6,4
DA:11,4
DA:13,4
DA:14,2
DA:17,4
DA:18,1
DA:21,4
DA:22,1
DA:25,4
DA:26,1
DA:30,4
DA:35,1
DA:39,4
DA:41,4
LF:14
LH:14
BRDA:13,0,0,2
BRDA:13,0,1,2
BRDA:13,1,0,4
BRDA:13,1,1,3
BRDA:13,1,2,3
BRDA:17,2,0,1
BRDA:17,2,1,3
BRDA:21,3,0,1
BRDA:21,3,1,3
BRDA:25,4,0,1
BRDA:25,4,1,3
BRDA:30,5,0,1
BRDA:30,5,1,3
BRDA:31,6,0,4
BRDA:31,6,1,3
BRDA:31,6,2,3
BRF:16
BRH:16
end_of_record
TN:
SF:frontend/components/forms/ConfirmInviteForm/ConfirmInviteForm.tsx
FN:27,(anonymous_0)
FN:58,(anonymous_1)
FN:72,(anonymous_2)
FN:79,(anonymous_3)
FN:90,(anonymous_4)
FNF:5
FNH:4
FNDA:45,(anonymous_0)
FNDA:51,(anonymous_1)
FNDA:40,(anonymous_2)
FNDA:0,(anonymous_3)
FNDA:5,(anonymous_4)
DA:10,1
DA:27,1
DA:28,45
DA:33,45
DA:35,45
DA:36,1
DA:39,45
DA:44,24
DA:48,45
DA:49,3
DA:52,45
DA:53,19
DA:56,45
DA:58,1
DA:63,51
DA:68,51
DA:70,51
DA:72,51
DA:73,40
DA:74,40
DA:75,40
DA:78,40
DA:79,40
DA:81,0
DA:83,0
DA:86,40
DA:89,51
DA:91,5
DA:93,5
DA:94,5
DA:95,4
DA:96,4
DA:98,1
DA:103,51
LF:34
LH:32
BRDA:35,0,0,1
BRDA:35,0,1,44
BRDA:39,1,0,24
BRDA:39,1,1,21
BRDA:40,2,0,45
BRDA:40,2,1,42
BRDA:40,2,2,26
BRDA:48,3,0,3
BRDA:48,3,1,42
BRDA:52,4,0,19
BRDA:52,4,1,26
BRDA:64,5,0,51
BRDA:64,5,1,3
BRDA:65,6,0,51
BRDA:65,6,1,51
BRDA:66,7,0,51
BRDA:66,7,1,51
BRDA:81,8,0,0
BRDA:81,8,1,0
BRDA:94,9,0,4
BRDA:94,9,1,1
BRDA:105,10,0,51
BRDA:105,10,1,1
BRF:23
BRH:21
end_of_record
TN:
SF:frontend/components/forms/ConfirmInviteForm/index.tsx
FNF:0
FNH:0
LF:0
LH:0
BRF:0
BRH:0
end_of_record
TN:
SF:frontend/components/forms/ForgotPasswordForm/ForgotPasswordForm.jsx
FN:22,(anonymous_0)
FNF:1
FNH:1
FNDA:32,(anonymous_0)
DA:10,1
DA:11,1
DA:14,1
DA:23,32
DA:25,32
LF:5
LH:5
BRDA:27,0,0,32
BRDA:27,0,1,1
BRF:2
BRH:2
end_of_record
TN:
SF:frontend/components/forms/ForgotPasswordForm/validate.js
FN:5,(anonymous_0)
FNF:1
FNH:1
FNDA:3,(anonymous_0)
DA:5,1
DA:6,3
DA:7,3
DA:9,3
DA:10,1
DA:11,2
DA:12,1
DA:15,3
DA:17,3
LF:9
LH:9
BRDA:9,0,0,1
BRDA:9,0,1,2
BRDA:11,1,0,1
BRDA:11,1,1,1
BRF:4
BRH:4
end_of_record
TN:
SF:frontend/components/forms/FormField/FormField.tsx
FN:24,(anonymous_0)
FN:36,(anonymous_1)
FN:68,(anonymous_2)
FNF:3
FNH:3
FNDA:3675,(anonymous_0)
FNDA:3675,(anonymous_1)
FNDA:3675,(anonymous_2)
DA:9,76
DA:24,76
DA:36,3675
DA:37,3675
DA:42,3675
DA:43,1107
DA:46,2568
DA:68,3675
DA:69,3675
DA:70,1512
DA:73,2163
DA:76,3675
DA:84,3675
LF:13
LH:13
BRDA:42,0,0,1107
BRDA:42,0,1,2568
BRDA:52,1,0,2568
BRDA:52,1,1,2519
BRDA:53,2,0,71
BRDA:53,2,1,2448
BRDA:69,3,0,1512
BRDA:69,3,1,2163
BRF:8
BRH:8
end_of_record
TN:
SF:frontend/components/forms/FormField/index.ts
FNF:0
FNH:0
LF:0
LH:0
BRF:0
BRH:0
end_of_record
TN:
SF:frontend/components/forms/LoginForm/LoginForm.tsx
FN:28,(anonymous_0)
FN:51,(anonymous_1)
FN:55,(anonymous_2)
FN:76,(anonymous_3)
FN:86,(anonymous_4)
FN:104,(anonymous_5)
FN:126,(anonymous_6)
FN:127,(anonymous_7)
FN:141,(anonymous_8)
FNF:9
FNH:6
FNDA:71,(anonymous_0)
FNDA:7,(anonymous_1)
FNDA:5,(anonymous_2)
FNDA:5,(anonymous_3)
FNDA:0,(anonymous_4)
FNDA:0,(anonymous_5)
FNDA:142,(anonymous_6)
FNDA:55,(anonymous_7)
FNDA:0,(anonymous_8)
DA:17,1
DA:28,1
DA:40,71
DA:42,71
DA:44,71
DA:45,71
DA:49,71
DA:51,71
DA:52,7
DA:55,71
DA:56,5
DA:58,5
DA:60,5
DA:61,2
DA:62,3
DA:63,1
DA:66,5
DA:67,2
DA:70,5
DA:71,5
DA:73,5
DA:76,71
DA:77,5
DA:78,5
DA:80,5
DA:81,1
DA:83,4
DA:86,71
DA:87,0
DA:88,0
DA:89,0
DA:92,0
DA:104,71
DA:105,0
DA:106,0
DA:107,0
DA:109,0
DA:110,0
DA:113,0
DA:126,71
DA:127,142
DA:128,55
DA:129,55
DA:136,71
DA:137,0
DA:141,0
DA:158,71
LF:47
LH:35
BRDA:40,0,0,71
BRDA:40,0,1,0
BRDA:60,1,0,2
BRDA:60,1,1,3
BRDA:62,2,0,1
BRDA:62,2,1,2
BRDA:66,3,0,2
BRDA:66,3,1,3
BRDA:80,4,0,1
BRDA:80,4,1,4
BRDA:88,5,0,0
BRDA:88,5,1,0
BRDA:106,6,0,0
BRDA:106,6,1,0
BRDA:109,7,0,0
BRDA:109,7,1,0
BRDA:136,8,0,0
BRDA:136,8,1,71
BRDA:160,9,0,71
BRDA:160,9,1,1
BRDA:183,10,0,71
BRDA:183,10,1,0
BRF:22
BRH:13
end_of_record
TN:
SF:frontend/components/forms/RegistrationForm/RegistrationForm.jsx
FN:20,(anonymous_0)
FN:32,(anonymous_1)
FN:46,(anonymous_2)
FN:55,(anonymous_3)
FN:65,(anonymous_4)
FNF:5
FNH:3
FNDA:4,(anonymous_0)
FNDA:0,(anonymous_1)
FNDA:0,(anonymous_2)
FNDA:16,(anonymous_3)
FNDA:4,(anonymous_4)
DA:10,1
DA:13,1
DA:21,4
DA:22,4
DA:24,4
DA:32,4
DA:33,0
DA:34,0
DA:36,0
DA:43,0
DA:46,4
DA:47,0
DA:49,0
DA:50,0
DA:52,0
DA:55,4
DA:56,16
DA:58,16
DA:59,4
DA:62,12
DA:66,4
DA:67,4
DA:68,4
DA:70,4
DA:75,4
DA:80,4
DA:85,4
DA:90,4
DA:95,4
DA:100,4
DA:105,4
DA:110,4
DA:120,4
LF:33
LH:25
BRDA:58,0,0,4
BRDA:58,0,1,12
BRF:2
BRH:2
end_of_record
TN:
SF:frontend/components/forms/RegistrationForm/index.js
FNF:0
FNH:0
LF:0
LH:0
BRF:0
BRH:0
end_of_record
TN:
SF:frontend/components/forms/RegistrationForm/AdminDetails/AdminDetails.jsx
FN:26,(anonymous_0)
FN:34,(anonymous_1)
FN:40,(anonymous_2)
FN:52,(anonymous_3)
FNF:4
FNH:3
FNDA:95,(anonymous_0)
FNDA:0,(anonymous_1)
FNDA:105,(anonymous_2)
FNDA:210,(anonymous_3)
DA:10,2
DA:11,2
DA:14,2
DA:27,95
DA:34,0
DA:35,0
DA:41,105
DA:42,105
DA:44,105
DA:53,210
LF:10
LH:8
BRDA:27,0,0,0
BRDA:27,0,1,95
BRDA:28,1,0,95
BRDA:28,1,1,95
BRDA:42,2,0,101
BRDA:42,2,1,4
BRF:6
BRH:5
end_of_record
TN:
SF:frontend/components/forms/RegistrationForm/AdminDetails/helpers.js
FN:6,(anonymous_0)
FNF:1
FNH:1
FNDA:5,(anonymous_0)
DA:6,2
DA:7,5
DA:13,5
DA:15,5
DA:16,3
DA:17,2
DA:18,1
DA:21,5
DA:22,4
DA:25,5
DA:26,2
DA:29,5
DA:34,1
DA:38,5
DA:39,2
DA:42,5
DA:43,2
DA:46,5
DA:48,5
LF:19
LH:19
BRDA:15,0,0,3
BRDA:15,0,1,2
BRDA:17,1,0,1
BRDA:17,1,1,1
BRDA:21,2,0,4
BRDA:21,2,1,1
BRDA:25,3,0,2
BRDA:25,3,1,3
BRDA:25,4,0,5
BRDA:25,4,1,3
BRDA:25,4,2,3
BRDA:29,5,0,1
BRDA:29,5,1,4
BRDA:30,6,0,5
BRDA:30,6,1,3
BRDA:30,6,2,3
BRDA:38,7,0,2
BRDA:38,7,1,3
BRDA:42,8,0,2
BRDA:42,8,1,3
BRF:20
BRH:20
end_of_record
TN:
SF:frontend/components/forms/RegistrationForm/AdminDetails/index.js
FNF:0
FNH:0
LF:0
LH:0
BRF:0
BRH:0
end_of_record
TN:
SF:frontend/components/forms/RegistrationForm/ConfirmationPage/ConfirmationPage.tsx
FN:18,(anonymous_0)
FN:25,(anonymous_1)
FN:30,(anonymous_2)
FN:41,(anonymous_3)
FNF:4
FNH:3
FNDA:6,(anonymous_0)
FNDA:6,(anonymous_1)
FNDA:0,(anonymous_2)
FNDA:6,(anonymous_3)
DA:8,2
DA:18,2
DA:25,6
DA:26,6
DA:30,2
DA:33,0
DA:36,0
DA:41,6
DA:42,6
DA:44,6
DA:45,6
DA:48,0
DA:62,6
DA:63,6
DA:65,6
DA:67,6
LF:16
LH:13
BRDA:26,0,0,2
BRDA:26,0,1,4
BRDA:44,1,0,6
BRDA:44,1,1,0
BRDA:63,2,0,2
BRDA:63,2,1,4
BRF:6
BRH:5
end_of_record
TN:
SF:frontend/components/forms/RegistrationForm/ConfirmationPage/index.ts
FNF:0
FNH:0
LF:0
LH:0
BRF:0
BRH:0
end_of_record
TN:
SF:frontend/components/forms/RegistrationForm/MobiusDetails/MobiusDetails.jsx
FN:23,(anonymous_0)
FN:31,(anonymous_1)
FN:37,(anonymous_2)
FN:52,(anonymous_3)
FNF:4
FNH:3
FNDA:74,(anonymous_0)
FNDA:0,(anonymous_1)
FNDA:83,(anonymous_2)
FNDA:166,(anonymous_3)
DA:10,2
DA:11,2
DA:14,2
DA:24,74
DA:31,0
DA:32,0
DA:38,83
DA:39,83
DA:41,83
DA:53,166
LF:10
LH:8
BRDA:24,0,0,0
BRDA:24,0,1,74
BRDA:25,1,0,74
BRDA:25,1,1,74
BRDA:39,2,0,79
BRDA:39,2,1,4
BRF:6
BRH:5
end_of_record
TN:
SF:frontend/components/forms/RegistrationForm/MobiusDetails/helpers.js
FN:7,(anonymous_0)
FNF:1
FNH:1
FNDA:5,(anonymous_0)
DA:7,2
DA:8,5
DA:9,5
DA:11,5
DA:12,1
DA:13,4
DA:20,2
DA:23,5
DA:25,5
LF:9
LH:9
BRDA:11,0,0,1
BRDA:11,0,1,4
BRDA:13,1,0,2
BRDA:13,1,1,2
BRF:4
BRH:4
end_of_record
TN:
SF:frontend/components/forms/RegistrationForm/MobiusDetails/index.js
FNF:0
FNH:0
LF:0
LH:0
BRF:0
BRH:0
end_of_record
TN:
SF:frontend/components/forms/RegistrationForm/OrgDetails/OrgDetails.jsx
FN:24,(anonymous_0)
FN:32,(anonymous_1)
FN:38,(anonymous_2)
FN:48,(anonymous_3)
FNF:4
FNH:3
FNDA:74,(anonymous_0)
FNDA:0,(anonymous_1)
FNDA:82,(anonymous_2)
FNDA:164,(anonymous_3)
DA:10,2
DA:11,2
DA:14,2
DA:25,74
DA:32,0
DA:33,0
DA:39,82
DA:40,82
DA:42,82
DA:49,164
LF:10
LH:8
BRDA:25,0,0,0
BRDA:25,0,1,74
BRDA:26,1,0,74
BRDA:26,1,1,74
BRDA:40,2,0,78
BRDA:40,2,1,4
BRF:6
BRH:5
end_of_record
TN:
SF:frontend/components/forms/RegistrationForm/OrgDetails/helpers.js
FN:3,(anonymous_0)
FNF:1
FNH:1
FNDA:3,(anonymous_0)
DA:3,2
DA:4,3
DA:5,3
DA:7,3
DA:8,2
DA:11,3
DA:12,1
DA:15,3
DA:17,3
LF:9
LH:9
BRDA:7,0,0,2
BRDA:7,0,1,1
BRDA:11,1,0,1
BRDA:11,1,1,2
BRDA:11,2,0,3
BRDA:11,2,1,2
BRF:6
BRH:6
end_of_record
TN:
SF:frontend/components/forms/RegistrationForm/OrgDetails/index.js
FNF:0
[...]
BRDA:102,1,1,5
BRDA:104,2,0,57
BRDA:104,2,1,14
BRDA:105,3,0,57
BRDA:105,3,1,13
BRDA:108,4,0,14
BRDA:108,4,1,43
BRDA:109,5,0,13
BRDA:109,5,1,30
BRDA:122,6,0,0
BRDA:122,6,1,0
BRDA:139,7,0,0
BRDA:139,7,1,0
BRDA:140,8,0,0
BRDA:140,8,1,0
BRDA:141,9,0,0
BRDA:141,9,1,0
BRDA:141,10,0,0
BRDA:141,10,1,0
BRDA:143,11,0,0
BRDA:143,11,1,0
BRDA:143,11,2,0
BRDA:143,11,3,0
BRDA:145,12,0,0
BRDA:145,12,1,0
BRDA:145,13,0,0
BRDA:145,13,1,0
BRDA:147,14,0,0
BRDA:147,14,1,0
BRDA:147,15,0,0
BRDA:147,15,1,0
BRDA:149,16,0,0
BRDA:149,16,1,0
BRDA:149,17,0,0
BRDA:149,17,1,0
BRDA:149,17,2,0
BRDA:157,18,0,0
BRDA:157,18,1,12
BRDA:172,19,0,0
BRDA:172,19,1,0
BRDA:189,20,0,0
BRDA:189,20,1,0
BRDA:222,21,0,0
BRDA:222,21,1,0
BRDA:226,22,0,0
BRDA:226,22,1,0
BRDA:230,23,0,0
BRDA:230,23,1,0
BRDA:235,24,0,0
BRDA:235,24,1,0
BRDA:239,25,0,0
BRDA:239,25,1,0
BRDA:243,26,0,0
BRDA:243,26,1,0
BRDA:253,27,0,0
BRDA:253,27,1,0
BRDA:257,28,0,0
BRDA:257,28,1,0
BRDA:261,29,0,0
BRDA:261,29,1,0
BRDA:269,30,0,0
BRDA:269,30,1,0
BRDA:288,31,0,0
BRDA:288,31,1,0
BRDA:292,32,0,0
BRDA:292,32,1,0
BRDA:296,33,0,0
BRDA:296,33,1,0
BRDA:301,34,0,0
BRDA:301,34,1,0
BRDA:305,35,0,0
BRDA:305,35,1,0
BRDA:315,36,0,0
BRDA:315,36,1,0
BRDA:319,37,0,0
BRDA:319,37,1,0
BRDA:323,38,0,0
BRDA:323,38,1,0
BRDA:331,39,0,0
BRDA:331,39,1,0
BRDA:351,40,0,0
BRDA:351,40,1,0
BRDA:355,41,0,0
BRDA:355,41,1,0
BRDA:359,42,0,0
BRDA:359,42,1,0
BRDA:364,43,0,0
BRDA:364,43,1,0
BRDA:368,44,0,0
BRDA:368,44,1,0
BRDA:372,45,0,0
BRDA:372,45,1,0
BRDA:382,46,0,0
BRDA:382,46,1,0
BRDA:386,47,0,0
BRDA:386,47,1,0
BRDA:390,48,0,0
BRDA:390,48,1,0
BRDA:398,49,0,0
BRDA:398,49,1,0
BRDA:406,50,0,0
BRDA:406,50,1,0
BRDA:420,51,0,0
BRDA:420,51,1,14
BRDA:420,52,0,14
BRDA:420,52,1,14
BRDA:425,53,0,2
BRDA:425,53,1,12
BRDA:427,54,0,6
BRDA:427,54,1,6
BRDA:429,55,0,6
BRDA:429,55,1,0
BRDA:431,56,0,0
BRDA:431,56,1,0
BRDA:439,57,0,3
BRDA:439,57,1,0
BRDA:452,58,0,0
BRDA:452,58,1,0
BRDA:455,59,0,0
BRDA:455,59,1,0
BRDA:458,60,0,0
BRDA:458,60,1,0
BRDA:460,61,0,0
BRDA:460,61,1,0
BRDA:461,62,0,0
BRDA:461,62,1,0
BRDA:464,63,0,0
BRDA:464,63,1,0
BRDA:467,64,0,0
BRDA:467,64,1,0
BRDA:475,65,0,0
BRDA:475,65,1,0
BRDA:486,66,0,0
BRDA:486,66,1,0
BRDA:487,67,0,0
BRDA:487,67,1,0
BRDA:490,68,0,0
BRDA:490,68,1,0
BRDA:497,69,0,0
BRDA:497,69,1,0
BRDA:508,70,0,0
BRDA:508,70,1,0
BRDA:540,71,0,0
BRDA:540,71,1,24
BRDA:540,72,0,24
BRDA:540,72,1,24
BRDA:543,73,0,0
BRDA:543,73,1,24
BRDA:550,74,0,0
BRDA:550,74,1,0
BRDA:550,75,0,0
BRDA:550,75,1,0
BRDA:563,76,0,0
BRDA:563,76,1,0
BRDA:563,77,0,0
BRDA:563,77,1,0
BRDA:575,78,0,0
BRDA:575,78,1,64
BRDA:578,79,0,0
BRDA:578,79,1,64
BRDA:605,80,0,0
BRDA:605,80,1,0
BRDA:614,81,0,0
BRDA:614,81,1,0
BRDA:614,82,0,0
BRDA:614,82,1,0
BRDA:644,83,0,6
BRDA:644,83,1,4
BRDA:662,84,0,5
BRDA:662,84,1,4
BRDA:663,85,0,9
BRDA:663,85,1,4
BRDA:663,85,2,4
BRDA:670,86,0,3
BRDA:670,86,1,1
BRDA:671,87,0,4
BRDA:671,87,1,3
BRDA:677,88,0,3
BRDA:677,88,1,0
BRDA:680,89,0,0
BRDA:680,89,1,0
BRDA:688,90,0,0
BRDA:688,90,1,16
BRDA:701,91,0,0
BRDA:701,91,1,0
BRDA:701,92,0,0
BRDA:701,92,1,0
BRDA:702,93,0,0
BRDA:702,93,1,0
BRDA:702,94,0,0
BRDA:702,94,1,0
BRDA:703,95,0,0
BRDA:703,95,1,0
BRDA:703,96,0,0
BRDA:703,96,1,0
BRDA:722,97,0,0
BRDA:722,97,1,0
BRDA:723,98,0,0
BRDA:723,98,1,0
BRDA:728,99,0,0
BRDA:728,99,1,0
BRDA:730,100,0,0
BRDA:730,100,1,0
BRDA:772,101,0,377
BRDA:772,101,1,46
BRDA:773,102,0,423
BRDA:773,102,1,97
BRDA:773,102,2,326
BRDA:773,102,3,48
BRDA:794,103,0,0
BRDA:794,103,1,11
BRDA:808,104,0,0
BRDA:808,104,1,9
BRDA:821,105,0,0
BRDA:822,106,0,9
BRDA:823,107,0,9
BRDA:824,108,0,0
BRDA:834,109,0,9
BRDA:834,109,1,0
BRDA:847,110,0,4
BRDA:848,111,0,4
BRDA:872,112,0,36
BRDA:872,112,1,12
BRDA:874,113,0,12
BRDA:874,113,1,0
BRDA:891,114,0,11
BRDA:891,114,1,0
BRF:230
BRH:57
end_of_record
TN:
SF:frontend/utilities/local.ts
FN:6,(anonymous_0)
FN:9,(anonymous_1)
FN:12,(anonymous_2)
FN:15,(anonymous_3)
FN:20,(anonymous_4)
FN:24,(anonymous_5)
FNF:6
FNH:2
FNDA:0,(anonymous_0)
FNDA:109,(anonymous_1)
FNDA:0,(anonymous_2)
FNDA:0,(anonymous_3)
FNDA:109,(anonymous_4)
FNDA:0,(anonymous_5)
DA:3,170
DA:5,170
DA:7,0
DA:10,109
DA:13,0
DA:16,0
DA:20,170
DA:21,109
DA:24,170
DA:25,0
LF:10
LH:6
BRF:0
BRH:0
end_of_record
TN:
SF:frontend/utilities/osquery_tables.ts
FN:11,(anonymous_0)
FN:17,(anonymous_1)
FN:21,(anonymous_2)
FN:26,(anonymous_3)
FN:27,(anonymous_4)
FN:32,(anonymous_5)
FN:37,(anonymous_6)
FN:38,(anonymous_7)
FN:39,(anonymous_8)
FNF:9
FNH:9
FNDA:62023,(anonymous_0)
FNDA:57629,(anonymous_1)
FNDA:57629,(anonymous_2)
FNDA:57629,(anonymous_3)
FNDA:496015,(anonymous_4)
FNDA:57629,(anonymous_5)
FNDA:60,(anonymous_6)
FNDA:20460,(anonymous_7)
FNDA:20460,(anonymous_8)
DA:9,169
DA:11,169
DA:12,62023
DA:16,169
DA:17,57629
DA:21,169
DA:22,57629
DA:26,169
DA:27,496015
DA:28,57629
DA:32,169
DA:33,57629
DA:37,169
DA:38,60
DA:39,20460
DA:40,20460
DA:41,120
DA:43,20340
DA:44,19942
DA:46,398
DA:49,20460
DA:52,60
LF:22
LH:22
BRDA:12,0,0,61009
BRDA:12,0,1,1014
BRDA:22,1,0,338
BRDA:22,1,1,57291
BRDA:28,2,0,338
BRDA:28,2,1,57291
BRDA:33,3,0,338
BRDA:33,3,1,57291
BRDA:40,4,0,120
BRDA:40,4,1,20340
BRDA:43,5,0,19942
BRDA:43,5,1,398
BRDA:43,6,0,20340
BRDA:43,6,1,20001
BRDA:49,7,0,20062
BRDA:49,7,1,398
BRF:16
BRH:16
end_of_record
TN:
SF:frontend/utilities/platform_icon_class.ts
FN:1,(anonymous_0)
FNF:1
FNH:1
FNDA:2,(anonymous_0)
DA:1,1
DA:2,2
DA:4,2
DA:6,2
DA:8,0
DA:10,0
DA:12,0
DA:14,0
DA:16,0
DA:18,0
DA:20,0
DA:22,0
DA:24,0
DA:26,0
DA:28,1
DA:30,0
DA:32,0
DA:34,1
LF:18
LH:6
BRDA:1,0,0,0
BRDA:2,1,0,0
BRDA:2,1,1,2
BRDA:6,2,0,0
BRDA:6,2,1,0
BRDA:6,2,2,0
BRDA:6,2,3,0
BRDA:6,2,4,0
BRDA:6,2,5,0
BRDA:6,2,6,0
BRDA:6,2,7,0
BRDA:6,2,8,0
BRDA:6,2,9,0
BRDA:6,2,10,1
BRDA:6,2,11,0
BRDA:6,2,12,0
BRDA:6,2,13,1
BRF:17
BRH:3
end_of_record
TN:
SF:frontend/utilities/sql_tools.ts
FN:26,(anonymous_0)
FN:33,(anonymous_1)
FN:38,(anonymous_2)
FN:42,(anonymous_3)
FN:50,(anonymous_4)
FN:53,(anonymous_5)
FN:63,(anonymous_6)
FN:72,(anonymous_7)
FN:76,(anonymous_8)
FN:79,(anonymous_9)
FN:92,(anonymous_10)
FN:146,(anonymous_11)
FN:151,(anonymous_12)
FN:165,(anonymous_13)
FN:188,(anonymous_14)
FNF:15
FNH:14
FNDA:2712,(anonymous_0)
FNDA:88,(anonymous_1)
FNDA:8491,(anonymous_2)
FNDA:1782,(anonymous_3)
FNDA:10904,(anonymous_4)
FNDA:641,(anonymous_5)
FNDA:19,(anonymous_6)
FNDA:19,(anonymous_7)
FNDA:76,(anonymous_8)
FNDA:82,(anonymous_9)
FNDA:1782,(anonymous_10)
FNDA:47,(anonymous_11)
FNDA:0,(anonymous_12)
FNDA:63,(anonymous_13)
FNDA:19,(anonymous_14)
DA:12,8
DA:25,8
DA:27,2712
DA:28,2712
DA:33,8
DA:34,88
DA:38,8
DA:39,8491
DA:42,8
DA:47,1782
DA:48,1782
DA:50,1782
DA:51,10904
DA:52,10904
DA:53,407
DA:54,641
DA:56,10497
DA:57,1060
DA:63,8
DA:66,19
DA:67,0
DA:70,19
DA:72,19
DA:76,76
DA:79,8
DA:83,82
DA:87,82
DA:90,82
DA:92,82
DA:93,1782
DA:94,0
DA:98,1782
DA:103,6
DA:104,6
DA:105,6
DA:107,6
DA:111,1776
DA:113,567
DA:115,41
DA:118,0
DA:119,0
DA:120,0
DA:121,0
DA:122,0
DA:123,0
DA:126,0
DA:129,41
DA:130,41
DA:134,526
DA:135,94
DA:140,82
DA:141,82
DA:142,81
DA:145,81
DA:146,47
DA:150,81
DA:151,0
DA:155,81
DA:157,81
DA:161,1
DA:165,8
DA:170,63
DA:171,63
DA:173,1
DA:176,62
DA:177,0
DA:185,62
DA:188,8
DA:193,19
DA:195,19
DA:197,0
DA:200,19
DA:201,0
DA:209,19
DA:211,19
DA:212,19
DA:214,0
DA:218,8
DA:267,8
DA:288,8
LF:80
LH:66
BRDA:39,0,0,8491
BRDA:39,0,1,8491
BRDA:45,1,0,81
BRDA:47,2,0,1782
BRDA:47,2,1,0
BRDA:52,3,0,407
BRDA:52,3,1,10497
BRDA:56,4,0,1060
BRDA:56,4,1,9437
BRDA:56,5,0,10497
BRDA:56,5,1,8491
BRDA:66,6,0,0
BRDA:66,6,1,19
BRDA:81,7,0,0
BRDA:93,8,0,0
BRDA:93,8,1,1782
BRDA:98,9,0,6
BRDA:98,9,1,1776
BRDA:99,10,0,1782
BRDA:99,10,1,6
BRDA:99,10,2,6
BRDA:104,11,0,6
BRDA:104,11,1,0
BRDA:111,12,0,567
BRDA:111,12,1,1209
BRDA:111,13,0,1776
BRDA:111,13,1,1647
BRDA:111,13,2,1428
BRDA:113,14,0,41
BRDA:113,14,1,526
BRDA:115,15,0,0
BRDA:115,15,1,41
BRDA:120,16,0,0
BRDA:120,16,1,0
BRDA:122,17,0,0
BRDA:122,17,1,0
BRDA:134,18,0,94
BRDA:134,18,1,432
BRDA:145,19,0,40
BRDA:145,19,1,41
BRDA:145,20,0,81
BRDA:145,20,1,41
BRDA:150,21,0,0
BRDA:150,21,1,81
BRDA:166,22,0,0
BRDA:167,23,0,62
BRDA:176,24,0,0
BRDA:176,24,1,62
BRDA:190,25,0,19
BRDA:200,26,0,0
BRDA:200,26,1,19
BRF:51
BRH:37
end_of_record
TN:
SF:frontend/utilities/append_target_type_to_targets/index.ts
FN:4,(anonymous_0)
FN:38,(anonymous_1)
FN:39,(anonymous_2)
FNF:3
FNH:0
FNDA:0,(anonymous_0)
FNDA:0,(anonymous_1)
FNDA:0,(anonymous_2)
DA:4,2
DA:5,0
DA:6,0
DA:7,0
DA:8,0
DA:10,0
DA:11,0
DA:12,0
DA:16,0
DA:20,0
DA:21,0
DA:27,0
DA:32,0
DA:38,2
DA:39,0
DA:40,0
DA:41,0
DA:44,0
LF:18
LH:2
BRDA:6,0,0,0
BRDA:6,0,1,0
BRDA:10,1,0,0
BRDA:10,1,1,0
BRDA:20,2,0,0
BRDA:20,2,1,0
BRDA:20,3,0,0
BRDA:20,3,1,0
BRDA:21,4,0,0
BRDA:21,4,1,0
BRDA:22,5,0,0
BRDA:22,5,1,0
BRDA:40,6,0,0
BRDA:40,6,1,0
BRF:14
BRH:0
end_of_record
TN:
SF:frontend/utilities/convert_to_csv/index.ts
FN:1,(anonymous_0)
FN:9,(anonymous_1)
FN:30,(anonymous_2)
FN:36,(anonymous_3)
FN:42,(anonymous_4)
FN:45,(anonymous_5)
FN:46,(anonymous_6)
FN:47,(anonymous_7)
FNF:8
FNH:8
FNDA:2,(anonymous_0)
FNDA:16,(anonymous_1)
FNDA:2,(anonymous_2)
FNDA:5,(anonymous_3)
FNDA:7,(anonymous_4)
FNDA:7,(anonymous_5)
FNDA:3,(anonymous_6)
FNDA:9,(anonymous_7)
DA:1,3
DA:9,3
DA:11,16
DA:12,1
DA:16,16
DA:17,0
DA:21,16
DA:22,16
DA:27,16
DA:30,3
DA:35,2
DA:36,5
DA:39,2
DA:42,7
DA:45,7
DA:46,2
DA:47,9
DA:50,2
LF:18
LH:17
BRDA:11,0,0,1
BRDA:11,0,1,15
BRDA:16,1,0,0
BRDA:16,1,1,16
BRDA:21,2,0,16
BRDA:21,2,1,0
BRDA:32,3,0,2
BRDA:35,4,0,1
BRDA:35,4,1,1
BRF:9
BRH:7
end_of_record
TN:
SF:frontend/utilities/date_format/index.ts
FN:6,(anonymous_0)
FN:14,(anonymous_1)
FN:22,(anonymous_2)
FN:32,(anonymous_3)
FNF:4
FNH:4
FNDA:2,(anonymous_0)
FNDA:10,(anonymous_1)
FNDA:137,(anonymous_2)
FNDA:1,(anonymous_3)
DA:6,18
DA:8,2
DA:14,18
DA:16,10
DA:22,18
DA:24,137
DA:25,137
DA:32,18
DA:33,1
LF:9
LH:9
BRDA:24,0,0,124
BRDA:24,0,1,13
BRF:2
BRH:2
end_of_record
TN:
SF:frontend/utilities/debounce/index.ts
FN:11,(anonymous_0)
FNF:1
FNH:1
FNDA:1,(anonymous_0)
DA:9,1
DA:19,1
DA:21,1
LF:3
LH:3
BRDA:13,0,0,1
BRF:1
BRH:1
end_of_record
TN:
SF:frontend/utilities/deep_difference/index.ts
FN:3,(anonymous_0)
FN:6,(anonymous_1)
FNF:2
FNH:2
FNDA:11,(anonymous_0)
FNDA:29,(anonymous_1)
DA:3,1
DA:4,11
DA:6,11
DA:7,29
DA:9,29
DA:11,18
DA:12,3
DA:13,1
DA:15,2
DA:17,2
DA:18,1
DA:21,15
DA:22,4
DA:24,11
DA:28,11
LF:15
LH:15
BRDA:9,0,0,11
BRDA:9,0,1,18
BRDA:11,1,0,3
BRDA:11,1,1,15
BRDA:11,2,0,18
BRDA:11,2,1,4
BRDA:12,3,0,1
BRDA:12,3,1,2
BRDA:12,4,0,3
BRDA:12,4,1,1
BRDA:17,5,0,1
BRDA:17,5,1,1
BRDA:21,6,0,4
BRDA:21,6,1,11
BRDA:21,7,0,15
BRDA:21,7,1,7
BRF:16
BRH:16
end_of_record
TN:
SF:frontend/utilities/file/fileUtils.ts
FN:36,(anonymous_0)
FN:41,(anonymous_1)
FN:63,(anonymous_2)
FN:72,(anonymous_3)
FNF:4
FNH:4
FNDA:38,(anonymous_0)
FNDA:140,(anonymous_1)
FNDA:20,(anonymous_2)
FNDA:7,(anonymous_3)
DA:8,4
DA:22,4
DA:26,4
DA:36,4
DA:37,38
DA:38,38
DA:41,38
DA:42,140
DA:43,140
DA:48,38
DA:49,6
DA:50,32
DA:51,27
DA:55,38
DA:56,4
DA:59,38
DA:63,4
DA:64,20
DA:65,20
DA:66,4
DA:68,16
DA:72,4
DA:73,7
LF:23
LH:23
BRDA:48,0,0,6
BRDA:48,0,1,32
BRDA:50,1,0,27
BRDA:50,1,1,5
BRDA:55,2,0,4
BRDA:55,2,1,34
BRDA:55,3,0,38
BRDA:55,3,1,33
BRDA:65,4,0,4
BRDA:65,4,1,16
BRF:10
BRH:10
end_of_record
TN:
SF:frontend/utilities/format_api_errors/format_api_errors.ts
FN:1,(anonymous_0)
FN:9,(anonymous_1)
FNF:2
FNH:2
FNDA:1,(anonymous_0)
FNDA:2,(anonymous_1)
DA:2,1
DA:3,0
DA:6,1
DA:7,1
DA:9,1
DA:10,2
DA:13,1
LF:7
LH:6
BRDA:2,0,0,0
BRDA:2,0,1,1
BRDA:2,1,0,1
BRDA:2,1,1,1
BRF:4
BRH:3
end_of_record
TN:
SF:frontend/utilities/format_api_errors/index.ts
FNF:0
FNH:0
LF:0
LH:0
BRF:0
BRH:0
end_of_record
TN:
SF:frontend/utilities/generate_csv/index.ts
FN:6,(anonymous_0)
FN:7,(anonymous_1)
FN:13,(anonymous_2)
FN:18,(anonymous_3)
FN:27,(anonymous_4)
FN:40,(anonymous_5)
FN:50,(anonymous_6)
FNF:7
FNH:0
FNDA:0,(anonymous_0)
FNDA:0,(anonymous_1)
FNDA:0,(anonymous_2)
FNDA:0,(anonymous_3)
FNDA:0,(anonymous_4)
FNDA:0,(anonymous_5)
FNDA:0,(anonymous_6)
DA:6,2
DA:7,0
DA:8,0
DA:10,0
DA:13,2
DA:14,0
DA:18,2
DA:24,0
DA:27,0
DA:40,2
DA:44,0
DA:50,2
DA:54,0
LF:13
LH:5
BRDA:28,0,0,0
BRDA:28,0,1,0
BRF:2
BRH:0
end_of_record
TN:
SF:frontend/utilities/permissions/index.ts
FNF:0
FNH:0
LF:0
LH:0
BRF:0
BRH:0
end_of_record
TN:
SF:frontend/utilities/permissions/permissions.ts
FN:4,(anonymous_0)
FN:8,(anonymous_1)
FN:12,(anonymous_2)
FN:16,(anonymous_3)
FN:20,(anonymous_4)
FN:24,(anonymous_5)
FN:28,(anonymous_6)
FN:32,(anonymous_7)
FN:36,(anonymous_8)
FN:42,(anonymous_9)
FN:47,(anonymous_10)
FN:51,(anonymous_11)
FN:55,(anonymous_12)
FN:59,(anonymous_13)
FN:63,(anonymous_14)
FN:67,(anonymous_15)
FN:71,(anonymous_16)
FN:75,(anonymous_17)
FN:80,(anonymous_18)
FN:82,(anonymous_19)
FN:88,(anonymous_20)
FN:90,(anonymous_21)
FN:96,(anonymous_22)
FN:98,(anonymous_23)
FN:104,(anonymous_24)
FN:107,(anonymous_25)
FN:114,(anonymous_26)
FN:122,(anonymous_27)
FN:129,(anonymous_28)
FN:133,(anonymous_29)
FN:137,(anonymous_30)
FN:141,(anonymous_31)
FN:145,(anonymous_32)
FNF:33
FNH:10
FNDA:0,(anonymous_0)
FNDA:0,(anonymous_1)
FNDA:0,(anonymous_2)
FNDA:0,(anonymous_3)
FNDA:0,(anonymous_4)
FNDA:0,(anonymous_5)
FNDA:9,(anonymous_6)
FNDA:0,(anonymous_7)
FNDA:43,(anonymous_8)
FNDA:3,(anonymous_9)
FNDA:46,(anonymous_10)
FNDA:4,(anonymous_11)
FNDA:40,(anonymous_12)
FNDA:4,(anonymous_13)
FNDA:40,(anonymous_14)
FNDA:4,(anonymous_15)
FNDA:0,(anonymous_16)
FNDA:0,(anonymous_17)
FNDA:0,(anonymous_18)
FNDA:0,(anonymous_19)
FNDA:0,(anonymous_20)
FNDA:0,(anonymous_21)
FNDA:0,(anonymous_22)
FNDA:0,(anonymous_23)
FNDA:0,(anonymous_24)
FNDA:0,(anonymous_25)
FNDA:3,(anonymous_26)
FNDA:0,(anonymous_27)
FNDA:0,(anonymous_28)
FNDA:0,(anonymous_29)
FNDA:0,(anonymous_30)
FNDA:0,(anonymous_31)
FNDA:0,(anonymous_32)
DA:4,169
DA:5,0
DA:8,169
DA:9,0
DA:12,169
DA:13,0
DA:16,169
DA:17,0
DA:20,169
DA:21,0
DA:24,169
DA:25,0
DA:28,169
DA:29,9
DA:32,169
DA:33,0
DA:36,169
DA:37,43
DA:42,169
DA:43,3
DA:47,169
DA:51,46
DA:52,46
DA:55,169
DA:59,40
DA:60,40
DA:63,169
DA:67,40
DA:68,40
DA:71,169
DA:75,0
DA:76,0
DA:80,169
DA:81,0
DA:82,0
DA:85,0
DA:88,169
DA:89,0
DA:90,0
DA:93,0
DA:96,169
DA:97,0
DA:98,0
DA:101,0
DA:104,169
DA:105,0
DA:106,0
DA:107,0
DA:111,0
DA:114,169
DA:115,3
DA:116,0
DA:120,3
DA:121,0
DA:122,0
DA:126,3
DA:129,169
DA:130,0
DA:133,169
DA:137,0
DA:138,0
DA:141,169
DA:142,0
DA:145,169
DA:146,0
LF:65
LH:35
BRDA:38,0,0,43
BRDA:38,0,1,43
BRDA:52,1,0,46
BRDA:52,1,1,46
BRDA:76,2,0,0
BRDA:76,2,1,0
BRDA:81,3,0,0
BRDA:81,3,1,0
BRDA:89,4,0,0
BRDA:89,4,1,0
BRDA:97,5,0,0
BRDA:97,5,1,0
BRDA:105,6,0,0
BRDA:105,6,1,0
BRDA:107,7,0,0
BRDA:107,7,1,0
BRDA:115,8,0,0
BRDA:115,8,1,3
BRDA:120,9,0,0
BRDA:120,9,1,3
BRDA:122,10,0,0
BRDA:122,10,1,0
BRDA:142,11,0,0
BRDA:142,11,1,0
BRDA:146,12,0,0
BRDA:146,12,1,0
BRF:26
BRH:6
end_of_record
TN:
SF:frontend/utilities/sort/index.ts
FNF:0
FNH:0
LF:0
LH:0
BRF:0
BRH:0
end_of_record
TN:
SF:frontend/utilities/sort/sort_functions.ts
FN:1,(anonymous_0)
FN:11,(anonymous_1)
FN:27,(anonymous_2)
FN:49,(anonymous_3)
FN:61,(anonymous_4)
FNF:5
FNH:2
FNDA:0,(anonymous_0)
FNDA:25,(anonymous_1)
FNDA:0,(anonymous_2)
FNDA:3,(anonymous_3)
FNDA:0,(anonymous_4)
DA:1,169
DA:2,0
DA:3,0
DA:5,0
DA:6,0
DA:8,0
DA:11,169
DA:12,25
DA:13,25
DA:15,25
DA:16,4
DA:18,21
DA:19,15
DA:21,6
DA:27,169
DA:28,0
DA:29,0
DA:31,0
DA:32,0
DA:34,0
DA:35,0
DA:37,0
DA:38,0
DA:40,0
DA:41,0
DA:43,0
DA:44,0
DA:46,0
DA:49,169
DA:50,3
DA:51,0
DA:53,3
DA:54,0
DA:56,3
DA:59,169
DA:61,169
DA:62,0
DA:66,0
DA:67,0
DA:69,0
DA:70,0
DA:72,0
LF:42
LH:16
BRDA:2,0,0,0
BRDA:2,0,1,0
BRDA:2,1,0,0
BRDA:2,1,1,0
BRDA:5,2,0,0
BRDA:5,2,1,0
BRDA:5,3,0,0
BRDA:5,3,1,0
BRDA:12,4,0,25
BRDA:12,4,1,0
BRDA:13,5,0,25
BRDA:13,5,1,0
BRDA:15,6,0,4
BRDA:15,6,1,21
BRDA:18,7,0,15
BRDA:18,7,1,6
BRDA:31,8,0,0
BRDA:31,8,1,0
BRDA:31,9,0,0
BRDA:31,9,1,0
BRDA:34,10,0,0
BRDA:34,10,1,0
BRDA:37,11,0,0
BRDA:37,11,1,0
BRDA:40,12,0,0
BRDA:40,12,1,0
BRDA:43,13,0,0
BRDA:43,13,1,0
BRDA:50,14,0,0
BRDA:50,14,1,3
BRDA:50,15,0,3
BRDA:50,15,1,0
BRDA:53,16,0,0
BRDA:53,16,1,3
BRDA:53,17,0,3
BRDA:53,17,1,3
BRDA:66,18,0,0
BRDA:66,18,1,0
BRDA:69,19,0,0
BRDA:69,19,1,0
BRF:40
BRH:11
end_of_record
TN:
SF:frontend/utilities/strings/index.ts
FNF:0
FNH:0
LF:0
LH:0
BRF:0
BRH:0
end_of_record
TN:
SF:frontend/utilities/strings/stringUtils.ts
FN:7,(anonymous_0)
FN:8,(anonymous_1)
FN:11,(anonymous_2)
FN:18,(anonymous_3)
FN:34,(anonymous_4)
FN:35,(anonymous_5)
FN:68,(anonymous_6)
FN:77,(anonymous_7)
FN:81,(anonymous_8)
FN:91,(anonymous_9)
FN:101,(anonymous_10)
FNF:11
FNH:7
FNDA:0,(anonymous_0)
FNDA:0,(anonymous_1)
FNDA:0,(anonymous_2)
FNDA:0,(anonymous_3)
FNDA:8,(anonymous_4)
FNDA:19,(anonymous_5)
FNDA:11,(anonymous_6)
FNDA:17,(anonymous_7)
FNDA:4,(anonymous_8)
FNDA:14,(anonymous_9)
FNDA:16,(anonymous_10)
DA:7,169
DA:8,0
DA:11,169
DA:12,0
DA:13,0
DA:15,0
DA:16,0
DA:18,0
DA:21,169
DA:34,169
DA:35,8
DA:36,19
DA:37,15
DA:38,15
DA:40,5
DA:42,10
DA:44,4
DA:47,8
DA:68,169
DA:74,11
DA:77,169
DA:78,17
DA:81,169
DA:83,4
DA:87,4
DA:88,4
DA:91,169
DA:92,14
DA:93,14
DA:101,169
DA:102,16
LF:31
LH:25
BRDA:12,0,0,0
BRDA:12,0,1,0
BRDA:15,1,0,0
BRDA:15,1,1,0
BRDA:36,2,0,15
BRDA:36,2,1,4
BRDA:38,3,0,5
BRDA:38,3,1,10
BRDA:71,4,0,7
BRDA:72,5,0,7
BRDA:74,6,0,9
BRDA:74,6,1,2
BRDA:78,7,0,2
BRDA:78,7,1,15
BRDA:88,8,0,2
BRDA:88,8,1,2
BRF:16
BRH:12
end_of_record
TN:
SF:frontend/utilities/url/index.ts
FN:55,(anonymous_0)
FN:60,(anonymous_1)
FN:79,(anonymous_2)
FN:88,(anonymous_3)
FN:91,(anonymous_4)
FN:101,(anonymous_5)
FN:121,(anonymous_6)
FN:133,(anonymous_7)
FN:174,(anonymous_8)
FN:203,(anonymous_9)
FN:298,(anonymous_10)
FN:301,(anonymous_11)
FN:308,(anonymous_12)
FN:311,(anonymous_13)
FN:323,(anonymous_14)
FN:328,(anonymous_15)
FNF:16
FNH:9
FNDA:12,(anonymous_0)
FNDA:0,(anonymous_1)
FNDA:593,(anonymous_2)
FNDA:398,(anonymous_3)
FNDA:867,(anonymous_4)
FNDA:398,(anonymous_5)
FNDA:235,(anonymous_6)
FNDA:0,(anonymous_7)
FNDA:7,(anonymous_8)
FNDA:0,(anonymous_9)
FNDA:0,(anonymous_10)
FNDA:0,(anonymous_11)
FNDA:0,(anonymous_12)
FNDA:0,(anonymous_13)
FNDA:10,(anonymous_14)
FNDA:30,(anonymous_15)
DA:55,170
DA:60,12
DA:61,0
DA:62,0
DA:64,0
DA:67,12
DA:68,0
DA:70,12
DA:71,0
DA:72,0
DA:76,12
DA:79,170
DA:84,593
DA:85,593
DA:88,170
DA:89,398
DA:91,867
DA:101,170
DA:102,398
DA:104,398
DA:105,398
DA:106,389
DA:112,398
DA:121,170
DA:125,235
DA:126,2
DA:129,233
DA:130,233
DA:133,170
DA:147,0
DA:152,0
DA:159,0
DA:160,0
DA:163,0
DA:164,0
DA:167,0
DA:168,0
DA:171,0
DA:174,170
DA:180,7
DA:182,7
DA:184,2
DA:187,5
DA:190,3
DA:191,3
DA:193,5
DA:196,0
DA:197,0
DA:200,5
DA:203,170
DA:228,0
DA:231,0
DA:232,0
DA:234,0
DA:235,0
DA:237,0
DA:238,0
DA:240,0
DA:243,0
DA:245,0
DA:247,0
DA:249,0
DA:251,0
DA:256,0
DA:264,0
DA:266,0
DA:268,0
DA:270,0
DA:272,0
DA:274,0
DA:276,0
DA:278,0
DA:280,0
DA:282,0
DA:287,0
DA:292,0
DA:296,170
DA:298,170
DA:299,0
DA:301,0
DA:302,0
DA:304,0
DA:305,0
DA:308,170
DA:309,0
DA:311,0
DA:312,0
DA:314,0
DA:323,170
DA:326,10
DA:329,30
DA:330,30
LF:92
LH:40
BRDA:61,0,0,0
BRDA:61,0,1,0
BRDA:61,1,0,0
BRDA:61,1,1,0
BRDA:62,2,0,0
BRDA:62,2,1,0
BRDA:67,3,0,0
BRDA:67,3,1,12
BRDA:68,4,0,0
BRDA:68,4,1,0
BRDA:70,5,0,0
BRDA:70,5,1,12
BRDA:72,6,0,0
BRDA:72,6,1,0
BRDA:72,7,0,0
BRDA:72,7,1,0
BRDA:84,8,0,593
BRDA:84,8,1,593
BRDA:91,9,0,867
BRDA:91,9,1,679
BRDA:91,9,2,611
BRDA:105,10,0,389
BRDA:105,10,1,9
BRDA:125,11,0,2
BRDA:125,11,1,233
BRDA:130,12,0,155
BRDA:130,12,1,78
BRDA:147,13,0,0
BRDA:147,13,1,0
BRDA:148,14,0,0
BRDA:148,14,1,0
BRDA:148,14,2,0
BRDA:159,15,0,0
BRDA:159,15,1,0
BRDA:163,16,0,0
BRDA:163,16,1,0
BRDA:167,17,0,0
BRDA:167,17,1,0
BRDA:182,18,0,2
BRDA:182,18,1,5
BRDA:187,19,0,3
BRDA:187,19,1,2
BRDA:191,20,0,3
BRDA:191,20,1,1
BRDA:193,21,0,0
BRDA:193,21,1,5
BRDA:197,22,0,0
BRDA:197,22,1,0
BRDA:228,23,0,0
BRDA:228,23,1,0
BRDA:231,24,0,0
BRDA:231,24,1,0
BRDA:234,25,0,0
BRDA:234,25,1,0
BRDA:237,26,0,0
BRDA:237,26,1,0
BRDA:243,27,0,0
BRDA:243,27,1,0
BRDA:243,27,2,0
BRDA:243,27,3,0
BRDA:243,27,4,0
BRDA:243,27,5,0
BRDA:243,27,6,0
BRDA:243,27,7,0
BRDA:243,27,8,0
BRDA:243,27,9,0
BRDA:243,27,10,0
BRDA:243,27,11,0
BRDA:243,27,12,0
BRDA:243,27,13,0
BRDA:243,27,14,0
BRDA:243,27,15,0
BRDA:243,27,16,0
BRDA:252,28,0,0
BRDA:252,28,1,0
BRDA:252,28,2,0
BRDA:252,28,3,0
BRDA:269,29,0,0
BRDA:269,29,1,0
BRDA:299,30,0,0
BRDA:299,30,1,0
BRDA:302,31,0,0
BRDA:302,31,1,0
BRDA:305,32,0,0
BRDA:305,32,1,0
BRDA:309,33,0,0
BRDA:309,33,1,0
BRDA:312,34,0,0
BRDA:312,34,1,0
BRF:89
BRH:20
end_of_record
